<?xml version="1.0"?>
<!DOCTYPE coverage SYSTEM "http://cobertura.sourceforge.net/xml/coverage-04.dtd">

<coverage line-rate="1.0" branch-rate="0.9615384615384616" lines-covered="40" lines-valid="40" branches-covered="50" branches-valid="52" complexity="3.357142857142857" version="2.0.3" timestamp="1747476056418">
	<sources>
		<source>src/main/java</source>
	</sources>
	<packages>
		<package name="org.apache.commons.csv" line-rate="1.0" branch-rate="0.9615384615384616" complexity="3.357142857142857">
			<classes>
				<class name="org.apache.commons.csv.Lexer" filename="org/apache/commons/csv/Lexer.java" line-rate="1.0" branch-rate="0.9615384615384616" complexity="3.357142857142857">
					<methods>
						<method name="&lt;init&gt;" signature="(Lorg/apache/commons/csv/CSVFormat;Lorg/apache/commons/csv/ExtendedBufferedReader;)V" line-rate="1.0" branch-rate="1.0">
							<lines>
								<line number="57" hits="20" branch="false"/>
								<line number="58" hits="20" branch="false"/>
								<line number="59" hits="20" branch="false"/>
								<line number="60" hits="20" branch="false"/>
								<line number="61" hits="20" branch="false"/>
								<line number="62" hits="20" branch="false"/>
								<line number="63" hits="20" branch="false"/>
								<line number="64" hits="20" branch="false"/>
								<line number="65" hits="20" branch="false"/>
								<line number="66" hits="20" branch="false"/>
							</lines>
						</method>
						<method name="getLineNumber" signature="()J" line-rate="1.0" branch-rate="1.0">
							<lines>
								<line number="73" hits="1" branch="false"/>
							</lines>
						</method>
						<method name="isCommentStart" signature="(I)Z" line-rate="1.0" branch-rate="1.0">
							<lines>
								<line number="182" hits="7" branch="true" condition-coverage="100% (2/2)">
									<conditions>
										<condition number="0" type="jump" coverage="100%"/>
									</conditions>
								</line>
							</lines>
						</method>
						<method name="isDelimiter" signature="(I)Z" line-rate="1.0" branch-rate="1.0">
							<lines>
								<line number="170" hits="51" branch="true" condition-coverage="100% (2/2)">
									<conditions>
										<condition number="0" type="jump" coverage="100%"/>
									</conditions>
								</line>
							</lines>
						</method>
						<method name="isEndOfFile" signature="(I)Z" line-rate="1.0" branch-rate="1.0">
							<lines>
								<line number="166" hits="49" branch="true" condition-coverage="100% (2/2)">
									<conditions>
										<condition number="0" type="jump" coverage="100%"/>
									</conditions>
								</line>
							</lines>
						</method>
						<method name="isEscape" signature="(I)Z" line-rate="1.0" branch-rate="1.0">
							<lines>
								<line number="174" hits="44" branch="true" condition-coverage="100% (2/2)">
									<conditions>
										<condition number="0" type="jump" coverage="100%"/>
									</conditions>
								</line>
							</lines>
						</method>
						<method name="isQuoteChar" signature="(I)Z" line-rate="1.0" branch-rate="1.0">
							<lines>
								<line number="178" hits="7" branch="true" condition-coverage="100% (2/2)">
									<conditions>
										<condition number="0" type="jump" coverage="100%"/>
									</conditions>
								</line>
							</lines>
						</method>
						<method name="isStartOfLine" signature="(I)Z" line-rate="1.0" branch-rate="1.0">
							<lines>
								<line number="159" hits="5" branch="true" condition-coverage="100% (6/6)">
									<conditions>
										<condition number="0" type="jump" coverage="100%"/>
										<condition number="1" type="jump" coverage="100%"/>
										<condition number="2" type="jump" coverage="100%"/>
									</conditions>
								</line>
							</lines>
						</method>
						<method name="isWhitespace" signature="(I)Z" line-rate="1.0" branch-rate="1.0">
							<lines>
								<line number="149" hits="4" branch="true" condition-coverage="100% (4/4)">
									<conditions>
										<condition number="0" type="jump" coverage="100%"/>
										<condition number="1" type="jump" coverage="100%"/>
									</conditions>
								</line>
							</lines>
						</method>
						<method name="mapNullToDisabled" signature="(Ljava/lang/Character;)C" line-rate="1.0" branch-rate="1.0">
							<lines>
								<line number="69" hits="60" branch="true" condition-coverage="100% (2/2)">
									<conditions>
										<condition number="0" type="jump" coverage="100%"/>
									</conditions>
								</line>
							</lines>
						</method>
						<method name="readEndOfLine" signature="(I)Z" line-rate="1.0" branch-rate="1.0">
							<lines>
								<line number="136" hits="45" branch="true" condition-coverage="100% (4/4)">
									<conditions>
										<condition number="0" type="jump" coverage="100%"/>
										<condition number="1" type="jump" coverage="100%"/>
									</conditions>
								</line>
								<line number="138" hits="1" branch="false"/>
								<line number="140" hits="45" branch="true" condition-coverage="100% (4/4)">
									<conditions>
										<condition number="0" type="jump" coverage="100%"/>
										<condition number="1" type="jump" coverage="100%"/>
									</conditions>
								</line>
							</lines>
						</method>
						<method name="readEscape" signature="()I" line-rate="1.0" branch-rate="0.875">
							<lines>
								<line number="89" hits="14" branch="false"/>
								<line number="90" hits="14" branch="true" condition-coverage="100% (8/8)">
									<conditions>
										<condition number="0" type="switch" coverage="100%"/>
									</conditions>
								</line>
								<line number="92" hits="1" branch="false"/>
								<line number="94" hits="1" branch="false"/>
								<line number="96" hits="1" branch="false"/>
								<line number="98" hits="1" branch="false"/>
								<line number="100" hits="1" branch="false"/>
								<line number="106" hits="2" branch="false"/>
								<line number="108" hits="1" branch="false"/>
								<line number="111" hits="6" branch="true" condition-coverage="75% (6/8)">
									<conditions>
										<condition number="0" type="jump" coverage="100%"/>
										<condition number="1" type="jump" coverage="50%"/>
										<condition number="2" type="jump" coverage="100%"/>
										<condition number="3" type="jump" coverage="50%"/>
									</conditions>
								</line>
								<line number="112" hits="2" branch="false"/>
								<line number="115" hits="4" branch="false"/>
							</lines>
						</method>
						<method name="trimTrailingSpaces" signature="(Ljava/lang/StringBuilder;)V" line-rate="1.0" branch-rate="1.0">
							<lines>
								<line number="120" hits="3" branch="false"/>
								<line number="121" hits="4" branch="true" condition-coverage="100% (4/4)">
									<conditions>
										<condition number="0" type="jump" coverage="100%"/>
										<condition number="1" type="jump" coverage="100%"/>
									</conditions>
								</line>
								<line number="122" hits="1" branch="false"/>
								<line number="124" hits="3" branch="true" condition-coverage="100% (2/2)">
									<conditions>
										<condition number="0" type="jump" coverage="100%"/>
									</conditions>
								</line>
								<line number="125" hits="1" branch="false"/>
								<line number="127" hits="3" branch="false"/>
							</lines>
						</method>
					</methods>
					<lines>
						<line number="57" hits="20" branch="false"/>
						<line number="58" hits="20" branch="false"/>
						<line number="59" hits="20" branch="false"/>
						<line number="60" hits="20" branch="false"/>
						<line number="61" hits="20" branch="false"/>
						<line number="62" hits="20" branch="false"/>
						<line number="63" hits="20" branch="false"/>
						<line number="64" hits="20" branch="false"/>
						<line number="65" hits="20" branch="false"/>
						<line number="66" hits="20" branch="false"/>
						<line number="69" hits="60" branch="true" condition-coverage="100% (2/2)">
							<conditions>
								<condition number="0" type="jump" coverage="100%"/>
							</conditions>
						</line>
						<line number="73" hits="1" branch="false"/>
						<line number="89" hits="14" branch="false"/>
						<line number="90" hits="14" branch="true" condition-coverage="100% (8/8)">
							<conditions>
								<condition number="0" type="switch" coverage="100%"/>
							</conditions>
						</line>
						<line number="92" hits="1" branch="false"/>
						<line number="94" hits="1" branch="false"/>
						<line number="96" hits="1" branch="false"/>
						<line number="98" hits="1" branch="false"/>
						<line number="100" hits="1" branch="false"/>
						<line number="106" hits="2" branch="false"/>
						<line number="108" hits="1" branch="false"/>
						<line number="111" hits="6" branch="true" condition-coverage="75% (6/8)">
							<conditions>
								<condition number="0" type="jump" coverage="100%"/>
								<condition number="1" type="jump" coverage="50%"/>
								<condition number="2" type="jump" coverage="100%"/>
								<condition number="3" type="jump" coverage="50%"/>
							</conditions>
						</line>
						<line number="112" hits="2" branch="false"/>
						<line number="115" hits="4" branch="false"/>
						<line number="120" hits="3" branch="false"/>
						<line number="121" hits="4" branch="true" condition-coverage="100% (4/4)">
							<conditions>
								<condition number="0" type="jump" coverage="100%"/>
								<condition number="1" type="jump" coverage="100%"/>
							</conditions>
						</line>
						<line number="122" hits="1" branch="false"/>
						<line number="124" hits="3" branch="true" condition-coverage="100% (2/2)">
							<conditions>
								<condition number="0" type="jump" coverage="100%"/>
							</conditions>
						</line>
						<line number="125" hits="1" branch="false"/>
						<line number="127" hits="3" branch="false"/>
						<line number="136" hits="45" branch="true" condition-coverage="100% (4/4)">
							<conditions>
								<condition number="0" type="jump" coverage="100%"/>
								<condition number="1" type="jump" coverage="100%"/>
							</conditions>
						</line>
						<line number="138" hits="1" branch="false"/>
						<line number="140" hits="45" branch="true" condition-coverage="100% (4/4)">
							<conditions>
								<condition number="0" type="jump" coverage="100%"/>
								<condition number="1" type="jump" coverage="100%"/>
							</conditions>
						</line>
						<line number="149" hits="4" branch="true" condition-coverage="100% (4/4)">
							<conditions>
								<condition number="0" type="jump" coverage="100%"/>
								<condition number="1" type="jump" coverage="100%"/>
							</conditions>
						</line>
						<line number="159" hits="5" branch="true" condition-coverage="100% (6/6)">
							<conditions>
								<condition number="0" type="jump" coverage="100%"/>
								<condition number="1" type="jump" coverage="100%"/>
								<condition number="2" type="jump" coverage="100%"/>
							</conditions>
						</line>
						<line number="166" hits="49" branch="true" condition-coverage="100% (2/2)">
							<conditions>
								<condition number="0" type="jump" coverage="100%"/>
							</conditions>
						</line>
						<line number="170" hits="51" branch="true" condition-coverage="100% (2/2)">
							<conditions>
								<condition number="0" type="jump" coverage="100%"/>
							</conditions>
						</line>
						<line number="174" hits="44" branch="true" condition-coverage="100% (2/2)">
							<conditions>
								<condition number="0" type="jump" coverage="100%"/>
							</conditions>
						</line>
						<line number="178" hits="7" branch="true" condition-coverage="100% (2/2)">
							<conditions>
								<condition number="0" type="jump" coverage="100%"/>
							</conditions>
						</line>
						<line number="182" hits="7" branch="true" condition-coverage="100% (2/2)">
							<conditions>
								<condition number="0" type="jump" coverage="100%"/>
							</conditions>
						</line>
					</lines>
				</class>
			</classes>
		</package>
	</packages>
</coverage>
