<?xml version="1.0"?>
<!DOCTYPE coverage SYSTEM "http://cobertura.sourceforge.net/xml/coverage-04.dtd">

<coverage line-rate="0.9347826086956522" branch-rate="0.8636363636363636" lines-covered="43" lines-valid="46" branches-covered="19" branches-valid="22" complexity="2.5384615384615383" version="2.0.3" timestamp="1747476637228">
	<sources>
		<source>src/main/java</source>
	</sources>
	<packages>
		<package name="org.apache.commons.math3.genetics" line-rate="0.9347826086956522" branch-rate="0.8636363636363636" complexity="2.5384615384615383">
			<classes>
				<class name="org.apache.commons.math3.genetics.ListPopulation" filename="org/apache/commons/math3/genetics/ListPopulation.java" line-rate="0.9347826086956522" branch-rate="0.8636363636363636" complexity="2.5384615384615383">
					<methods>
						<method name="&lt;init&gt;" signature="(I)V" line-rate="1.0" branch-rate="1.0">
							<lines>
								<line number="52" hits="9" branch="false"/>
								<line number="53" hits="8" branch="false"/>
							</lines>
						</method>
						<method name="&lt;init&gt;" signature="(Ljava/util/List;I)V" line-rate="1.0" branch-rate="1.0">
							<lines>
								<line number="64" hits="17" branch="false"/>
								<line number="65" hits="17" branch="true" condition-coverage="100% (2/2)">
									<conditions>
										<condition number="0" type="jump" coverage="100%"/>
									</conditions>
								</line>
								<line number="66" hits="1" branch="false"/>
								<line number="68" hits="16" branch="true" condition-coverage="100% (2/2)">
									<conditions>
										<condition number="0" type="jump" coverage="100%"/>
									</conditions>
								</line>
								<line number="69" hits="1" branch="false"/>
								<line number="71" hits="15" branch="true" condition-coverage="100% (2/2)">
									<conditions>
										<condition number="0" type="jump" coverage="100%"/>
									</conditions>
								</line>
								<line number="72" hits="1" branch="false"/>
								<line number="75" hits="14" branch="false"/>
								<line number="76" hits="14" branch="false"/>
								<line number="77" hits="14" branch="false"/>
								<line number="78" hits="14" branch="false"/>
							</lines>
						</method>
						<method name="addChromosome" signature="(Lorg/apache/commons/math3/genetics/Chromosome;)V" line-rate="1.0" branch-rate="1.0">
							<lines>
								<line number="138" hits="5" branch="true" condition-coverage="100% (2/2)">
									<conditions>
										<condition number="0" type="jump" coverage="100%"/>
									</conditions>
								</line>
								<line number="139" hits="1" branch="false"/>
								<line number="142" hits="4" branch="false"/>
								<line number="143" hits="4" branch="false"/>
							</lines>
						</method>
						<method name="addChromosomes" signature="(Ljava/util/Collection;)V" line-rate="1.0" branch-rate="1.0">
							<lines>
								<line number="108" hits="3" branch="true" condition-coverage="100% (2/2)">
									<conditions>
										<condition number="0" type="jump" coverage="100%"/>
									</conditions>
								</line>
								<line number="109" hits="1" branch="false"/>
								<line number="112" hits="2" branch="false"/>
								<line number="113" hits="2" branch="false"/>
							</lines>
						</method>
						<method name="getChromosomeList" signature="()Ljava/util/List;" line-rate="1.0" branch-rate="1.0">
							<lines>
								<line number="128" hits="3" branch="false"/>
							</lines>
						</method>
						<method name="getChromosomes" signature="()Ljava/util/List;" line-rate="1.0" branch-rate="1.0">
							<lines>
								<line number="120" hits="1" branch="false"/>
							</lines>
						</method>
						<method name="getFittestChromosome" signature="()Lorg/apache/commons/math3/genetics/Chromosome;" line-rate="0.5" branch-rate="0.25">
							<lines>
								<line number="151" hits="1" branch="false"/>
								<line number="152" hits="1" branch="true" condition-coverage="50% (1/2)">
									<conditions>
										<condition number="0" type="jump" coverage="50%"/>
									</conditions>
								</line>
								<line number="153" hits="1" branch="true" condition-coverage="0% (0/2)">
									<conditions>
										<condition number="0" type="jump" coverage="0%"/>
									</conditions>
								</line>
								<line number="155" hits="0" branch="false"/>
								<line number="157" hits="0" branch="false"/>
								<line number="158" hits="0" branch="false"/>
							</lines>
						</method>
						<method name="getPopulationLimit" signature="()I" line-rate="1.0" branch-rate="1.0">
							<lines>
								<line number="166" hits="7" branch="false"/>
							</lines>
						</method>
						<method name="getPopulationSize" signature="()I" line-rate="1.0" branch-rate="1.0">
							<lines>
								<line number="191" hits="1" branch="false"/>
							</lines>
						</method>
						<method name="iterator" signature="()Ljava/util/Iterator;" line-rate="1.0" branch-rate="1.0">
							<lines>
								<line number="209" hits="1" branch="false"/>
							</lines>
						</method>
						<method name="setChromosomes" signature="(Ljava/util/List;)V" line-rate="1.0" branch-rate="1.0">
							<lines>
								<line number="90" hits="3" branch="true" condition-coverage="100% (2/2)">
									<conditions>
										<condition number="0" type="jump" coverage="100%"/>
									</conditions>
								</line>
								<line number="91" hits="1" branch="false"/>
								<line number="93" hits="2" branch="true" condition-coverage="100% (2/2)">
									<conditions>
										<condition number="0" type="jump" coverage="100%"/>
									</conditions>
								</line>
								<line number="94" hits="1" branch="false"/>
								<line number="97" hits="1" branch="false"/>
								<line number="98" hits="1" branch="false"/>
								<line number="99" hits="1" branch="false"/>
							</lines>
						</method>
						<method name="setPopulationLimit" signature="(I)V" line-rate="1.0" branch-rate="1.0">
							<lines>
								<line number="177" hits="3" branch="true" condition-coverage="100% (2/2)">
									<conditions>
										<condition number="0" type="jump" coverage="100%"/>
									</conditions>
								</line>
								<line number="178" hits="1" branch="false"/>
								<line number="180" hits="2" branch="true" condition-coverage="100% (2/2)">
									<conditions>
										<condition number="0" type="jump" coverage="100%"/>
									</conditions>
								</line>
								<line number="181" hits="1" branch="false"/>
								<line number="183" hits="1" branch="false"/>
								<line number="184" hits="1" branch="false"/>
							</lines>
						</method>
						<method name="toString" signature="()Ljava/lang/String;" line-rate="1.0" branch-rate="1.0">
							<lines>
								<line number="199" hits="1" branch="false"/>
							</lines>
						</method>
					</methods>
					<lines>
						<line number="52" hits="9" branch="false"/>
						<line number="53" hits="8" branch="false"/>
						<line number="64" hits="17" branch="false"/>
						<line number="65" hits="17" branch="true" condition-coverage="100% (2/2)">
							<conditions>
								<condition number="0" type="jump" coverage="100%"/>
							</conditions>
						</line>
						<line number="66" hits="1" branch="false"/>
						<line number="68" hits="16" branch="true" condition-coverage="100% (2/2)">
							<conditions>
								<condition number="0" type="jump" coverage="100%"/>
							</conditions>
						</line>
						<line number="69" hits="1" branch="false"/>
						<line number="71" hits="15" branch="true" condition-coverage="100% (2/2)">
							<conditions>
								<condition number="0" type="jump" coverage="100%"/>
							</conditions>
						</line>
						<line number="72" hits="1" branch="false"/>
						<line number="75" hits="14" branch="false"/>
						<line number="76" hits="14" branch="false"/>
						<line number="77" hits="14" branch="false"/>
						<line number="78" hits="14" branch="false"/>
						<line number="90" hits="3" branch="true" condition-coverage="100% (2/2)">
							<conditions>
								<condition number="0" type="jump" coverage="100%"/>
							</conditions>
						</line>
						<line number="91" hits="1" branch="false"/>
						<line number="93" hits="2" branch="true" condition-coverage="100% (2/2)">
							<conditions>
								<condition number="0" type="jump" coverage="100%"/>
							</conditions>
						</line>
						<line number="94" hits="1" branch="false"/>
						<line number="97" hits="1" branch="false"/>
						<line number="98" hits="1" branch="false"/>
						<line number="99" hits="1" branch="false"/>
						<line number="108" hits="3" branch="true" condition-coverage="100% (2/2)">
							<conditions>
								<condition number="0" type="jump" coverage="100%"/>
							</conditions>
						</line>
						<line number="109" hits="1" branch="false"/>
						<line number="112" hits="2" branch="false"/>
						<line number="113" hits="2" branch="false"/>
						<line number="120" hits="1" branch="false"/>
						<line number="128" hits="3" branch="false"/>
						<line number="138" hits="5" branch="true" condition-coverage="100% (2/2)">
							<conditions>
								<condition number="0" type="jump" coverage="100%"/>
							</conditions>
						</line>
						<line number="139" hits="1" branch="false"/>
						<line number="142" hits="4" branch="false"/>
						<line number="143" hits="4" branch="false"/>
						<line number="151" hits="1" branch="false"/>
						<line number="152" hits="1" branch="true" condition-coverage="50% (1/2)">
							<conditions>
								<condition number="0" type="jump" coverage="50%"/>
							</conditions>
						</line>
						<line number="153" hits="1" branch="true" condition-coverage="0% (0/2)">
							<conditions>
								<condition number="0" type="jump" coverage="0%"/>
							</conditions>
						</line>
						<line number="155" hits="0" branch="false"/>
						<line number="157" hits="0" branch="false"/>
						<line number="158" hits="0" branch="false"/>
						<line number="166" hits="7" branch="false"/>
						<line number="177" hits="3" branch="true" condition-coverage="100% (2/2)">
							<conditions>
								<condition number="0" type="jump" coverage="100%"/>
							</conditions>
						</line>
						<line number="178" hits="1" branch="false"/>
						<line number="180" hits="2" branch="true" condition-coverage="100% (2/2)">
							<conditions>
								<condition number="0" type="jump" coverage="100%"/>
							</conditions>
						</line>
						<line number="181" hits="1" branch="false"/>
						<line number="183" hits="1" branch="false"/>
						<line number="184" hits="1" branch="false"/>
						<line number="191" hits="1" branch="false"/>
						<line number="199" hits="1" branch="false"/>
						<line number="209" hits="1" branch="false"/>
					</lines>
				</class>
			</classes>
		</package>
	</packages>
</coverage>
