<?xml version="1.0"?>
<!DOCTYPE coverage SYSTEM "http://cobertura.sourceforge.net/xml/coverage-04.dtd">

<coverage line-rate="0.1569767441860465" branch-rate="0.14912280701754385" lines-covered="27" lines-valid="172" branches-covered="17" branches-valid="114" complexity="4.217391304347826" version="2.0.3" timestamp="1747571012064">
	<sources>
		<source>src/main/java</source>
	</sources>
	<packages>
		<package name="org.apache.commons.compress.archivers.tar" line-rate="0.1569767441860465" branch-rate="0.14912280701754385" complexity="4.217391304347826">
			<classes>
				<class name="org.apache.commons.compress.archivers.tar.TarUtils" filename="org/apache/commons/compress/archivers/tar/TarUtils.java" line-rate="0.16560509554140126" branch-rate="0.1574074074074074" complexity="4.217391304347826">
					<methods>
						<method name="&lt;clinit&gt;" signature="()V" line-rate="1.0" branch-rate="1.0">
							<lines>
								<line number="40" hits="1" branch="false"/>
								<line number="47" hits="1" branch="false"/>
							</lines>
						</method>
						<method name="&lt;init&gt;" signature="()V" line-rate="0.0" branch-rate="1.0">
							<lines>
								<line number="78" hits="0" branch="false"/>
								<line number="79" hits="0" branch="false"/>
							</lines>
						</method>
						<method name="computeCheckSum" signature="([B)J" line-rate="0.0" branch-rate="0.0">
							<lines>
								<line number="558" hits="0" branch="false"/>
								<line number="560" hits="0" branch="true" condition-coverage="0% (0/2)">
									<conditions>
										<condition number="0" type="jump" coverage="0%"/>
									</conditions>
								</line>
								<line number="561" hits="0" branch="false"/>
								<line number="564" hits="0" branch="false"/>
							</lines>
						</method>
						<method name="exceptionMessage" signature="([BIIIB)Ljava/lang/String;" line-rate="1.0" branch-rate="1.0">
							<lines>
								<line number="243" hits="1" branch="false"/>
								<line number="245" hits="1" branch="false"/>
								<line number="246" hits="1" branch="false"/>
								<line number="247" hits="1" branch="false"/>
							</lines>
						</method>
						<method name="formatBigIntegerBinary" signature="(J[BIIZ)V" line-rate="0.0" branch-rate="0.0">
							<lines>
								<line number="515" hits="0" branch="false"/>
								<line number="516" hits="0" branch="false"/>
								<line number="517" hits="0" branch="false"/>
								<line number="518" hits="0" branch="false"/>
								<line number="519" hits="0" branch="false"/>
								<line number="520" hits="0" branch="true" condition-coverage="0% (0/2)">
									<conditions>
										<condition number="0" type="jump" coverage="0%"/>
									</conditions>
								</line>
								<line number="521" hits="0" branch="true" condition-coverage="0% (0/2)">
									<conditions>
										<condition number="0" type="jump" coverage="0%"/>
									</conditions>
								</line>
								<line number="522" hits="0" branch="false"/>
								<line number="524" hits="0" branch="false"/>
							</lines>
						</method>
						<method name="formatCheckSumOctalBytes" signature="(J[BII)I" line-rate="0.0" branch-rate="1.0">
							<lines>
								<line number="542" hits="0" branch="false"/>
								<line number="543" hits="0" branch="false"/>
								<line number="545" hits="0" branch="false"/>
								<line number="546" hits="0" branch="false"/>
								<line number="548" hits="0" branch="false"/>
							</lines>
						</method>
						<method name="formatLongBinary" signature="(J[BIIZ)V" line-rate="0.0" branch-rate="0.0">
							<lines>
								<line number="493" hits="0" branch="false"/>
								<line number="494" hits="0" branch="false"/>
								<line number="495" hits="0" branch="false"/>
								<line number="496" hits="0" branch="true" condition-coverage="0% (0/2)">
									<conditions>
										<condition number="0" type="jump" coverage="0%"/>
									</conditions>
								</line>
								<line number="497" hits="0" branch="false"/>
								<line number="500" hits="0" branch="true" condition-coverage="0% (0/2)">
									<conditions>
										<condition number="0" type="jump" coverage="0%"/>
									</conditions>
								</line>
								<line number="501" hits="0" branch="false"/>
								<line number="502" hits="0" branch="false"/>
								<line number="503" hits="0" branch="false"/>
								<line number="505" hits="0" branch="true" condition-coverage="0% (0/2)">
									<conditions>
										<condition number="0" type="jump" coverage="0%"/>
									</conditions>
								</line>
								<line number="506" hits="0" branch="false"/>
								<line number="507" hits="0" branch="false"/>
								<line number="509" hits="0" branch="false"/>
							</lines>
						</method>
						<method name="formatLongOctalBytes" signature="(J[BII)I" line-rate="0.0" branch-rate="1.0">
							<lines>
								<line number="445" hits="0" branch="false"/>
								<line number="447" hits="0" branch="false"/>
								<line number="448" hits="0" branch="false"/>
								<line number="450" hits="0" branch="false"/>
							</lines>
						</method>
						<method name="formatLongOctalOrBinaryBytes" signature="(J[BII)I" line-rate="0.0" branch-rate="0.0">
							<lines>
								<line number="474" hits="0" branch="true" condition-coverage="0% (0/2)">
									<conditions>
										<condition number="0" type="jump" coverage="0%"/>
									</conditions>
								</line>
								<line number="476" hits="0" branch="true" condition-coverage="0% (0/2)">
									<conditions>
										<condition number="0" type="jump" coverage="0%"/>
									</conditions>
								</line>
								<line number="477" hits="0" branch="true" condition-coverage="0% (0/4)">
									<conditions>
										<condition number="0" type="jump" coverage="0%"/>
										<condition number="1" type="jump" coverage="0%"/>
									</conditions>
								</line>
								<line number="478" hits="0" branch="false"/>
								<line number="481" hits="0" branch="true" condition-coverage="0% (0/2)">
									<conditions>
										<condition number="0" type="jump" coverage="0%"/>
									</conditions>
								</line>
								<line number="482" hits="0" branch="false"/>
								<line number="484" hits="0" branch="false"/>
								<line number="486" hits="0" branch="true" condition-coverage="0% (0/2)">
									<conditions>
										<condition number="0" type="jump" coverage="0%"/>
									</conditions>
								</line>
								<line number="487" hits="0" branch="false"/>
							</lines>
						</method>
						<method name="formatNameBytes" signature="(Ljava/lang/String;[BII)I" line-rate="0.0" branch-rate="1.0">
							<lines>
								<line number="321" hits="0" branch="false"/>
								<line number="322" hits="0" branch="false"/>
								<line number="324" hits="0" branch="false"/>
								<line number="326" hits="0" branch="false"/>
								<line number="328" hits="0" branch="false"/>
							</lines>
						</method>
						<method name="formatNameBytes" signature="(Ljava/lang/String;[BIILorg/apache/commons/compress/archivers/zip/ZipEncoding;)I" line-rate="0.0" branch-rate="0.0">
							<lines>
								<line number="354" hits="0" branch="false"/>
								<line number="355" hits="0" branch="false"/>
								<line number="356" hits="0" branch="true" condition-coverage="0% (0/4)">
									<conditions>
										<condition number="0" type="jump" coverage="0%"/>
										<condition number="1" type="jump" coverage="0%"/>
									</conditions>
								</line>
								<line number="357" hits="0" branch="false"/>
								<line number="359" hits="0" branch="false"/>
								<line number="360" hits="0" branch="false"/>
								<line number="363" hits="0" branch="true" condition-coverage="0% (0/2)">
									<conditions>
										<condition number="0" type="jump" coverage="0%"/>
									</conditions>
								</line>
								<line number="364" hits="0" branch="false"/>
								<line number="367" hits="0" branch="false"/>
							</lines>
						</method>
						<method name="formatOctalBytes" signature="(J[BII)I" line-rate="0.0" branch-rate="1.0">
							<lines>
								<line number="420" hits="0" branch="false"/>
								<line number="421" hits="0" branch="false"/>
								<line number="423" hits="0" branch="false"/>
								<line number="424" hits="0" branch="false"/>
								<line number="426" hits="0" branch="false"/>
							</lines>
						</method>
						<method name="formatUnsignedOctalString" signature="(J[BII)V" line-rate="0.0" branch-rate="0.0">
							<lines>
								<line number="381" hits="0" branch="false"/>
								<line number="382" hits="0" branch="false"/>
								<line number="383" hits="0" branch="true" condition-coverage="0% (0/2)">
									<conditions>
										<condition number="0" type="jump" coverage="0%"/>
									</conditions>
								</line>
								<line number="384" hits="0" branch="false"/>
								<line number="386" hits="0" branch="false"/>
								<line number="387" hits="0" branch="true" condition-coverage="0% (0/4)">
									<conditions>
										<condition number="0" type="jump" coverage="0%"/>
										<condition number="1" type="jump" coverage="0%"/>
									</conditions>
								</line>
								<line number="389" hits="0" branch="false"/>
								<line number="390" hits="0" branch="false"/>
								<line number="393" hits="0" branch="true" condition-coverage="0% (0/2)">
									<conditions>
										<condition number="0" type="jump" coverage="0%"/>
									</conditions>
								</line>
								<line number="394" hits="0" branch="false"/>
								<line number="399" hits="0" branch="true" condition-coverage="0% (0/2)">
									<conditions>
										<condition number="0" type="jump" coverage="0%"/>
									</conditions>
								</line>
								<line number="400" hits="0" branch="false"/>
								<line number="402" hits="0" branch="false"/>
							</lines>
						</method>
						<method name="parseBinaryBigInteger" signature="([BIIZ)J" line-rate="0.0" branch-rate="0.0">
							<lines>
								<line number="203" hits="0" branch="false"/>
								<line number="204" hits="0" branch="false"/>
								<line number="205" hits="0" branch="false"/>
								<line number="206" hits="0" branch="true" condition-coverage="0% (0/2)">
									<conditions>
										<condition number="0" type="jump" coverage="0%"/>
									</conditions>
								</line>
								<line number="208" hits="0" branch="false"/>
								<line number="210" hits="0" branch="true" condition-coverage="0% (0/2)">
									<conditions>
										<condition number="0" type="jump" coverage="0%"/>
									</conditions>
								</line>
								<line number="211" hits="0" branch="false"/>
								<line number="216" hits="0" branch="true" condition-coverage="0% (0/2)">
									<conditions>
										<condition number="0" type="jump" coverage="0%"/>
									</conditions>
								</line>
							</lines>
						</method>
						<method name="parseBinaryLong" signature="([BIIZ)J" line-rate="0.0" branch-rate="0.0">
							<lines>
								<line number="181" hits="0" branch="true" condition-coverage="0% (0/2)">
									<conditions>
										<condition number="0" type="jump" coverage="0%"/>
									</conditions>
								</line>
								<line number="182" hits="0" branch="false"/>
								<line number="187" hits="0" branch="false"/>
								<line number="188" hits="0" branch="true" condition-coverage="0% (0/2)">
									<conditions>
										<condition number="0" type="jump" coverage="0%"/>
									</conditions>
								</line>
								<line number="189" hits="0" branch="false"/>
								<line number="191" hits="0" branch="true" condition-coverage="0% (0/2)">
									<conditions>
										<condition number="0" type="jump" coverage="0%"/>
									</conditions>
								</line>
								<line number="193" hits="0" branch="false"/>
								<line number="194" hits="0" branch="false"/>
								<line number="196" hits="0" branch="true" condition-coverage="0% (0/2)">
									<conditions>
										<condition number="0" type="jump" coverage="0%"/>
									</conditions>
								</line>
							</lines>
						</method>
						<method name="parseBoolean" signature="([BI)Z" line-rate="0.0" branch-rate="0.0">
							<lines>
								<line number="230" hits="0" branch="true" condition-coverage="0% (0/2)">
									<conditions>
										<condition number="0" type="jump" coverage="0%"/>
									</conditions>
								</line>
							</lines>
						</method>
						<method name="parseName" signature="([BII)Ljava/lang/String;" line-rate="0.0" branch-rate="1.0">
							<lines>
								<line number="262" hits="0" branch="false"/>
								<line number="263" hits="0" branch="false"/>
								<line number="265" hits="0" branch="false"/>
								<line number="266" hits="0" branch="false"/>
								<line number="268" hits="0" branch="false"/>
							</lines>
						</method>
						<method name="parseName" signature="([BIILorg/apache/commons/compress/archivers/zip/ZipEncoding;)Ljava/lang/String;" line-rate="0.0" branch-rate="0.0">
							<lines>
								<line number="290" hits="0" branch="false"/>
								<line number="291" hits="0" branch="true" condition-coverage="0% (0/2)">
									<conditions>
										<condition number="0" type="jump" coverage="0%"/>
									</conditions>
								</line>
								<line number="292" hits="0" branch="true" condition-coverage="0% (0/2)">
									<conditions>
										<condition number="0" type="jump" coverage="0%"/>
									</conditions>
								</line>
								<line number="293" hits="0" branch="false"/>
								<line number="296" hits="0" branch="true" condition-coverage="0% (0/2)">
									<conditions>
										<condition number="0" type="jump" coverage="0%"/>
									</conditions>
								</line>
								<line number="297" hits="0" branch="false"/>
								<line number="298" hits="0" branch="false"/>
								<line number="299" hits="0" branch="false"/>
								<line number="301" hits="0" branch="false"/>
							</lines>
						</method>
						<method name="parseOctal" signature="([BII)J" line-rate="1.0" branch-rate="0.85">
							<lines>
								<line number="103" hits="13" branch="false"/>
								<line number="104" hits="13" branch="false"/>
								<line number="105" hits="13" branch="false"/>
								<line number="107" hits="13" branch="true" condition-coverage="100% (2/2)">
									<conditions>
										<condition number="0" type="jump" coverage="100%"/>
									</conditions>
								</line>
								<line number="108" hits="1" branch="false"/>
								<line number="111" hits="12" branch="true" condition-coverage="100% (2/2)">
									<conditions>
										<condition number="0" type="jump" coverage="100%"/>
									</conditions>
								</line>
								<line number="112" hits="1" branch="false"/>
								<line number="116" hits="25" branch="true" condition-coverage="50% (1/2)">
									<conditions>
										<condition number="0" type="jump" coverage="50%"/>
									</conditions>
								</line>
								<line number="117" hits="25" branch="true" condition-coverage="100% (2/2)">
									<conditions>
										<condition number="0" type="jump" coverage="100%"/>
									</conditions>
								</line>
								<line number="118" hits="14" branch="false"/>
								<line number="128" hits="11" branch="false"/>
								<line number="129" hits="38" branch="true" condition-coverage="83% (5/6)">
									<conditions>
										<condition number="0" type="jump" coverage="50%"/>
										<condition number="1" type="jump" coverage="100%"/>
										<condition number="2" type="jump" coverage="100%"/>
									</conditions>
								</line>
								<line number="130" hits="27" branch="false"/>
								<line number="131" hits="27" branch="false"/>
								<line number="134" hits="87" branch="true" condition-coverage="100% (2/2)">
									<conditions>
										<condition number="0" type="jump" coverage="100%"/>
									</conditions>
								</line>
								<line number="135" hits="39" branch="false"/>
								<line number="137" hits="39" branch="true" condition-coverage="75% (3/4)">
									<conditions>
										<condition number="0" type="jump" coverage="100%"/>
										<condition number="1" type="jump" coverage="50%"/>
									</conditions>
								</line>
								<line number="138" hits="1" branch="false"/>
								<line number="141" hits="38" branch="false"/>
								<line number="145" hits="10" branch="false"/>
							</lines>
						</method>
						<method name="parseOctalOrBinary" signature="([BII)J" line-rate="0.0" branch-rate="0.0">
							<lines>
								<line number="168" hits="0" branch="true" condition-coverage="0% (0/2)">
									<conditions>
										<condition number="0" type="jump" coverage="0%"/>
									</conditions>
								</line>
								<line number="169" hits="0" branch="false"/>
								<line number="171" hits="0" branch="true" condition-coverage="0% (0/2)">
									<conditions>
										<condition number="0" type="jump" coverage="0%"/>
									</conditions>
								</line>
								<line number="172" hits="0" branch="true" condition-coverage="0% (0/2)">
									<conditions>
										<condition number="0" type="jump" coverage="0%"/>
									</conditions>
								</line>
								<line number="173" hits="0" branch="false"/>
								<line number="175" hits="0" branch="false"/>
							</lines>
						</method>
						<method name="verifyCheckSum" signature="([B)Z" line-rate="0.0" branch-rate="0.0">
							<lines>
								<line number="603" hits="0" branch="false"/>
								<line number="604" hits="0" branch="false"/>
								<line number="605" hits="0" branch="false"/>
								<line number="607" hits="0" branch="false"/>
								<line number="608" hits="0" branch="true" condition-coverage="0% (0/2)">
									<conditions>
										<condition number="0" type="jump" coverage="0%"/>
									</conditions>
								</line>
								<line number="609" hits="0" branch="false"/>
								<line number="610" hits="0" branch="true" condition-coverage="0% (0/4)">
									<conditions>
										<condition number="0" type="jump" coverage="0%"/>
										<condition number="1" type="jump" coverage="0%"/>
									</conditions>
								</line>
								<line number="611" hits="0" branch="true" condition-coverage="0% (0/6)">
									<conditions>
										<condition number="0" type="jump" coverage="0%"/>
										<condition number="1" type="jump" coverage="0%"/>
										<condition number="2" type="jump" coverage="0%"/>
									</conditions>
								</line>
								<line number="612" hits="0" branch="false"/>
								<line number="613" hits="0" branch="true" condition-coverage="0% (0/2)">
									<conditions>
										<condition number="0" type="jump" coverage="0%"/>
									</conditions>
								</line>
								<line number="614" hits="0" branch="false"/>
								<line number="616" hits="0" branch="false"/>
								<line number="618" hits="0" branch="false"/>
								<line number="619" hits="0" branch="false"/>
								<line number="622" hits="0" branch="true" condition-coverage="0% (0/6)">
									<conditions>
										<condition number="0" type="jump" coverage="0%"/>
										<condition number="1" type="jump" coverage="0%"/>
										<condition number="2" type="jump" coverage="0%"/>
									</conditions>
								</line>
							</lines>
						</method>
					</methods>
					<lines>
						<line number="40" hits="1" branch="false"/>
						<line number="47" hits="1" branch="false"/>
						<line number="78" hits="0" branch="false"/>
						<line number="79" hits="0" branch="false"/>
						<line number="103" hits="13" branch="false"/>
						<line number="104" hits="13" branch="false"/>
						<line number="105" hits="13" branch="false"/>
						<line number="107" hits="13" branch="true" condition-coverage="100% (2/2)">
							<conditions>
								<condition number="0" type="jump" coverage="100%"/>
							</conditions>
						</line>
						<line number="108" hits="1" branch="false"/>
						<line number="111" hits="12" branch="true" condition-coverage="100% (2/2)">
							<conditions>
								<condition number="0" type="jump" coverage="100%"/>
							</conditions>
						</line>
						<line number="112" hits="1" branch="false"/>
						<line number="116" hits="25" branch="true" condition-coverage="50% (1/2)">
							<conditions>
								<condition number="0" type="jump" coverage="50%"/>
							</conditions>
						</line>
						<line number="117" hits="25" branch="true" condition-coverage="100% (2/2)">
							<conditions>
								<condition number="0" type="jump" coverage="100%"/>
							</conditions>
						</line>
						<line number="118" hits="14" branch="false"/>
						<line number="128" hits="11" branch="false"/>
						<line number="129" hits="38" branch="true" condition-coverage="83% (5/6)">
							<conditions>
								<condition number="0" type="jump" coverage="50%"/>
								<condition number="1" type="jump" coverage="100%"/>
								<condition number="2" type="jump" coverage="100%"/>
							</conditions>
						</line>
						<line number="130" hits="27" branch="false"/>
						<line number="131" hits="27" branch="false"/>
						<line number="134" hits="87" branch="true" condition-coverage="100% (2/2)">
							<conditions>
								<condition number="0" type="jump" coverage="100%"/>
							</conditions>
						</line>
						<line number="135" hits="39" branch="false"/>
						<line number="137" hits="39" branch="true" condition-coverage="75% (3/4)">
							<conditions>
								<condition number="0" type="jump" coverage="100%"/>
								<condition number="1" type="jump" coverage="50%"/>
							</conditions>
						</line>
						<line number="138" hits="1" branch="false"/>
						<line number="141" hits="38" branch="false"/>
						<line number="145" hits="10" branch="false"/>
						<line number="168" hits="0" branch="true" condition-coverage="0% (0/2)">
							<conditions>
								<condition number="0" type="jump" coverage="0%"/>
							</conditions>
						</line>
						<line number="169" hits="0" branch="false"/>
						<line number="171" hits="0" branch="true" condition-coverage="0% (0/2)">
							<conditions>
								<condition number="0" type="jump" coverage="0%"/>
							</conditions>
						</line>
						<line number="172" hits="0" branch="true" condition-coverage="0% (0/2)">
							<conditions>
								<condition number="0" type="jump" coverage="0%"/>
							</conditions>
						</line>
						<line number="173" hits="0" branch="false"/>
						<line number="175" hits="0" branch="false"/>
						<line number="181" hits="0" branch="true" condition-coverage="0% (0/2)">
							<conditions>
								<condition number="0" type="jump" coverage="0%"/>
							</conditions>
						</line>
						<line number="182" hits="0" branch="false"/>
						<line number="187" hits="0" branch="false"/>
						<line number="188" hits="0" branch="true" condition-coverage="0% (0/2)">
							<conditions>
								<condition number="0" type="jump" coverage="0%"/>
							</conditions>
						</line>
						<line number="189" hits="0" branch="false"/>
						<line number="191" hits="0" branch="true" condition-coverage="0% (0/2)">
							<conditions>
								<condition number="0" type="jump" coverage="0%"/>
							</conditions>
						</line>
						<line number="193" hits="0" branch="false"/>
						<line number="194" hits="0" branch="false"/>
						<line number="196" hits="0" branch="true" condition-coverage="0% (0/2)">
							<conditions>
								<condition number="0" type="jump" coverage="0%"/>
							</conditions>
						</line>
						<line number="203" hits="0" branch="false"/>
						<line number="204" hits="0" branch="false"/>
						<line number="205" hits="0" branch="false"/>
						<line number="206" hits="0" branch="true" condition-coverage="0% (0/2)">
							<conditions>
								<condition number="0" type="jump" coverage="0%"/>
							</conditions>
						</line>
						<line number="208" hits="0" branch="false"/>
						<line number="210" hits="0" branch="true" condition-coverage="0% (0/2)">
							<conditions>
								<condition number="0" type="jump" coverage="0%"/>
							</conditions>
						</line>
						<line number="211" hits="0" branch="false"/>
						<line number="216" hits="0" branch="true" condition-coverage="0% (0/2)">
							<conditions>
								<condition number="0" type="jump" coverage="0%"/>
							</conditions>
						</line>
						<line number="230" hits="0" branch="true" condition-coverage="0% (0/2)">
							<conditions>
								<condition number="0" type="jump" coverage="0%"/>
							</conditions>
						</line>
						<line number="243" hits="1" branch="false"/>
						<line number="245" hits="1" branch="false"/>
						<line number="246" hits="1" branch="false"/>
						<line number="247" hits="1" branch="false"/>
						<line number="262" hits="0" branch="false"/>
						<line number="263" hits="0" branch="false"/>
						<line number="265" hits="0" branch="false"/>
						<line number="266" hits="0" branch="false"/>
						<line number="268" hits="0" branch="false"/>
						<line number="290" hits="0" branch="false"/>
						<line number="291" hits="0" branch="true" condition-coverage="0% (0/2)">
							<conditions>
								<condition number="0" type="jump" coverage="0%"/>
							</conditions>
						</line>
						<line number="292" hits="0" branch="true" condition-coverage="0% (0/2)">
							<conditions>
								<condition number="0" type="jump" coverage="0%"/>
							</conditions>
						</line>
						<line number="293" hits="0" branch="false"/>
						<line number="296" hits="0" branch="true" condition-coverage="0% (0/2)">
							<conditions>
								<condition number="0" type="jump" coverage="0%"/>
							</conditions>
						</line>
						<line number="297" hits="0" branch="false"/>
						<line number="298" hits="0" branch="false"/>
						<line number="299" hits="0" branch="false"/>
						<line number="301" hits="0" branch="false"/>
						<line number="321" hits="0" branch="false"/>
						<line number="322" hits="0" branch="false"/>
						<line number="324" hits="0" branch="false"/>
						<line number="326" hits="0" branch="false"/>
						<line number="328" hits="0" branch="false"/>
						<line number="354" hits="0" branch="false"/>
						<line number="355" hits="0" branch="false"/>
						<line number="356" hits="0" branch="true" condition-coverage="0% (0/4)">
							<conditions>
								<condition number="0" type="jump" coverage="0%"/>
								<condition number="1" type="jump" coverage="0%"/>
							</conditions>
						</line>
						<line number="357" hits="0" branch="false"/>
						<line number="359" hits="0" branch="false"/>
						<line number="360" hits="0" branch="false"/>
						<line number="363" hits="0" branch="true" condition-coverage="0% (0/2)">
							<conditions>
								<condition number="0" type="jump" coverage="0%"/>
							</conditions>
						</line>
						<line number="364" hits="0" branch="false"/>
						<line number="367" hits="0" branch="false"/>
						<line number="381" hits="0" branch="false"/>
						<line number="382" hits="0" branch="false"/>
						<line number="383" hits="0" branch="true" condition-coverage="0% (0/2)">
							<conditions>
								<condition number="0" type="jump" coverage="0%"/>
							</conditions>
						</line>
						<line number="384" hits="0" branch="false"/>
						<line number="386" hits="0" branch="false"/>
						<line number="387" hits="0" branch="true" condition-coverage="0% (0/4)">
							<conditions>
								<condition number="0" type="jump" coverage="0%"/>
								<condition number="1" type="jump" coverage="0%"/>
							</conditions>
						</line>
						<line number="389" hits="0" branch="false"/>
						<line number="390" hits="0" branch="false"/>
						<line number="393" hits="0" branch="true" condition-coverage="0% (0/2)">
							<conditions>
								<condition number="0" type="jump" coverage="0%"/>
							</conditions>
						</line>
						<line number="394" hits="0" branch="false"/>
						<line number="399" hits="0" branch="true" condition-coverage="0% (0/2)">
							<conditions>
								<condition number="0" type="jump" coverage="0%"/>
							</conditions>
						</line>
						<line number="400" hits="0" branch="false"/>
						<line number="402" hits="0" branch="false"/>
						<line number="420" hits="0" branch="false"/>
						<line number="421" hits="0" branch="false"/>
						<line number="423" hits="0" branch="false"/>
						<line number="424" hits="0" branch="false"/>
						<line number="426" hits="0" branch="false"/>
						<line number="445" hits="0" branch="false"/>
						<line number="447" hits="0" branch="false"/>
						<line number="448" hits="0" branch="false"/>
						<line number="450" hits="0" branch="false"/>
						<line number="474" hits="0" branch="true" condition-coverage="0% (0/2)">
							<conditions>
								<condition number="0" type="jump" coverage="0%"/>
							</conditions>
						</line>
						<line number="476" hits="0" branch="true" condition-coverage="0% (0/2)">
							<conditions>
								<condition number="0" type="jump" coverage="0%"/>
							</conditions>
						</line>
						<line number="477" hits="0" branch="true" condition-coverage="0% (0/4)">
							<conditions>
								<condition number="0" type="jump" coverage="0%"/>
								<condition number="1" type="jump" coverage="0%"/>
							</conditions>
						</line>
						<line number="478" hits="0" branch="false"/>
						<line number="481" hits="0" branch="true" condition-coverage="0% (0/2)">
							<conditions>
								<condition number="0" type="jump" coverage="0%"/>
							</conditions>
						</line>
						<line number="482" hits="0" branch="false"/>
						<line number="484" hits="0" branch="false"/>
						<line number="486" hits="0" branch="true" condition-coverage="0% (0/2)">
							<conditions>
								<condition number="0" type="jump" coverage="0%"/>
							</conditions>
						</line>
						<line number="487" hits="0" branch="false"/>
						<line number="493" hits="0" branch="false"/>
						<line number="494" hits="0" branch="false"/>
						<line number="495" hits="0" branch="false"/>
						<line number="496" hits="0" branch="true" condition-coverage="0% (0/2)">
							<conditions>
								<condition number="0" type="jump" coverage="0%"/>
							</conditions>
						</line>
						<line number="497" hits="0" branch="false"/>
						<line number="500" hits="0" branch="true" condition-coverage="0% (0/2)">
							<conditions>
								<condition number="0" type="jump" coverage="0%"/>
							</conditions>
						</line>
						<line number="501" hits="0" branch="false"/>
						<line number="502" hits="0" branch="false"/>
						<line number="503" hits="0" branch="false"/>
						<line number="505" hits="0" branch="true" condition-coverage="0% (0/2)">
							<conditions>
								<condition number="0" type="jump" coverage="0%"/>
							</conditions>
						</line>
						<line number="506" hits="0" branch="false"/>
						<line number="507" hits="0" branch="false"/>
						<line number="509" hits="0" branch="false"/>
						<line number="515" hits="0" branch="false"/>
						<line number="516" hits="0" branch="false"/>
						<line number="517" hits="0" branch="false"/>
						<line number="518" hits="0" branch="false"/>
						<line number="519" hits="0" branch="false"/>
						<line number="520" hits="0" branch="true" condition-coverage="0% (0/2)">
							<conditions>
								<condition number="0" type="jump" coverage="0%"/>
							</conditions>
						</line>
						<line number="521" hits="0" branch="true" condition-coverage="0% (0/2)">
							<conditions>
								<condition number="0" type="jump" coverage="0%"/>
							</conditions>
						</line>
						<line number="522" hits="0" branch="false"/>
						<line number="524" hits="0" branch="false"/>
						<line number="542" hits="0" branch="false"/>
						<line number="543" hits="0" branch="false"/>
						<line number="545" hits="0" branch="false"/>
						<line number="546" hits="0" branch="false"/>
						<line number="548" hits="0" branch="false"/>
						<line number="558" hits="0" branch="false"/>
						<line number="560" hits="0" branch="true" condition-coverage="0% (0/2)">
							<conditions>
								<condition number="0" type="jump" coverage="0%"/>
							</conditions>
						</line>
						<line number="561" hits="0" branch="false"/>
						<line number="564" hits="0" branch="false"/>
						<line number="603" hits="0" branch="false"/>
						<line number="604" hits="0" branch="false"/>
						<line number="605" hits="0" branch="false"/>
						<line number="607" hits="0" branch="false"/>
						<line number="608" hits="0" branch="true" condition-coverage="0% (0/2)">
							<conditions>
								<condition number="0" type="jump" coverage="0%"/>
							</conditions>
						</line>
						<line number="609" hits="0" branch="false"/>
						<line number="610" hits="0" branch="true" condition-coverage="0% (0/4)">
							<conditions>
								<condition number="0" type="jump" coverage="0%"/>
								<condition number="1" type="jump" coverage="0%"/>
							</conditions>
						</line>
						<line number="611" hits="0" branch="true" condition-coverage="0% (0/6)">
							<conditions>
								<condition number="0" type="jump" coverage="0%"/>
								<condition number="1" type="jump" coverage="0%"/>
								<condition number="2" type="jump" coverage="0%"/>
							</conditions>
						</line>
						<line number="612" hits="0" branch="false"/>
						<line number="613" hits="0" branch="true" condition-coverage="0% (0/2)">
							<conditions>
								<condition number="0" type="jump" coverage="0%"/>
							</conditions>
						</line>
						<line number="614" hits="0" branch="false"/>
						<line number="616" hits="0" branch="false"/>
						<line number="618" hits="0" branch="false"/>
						<line number="619" hits="0" branch="false"/>
						<line number="622" hits="0" branch="true" condition-coverage="0% (0/6)">
							<conditions>
								<condition number="0" type="jump" coverage="0%"/>
								<condition number="1" type="jump" coverage="0%"/>
								<condition number="2" type="jump" coverage="0%"/>
							</conditions>
						</line>
					</lines>
				</class>
				<class name="org.apache.commons.compress.archivers.tar.TarUtils$1" filename="org/apache/commons/compress/archivers/tar/TarUtils.java" line-rate="0.06666666666666667" branch-rate="0.0" complexity="4.217391304347826">
					<methods>
						<method name="&lt;init&gt;" signature="()V" line-rate="1.0" branch-rate="1.0">
							<lines>
								<line number="47" hits="1" branch="false"/>
							</lines>
						</method>
						<method name="canEncode" signature="(Ljava/lang/String;)Z" line-rate="0.0" branch-rate="1.0">
							<lines>
								<line number="48" hits="0" branch="false"/>
							</lines>
						</method>
						<method name="decode" signature="([B)Ljava/lang/String;" line-rate="0.0" branch-rate="0.0">
							<lines>
								<line number="62" hits="0" branch="false"/>
								<line number="63" hits="0" branch="false"/>
								<line number="65" hits="0" branch="true" condition-coverage="0% (0/2)">
									<conditions>
										<condition number="0" type="jump" coverage="0%"/>
									</conditions>
								</line>
								<line number="66" hits="0" branch="false"/>
								<line number="67" hits="0" branch="true" condition-coverage="0% (0/2)">
									<conditions>
										<condition number="0" type="jump" coverage="0%"/>
									</conditions>
								</line>
								<line number="68" hits="0" branch="false"/>
								<line number="70" hits="0" branch="false"/>
								<line number="73" hits="0" branch="false"/>
							</lines>
						</method>
						<method name="encode" signature="(Ljava/lang/String;)Ljava/nio/ByteBuffer;" line-rate="0.0" branch-rate="0.0">
							<lines>
								<line number="51" hits="0" branch="false"/>
								<line number="52" hits="0" branch="false"/>
								<line number="55" hits="0" branch="true" condition-coverage="0% (0/2)">
									<conditions>
										<condition number="0" type="jump" coverage="0%"/>
									</conditions>
								</line>
								<line number="56" hits="0" branch="false"/>
								<line number="58" hits="0" branch="false"/>
							</lines>
						</method>
					</methods>
					<lines>
						<line number="47" hits="1" branch="false"/>
						<line number="48" hits="0" branch="false"/>
						<line number="51" hits="0" branch="false"/>
						<line number="52" hits="0" branch="false"/>
						<line number="55" hits="0" branch="true" condition-coverage="0% (0/2)">
							<conditions>
								<condition number="0" type="jump" coverage="0%"/>
							</conditions>
						</line>
						<line number="56" hits="0" branch="false"/>
						<line number="58" hits="0" branch="false"/>
						<line number="62" hits="0" branch="false"/>
						<line number="63" hits="0" branch="false"/>
						<line number="65" hits="0" branch="true" condition-coverage="0% (0/2)">
							<conditions>
								<condition number="0" type="jump" coverage="0%"/>
							</conditions>
						</line>
						<line number="66" hits="0" branch="false"/>
						<line number="67" hits="0" branch="true" condition-coverage="0% (0/2)">
							<conditions>
								<condition number="0" type="jump" coverage="0%"/>
							</conditions>
						</line>
						<line number="68" hits="0" branch="false"/>
						<line number="70" hits="0" branch="false"/>
						<line number="73" hits="0" branch="false"/>
					</lines>
				</class>
			</classes>
		</package>
	</packages>
</coverage>
