<?xml version="1.0"?>
<!DOCTYPE coverage SYSTEM "http://cobertura.sourceforge.net/xml/coverage-04.dtd">

<coverage line-rate="0.9938837920489296" branch-rate="0.9754098360655737" lines-covered="325" lines-valid="327" branches-covered="119" branches-valid="122" complexity="5.571428571428571" version="2.0.3" timestamp="1747476773879">
	<sources>
		<source>src/main/java</source>
	</sources>
	<packages>
		<package name="org.apache.commons.math.geometry.euclidean.threed" line-rate="0.9938837920489296" branch-rate="0.9754098360655737" complexity="5.571428571428571">
			<classes>
				<class name="org.apache.commons.math.geometry.euclidean.threed.Rotation" filename="org/apache/commons/math/geometry/euclidean/threed/Rotation.java" line-rate="0.9938837920489296" branch-rate="0.9754098360655737" complexity="5.571428571428571">
					<methods>
						<method name="&lt;clinit&gt;" signature="()V" line-rate="1.0" branch-rate="1.0">
							<lines>
								<line number="98" hits="62" branch="false"/>
							</lines>
						</method>
						<method name="&lt;init&gt;" signature="(DDDDZ)V" line-rate="1.0" branch-rate="1.0">
							<lines>
								<line number="134" hits="106" branch="false"/>
								<line number="136" hits="106" branch="true" condition-coverage="100% (2/2)">
									<conditions>
										<condition number="0" type="jump" coverage="100%"/>
									</conditions>
								</line>
								<line number="138" hits="6" branch="false"/>
								<line number="139" hits="6" branch="false"/>
								<line number="140" hits="6" branch="false"/>
								<line number="141" hits="6" branch="false"/>
								<line number="142" hits="6" branch="false"/>
								<line number="145" hits="106" branch="false"/>
								<line number="146" hits="106" branch="false"/>
								<line number="147" hits="106" branch="false"/>
								<line number="148" hits="106" branch="false"/>
								<line number="150" hits="106" branch="false"/>
							</lines>
						</method>
						<method name="&lt;init&gt;" signature="(Lorg/apache/commons/math/geometry/euclidean/threed/RotationOrder;DDD)V" line-rate="1.0" branch-rate="1.0">
							<lines>
								<line number="456" hits="11" branch="false"/>
								<line number="457" hits="11" branch="false"/>
								<line number="458" hits="11" branch="false"/>
								<line number="459" hits="11" branch="false"/>
								<line number="460" hits="11" branch="false"/>
								<line number="461" hits="11" branch="false"/>
								<line number="462" hits="11" branch="false"/>
								<line number="463" hits="11" branch="false"/>
								<line number="464" hits="11" branch="false"/>
								<line number="465" hits="11" branch="false"/>
							</lines>
						</method>
						<method name="&lt;init&gt;" signature="(Lorg/apache/commons/math/geometry/euclidean/threed/Vector3D;D)V" line-rate="1.0" branch-rate="1.0">
							<lines>
								<line number="173" hits="36" branch="false"/>
								<line number="175" hits="36" branch="false"/>
								<line number="176" hits="36" branch="true" condition-coverage="100% (2/2)">
									<conditions>
										<condition number="0" type="jump" coverage="100%"/>
									</conditions>
								</line>
								<line number="177" hits="1" branch="false"/>
								<line number="180" hits="35" branch="false"/>
								<line number="181" hits="35" branch="false"/>
								<line number="183" hits="35" branch="false"/>
								<line number="184" hits="35" branch="false"/>
								<line number="185" hits="35" branch="false"/>
								<line number="186" hits="35" branch="false"/>
								<line number="188" hits="35" branch="false"/>
							</lines>
						</method>
						<method name="&lt;init&gt;" signature="(Lorg/apache/commons/math/geometry/euclidean/threed/Vector3D;Lorg/apache/commons/math/geometry/euclidean/threed/Vector3D;)V" line-rate="1.0" branch-rate="1.0">
							<lines>
								<line number="406" hits="5" branch="false"/>
								<line number="408" hits="5" branch="false"/>
								<line number="409" hits="5" branch="true" condition-coverage="100% (2/2)">
									<conditions>
										<condition number="0" type="jump" coverage="100%"/>
									</conditions>
								</line>
								<line number="410" hits="1" branch="false"/>
								<line number="413" hits="4" branch="false"/>
								<line number="415" hits="4" branch="true" condition-coverage="100% (2/2)">
									<conditions>
										<condition number="0" type="jump" coverage="100%"/>
									</conditions>
								</line>
								<line number="418" hits="2" branch="false"/>
								<line number="419" hits="2" branch="false"/>
								<line number="420" hits="2" branch="false"/>
								<line number="421" hits="2" branch="false"/>
								<line number="422" hits="2" branch="false"/>
								<line number="423" hits="2" branch="false"/>
								<line number="426" hits="2" branch="false"/>
								<line number="427" hits="2" branch="false"/>
								<line number="428" hits="2" branch="false"/>
								<line number="429" hits="2" branch="false"/>
								<line number="430" hits="2" branch="false"/>
								<line number="431" hits="2" branch="false"/>
								<line number="434" hits="4" branch="false"/>
							</lines>
						</method>
						<method name="&lt;init&gt;" signature="(Lorg/apache/commons/math/geometry/euclidean/threed/Vector3D;Lorg/apache/commons/math/geometry/euclidean/threed/Vector3D;Lorg/apache/commons/math/geometry/euclidean/threed/Vector3D;Lorg/apache/commons/math/geometry/euclidean/threed/Vector3D;)V" line-rate="1.0" branch-rate="0.9285714285714286">
							<lines>
								<line number="313" hits="16" branch="false"/>
								<line number="316" hits="16" branch="false"/>
								<line number="317" hits="16" branch="false"/>
								<line number="318" hits="16" branch="false"/>
								<line number="319" hits="16" branch="false"/>
								<line number="320" hits="16" branch="true" condition-coverage="87% (7/8)">
									<conditions>
										<condition number="0" type="jump" coverage="100%"/>
										<condition number="1" type="jump" coverage="100%"/>
										<condition number="2" type="jump" coverage="100%"/>
										<condition number="3" type="jump" coverage="50%"/>
									</conditions>
								</line>
								<line number="321" hits="3" branch="false"/>
								<line number="325" hits="13" branch="false"/>
								<line number="328" hits="13" branch="false"/>
								<line number="329" hits="13" branch="false"/>
								<line number="330" hits="13" branch="false"/>
								<line number="331" hits="13" branch="false"/>
								<line number="332" hits="13" branch="false"/>
								<line number="333" hits="13" branch="false"/>
								<line number="334" hits="13" branch="false"/>
								<line number="337" hits="13" branch="false"/>
								<line number="338" hits="13" branch="false"/>
								<line number="339" hits="13" branch="false"/>
								<line number="340" hits="13" branch="false"/>
								<line number="341" hits="13" branch="false"/>
								<line number="342" hits="13" branch="false"/>
								<line number="343" hits="13" branch="false"/>
								<line number="344" hits="13" branch="false"/>
								<line number="345" hits="13" branch="true" condition-coverage="100% (2/2)">
									<conditions>
										<condition number="0" type="jump" coverage="100%"/>
									</conditions>
								</line>
								<line number="348" hits="4" branch="false"/>
								<line number="349" hits="4" branch="false"/>
								<line number="350" hits="4" branch="false"/>
								<line number="351" hits="4" branch="false"/>
								<line number="352" hits="4" branch="false"/>
								<line number="354" hits="4" branch="true" condition-coverage="100% (2/2)">
									<conditions>
										<condition number="0" type="jump" coverage="100%"/>
									</conditions>
								</line>
								<line number="357" hits="3" branch="false"/>
								<line number="358" hits="3" branch="false"/>
								<line number="360" hits="3" branch="true" condition-coverage="100% (2/2)">
									<conditions>
										<condition number="0" type="jump" coverage="100%"/>
									</conditions>
								</line>
								<line number="363" hits="2" branch="false"/>
								<line number="364" hits="2" branch="false"/>
								<line number="365" hits="2" branch="false"/>
								<line number="366" hits="2" branch="false"/>
								<line number="367" hits="2" branch="false"/>
								<line number="371" hits="1" branch="false"/>
								<line number="372" hits="1" branch="false"/>
								<line number="379" hits="11" branch="false"/>
								<line number="380" hits="11" branch="false"/>
								<line number="381" hits="11" branch="false"/>
								<line number="382" hits="11" branch="false"/>
								<line number="383" hits="11" branch="false"/>
								<line number="386" hits="11" branch="false"/>
								<line number="389" hits="11" branch="false"/>
								<line number="391" hits="11" branch="false"/>
							</lines>
						</method>
						<method name="&lt;init&gt;" signature="([[DD)V" line-rate="0.9736842105263158" branch-rate="0.9375">
							<lines>
								<line number="221" hits="9" branch="false"/>
								<line number="224" hits="9" branch="true" condition-coverage="100% (8/8)">
									<conditions>
										<condition number="0" type="jump" coverage="100%"/>
										<condition number="1" type="jump" coverage="100%"/>
										<condition number="2" type="jump" coverage="100%"/>
										<condition number="3" type="jump" coverage="100%"/>
									</conditions>
								</line>
								<line number="226" hits="4" branch="false"/>
								<line number="232" hits="5" branch="false"/>
								<line number="235" hits="4" branch="false"/>
								<line number="238" hits="4" branch="true" condition-coverage="50% (1/2)">
									<conditions>
										<condition number="0" type="jump" coverage="50%"/>
									</conditions>
								</line>
								<line number="239" hits="0" branch="false"/>
								<line number="255" hits="4" branch="false"/>
								<line number="256" hits="4" branch="true" condition-coverage="100% (2/2)">
									<conditions>
										<condition number="0" type="jump" coverage="100%"/>
									</conditions>
								</line>
								<line number="258" hits="1" branch="false"/>
								<line number="259" hits="1" branch="false"/>
								<line number="260" hits="1" branch="false"/>
								<line number="261" hits="1" branch="false"/>
								<line number="262" hits="1" branch="false"/>
								<line number="263" hits="1" branch="false"/>
								<line number="264" hits="3" branch="false"/>
								<line number="265" hits="3" branch="true" condition-coverage="100% (2/2)">
									<conditions>
										<condition number="0" type="jump" coverage="100%"/>
									</conditions>
								</line>
								<line number="267" hits="1" branch="false"/>
								<line number="268" hits="1" branch="false"/>
								<line number="269" hits="1" branch="false"/>
								<line number="270" hits="1" branch="false"/>
								<line number="271" hits="1" branch="false"/>
								<line number="272" hits="1" branch="false"/>
								<line number="273" hits="2" branch="false"/>
								<line number="274" hits="2" branch="true" condition-coverage="100% (2/2)">
									<conditions>
										<condition number="0" type="jump" coverage="100%"/>
									</conditions>
								</line>
								<line number="276" hits="1" branch="false"/>
								<line number="277" hits="1" branch="false"/>
								<line number="278" hits="1" branch="false"/>
								<line number="279" hits="1" branch="false"/>
								<line number="280" hits="1" branch="false"/>
								<line number="281" hits="1" branch="false"/>
								<line number="283" hits="1" branch="false"/>
								<line number="284" hits="1" branch="false"/>
								<line number="285" hits="1" branch="false"/>
								<line number="286" hits="1" branch="false"/>
								<line number="287" hits="1" branch="false"/>
								<line number="288" hits="1" branch="false"/>
								<line number="293" hits="4" branch="false"/>
							</lines>
						</method>
						<method name="applyInverseTo" signature="(Lorg/apache/commons/math/geometry/euclidean/threed/Rotation;)Lorg/apache/commons/math/geometry/euclidean/threed/Rotation;" line-rate="1.0" branch-rate="1.0">
							<lines>
								<line number="898" hits="3" branch="false"/>
							</lines>
						</method>
						<method name="applyInverseTo" signature="(Lorg/apache/commons/math/geometry/euclidean/threed/Vector3D;)Lorg/apache/commons/math/geometry/euclidean/threed/Vector3D;" line-rate="1.0" branch-rate="1.0">
							<lines>
								<line number="856" hits="36" branch="false"/>
								<line number="857" hits="36" branch="false"/>
								<line number="858" hits="36" branch="false"/>
								<line number="860" hits="36" branch="false"/>
								<line number="861" hits="36" branch="false"/>
								<line number="863" hits="36" branch="false"/>
							</lines>
						</method>
						<method name="applyTo" signature="(Lorg/apache/commons/math/geometry/euclidean/threed/Rotation;)Lorg/apache/commons/math/geometry/euclidean/threed/Rotation;" line-rate="1.0" branch-rate="1.0">
							<lines>
								<line number="879" hits="22" branch="false"/>
							</lines>
						</method>
						<method name="applyTo" signature="(Lorg/apache/commons/math/geometry/euclidean/threed/Vector3D;)Lorg/apache/commons/math/geometry/euclidean/threed/Vector3D;" line-rate="1.0" branch-rate="1.0">
							<lines>
								<line number="838" hits="36" branch="false"/>
								<line number="839" hits="36" branch="false"/>
								<line number="840" hits="36" branch="false"/>
								<line number="842" hits="36" branch="false"/>
								<line number="844" hits="36" branch="false"/>
							</lines>
						</method>
						<method name="distance" signature="(Lorg/apache/commons/math/geometry/euclidean/threed/Rotation;Lorg/apache/commons/math/geometry/euclidean/threed/Rotation;)D" line-rate="1.0" branch-rate="1.0">
							<lines>
								<line number="1029" hits="3" branch="false"/>
							</lines>
						</method>
						<method name="getAngle" signature="()D" line-rate="1.0" branch-rate="1.0">
							<lines>
								<line number="527" hits="4" branch="true" condition-coverage="100% (4/4)">
									<conditions>
										<condition number="0" type="jump" coverage="100%"/>
										<condition number="1" type="jump" coverage="100%"/>
									</conditions>
								</line>
								<line number="528" hits="2" branch="false"/>
								<line number="529" hits="2" branch="true" condition-coverage="100% (2/2)">
									<conditions>
										<condition number="0" type="jump" coverage="100%"/>
									</conditions>
								</line>
								<line number="530" hits="1" branch="false"/>
								<line number="532" hits="1" branch="false"/>
							</lines>
						</method>
						<method name="getAngles" signature="(Lorg/apache/commons/math/geometry/euclidean/threed/RotationOrder;)[D" line-rate="1.0" branch-rate="1.0">
							<lines>
								<line number="573" hits="36" branch="true" condition-coverage="100% (2/2)">
									<conditions>
										<condition number="0" type="jump" coverage="100%"/>
									</conditions>
								</line>
								<line number="580" hits="3" branch="false"/>
								<line number="581" hits="3" branch="false"/>
								<line number="582" hits="3" branch="true" condition-coverage="100% (4/4)">
									<conditions>
										<condition number="0" type="jump" coverage="100%"/>
										<condition number="1" type="jump" coverage="100%"/>
									</conditions>
								</line>
								<line number="583" hits="2" branch="false"/>
								<line number="585" hits="1" branch="false"/>
								<line number="591" hits="33" branch="true" condition-coverage="100% (2/2)">
									<conditions>
										<condition number="0" type="jump" coverage="100%"/>
									</conditions>
								</line>
								<line number="598" hits="3" branch="false"/>
								<line number="599" hits="3" branch="false"/>
								<line number="600" hits="3" branch="true" condition-coverage="100% (4/4)">
									<conditions>
										<condition number="0" type="jump" coverage="100%"/>
										<condition number="1" type="jump" coverage="100%"/>
									</conditions>
								</line>
								<line number="601" hits="2" branch="false"/>
								<line number="603" hits="1" branch="false"/>
								<line number="609" hits="30" branch="true" condition-coverage="100% (2/2)">
									<conditions>
										<condition number="0" type="jump" coverage="100%"/>
									</conditions>
								</line>
								<line number="616" hits="3" branch="false"/>
								<line number="617" hits="3" branch="false"/>
								<line number="618" hits="3" branch="true" condition-coverage="100% (4/4)">
									<conditions>
										<condition number="0" type="jump" coverage="100%"/>
										<condition number="1" type="jump" coverage="100%"/>
									</conditions>
								</line>
								<line number="619" hits="2" branch="false"/>
								<line number="621" hits="1" branch="false"/>
								<line number="627" hits="27" branch="true" condition-coverage="100% (2/2)">
									<conditions>
										<condition number="0" type="jump" coverage="100%"/>
									</conditions>
								</line>
								<line number="634" hits="3" branch="false"/>
								<line number="635" hits="3" branch="false"/>
								<line number="636" hits="3" branch="true" condition-coverage="100% (4/4)">
									<conditions>
										<condition number="0" type="jump" coverage="100%"/>
										<condition number="1" type="jump" coverage="100%"/>
									</conditions>
								</line>
								<line number="637" hits="2" branch="false"/>
								<line number="639" hits="1" branch="false"/>
								<line number="645" hits="24" branch="true" condition-coverage="100% (2/2)">
									<conditions>
										<condition number="0" type="jump" coverage="100%"/>
									</conditions>
								</line>
								<line number="652" hits="3" branch="false"/>
								<line number="653" hits="3" branch="false"/>
								<line number="654" hits="3" branch="true" condition-coverage="100% (4/4)">
									<conditions>
										<condition number="0" type="jump" coverage="100%"/>
										<condition number="1" type="jump" coverage="100%"/>
									</conditions>
								</line>
								<line number="655" hits="2" branch="false"/>
								<line number="657" hits="1" branch="false"/>
								<line number="663" hits="21" branch="true" condition-coverage="100% (2/2)">
									<conditions>
										<condition number="0" type="jump" coverage="100%"/>
									</conditions>
								</line>
								<line number="670" hits="3" branch="false"/>
								<line number="671" hits="3" branch="false"/>
								<line number="672" hits="3" branch="true" condition-coverage="100% (4/4)">
									<conditions>
										<condition number="0" type="jump" coverage="100%"/>
										<condition number="1" type="jump" coverage="100%"/>
									</conditions>
								</line>
								<line number="673" hits="2" branch="false"/>
								<line number="675" hits="1" branch="false"/>
								<line number="681" hits="18" branch="true" condition-coverage="100% (2/2)">
									<conditions>
										<condition number="0" type="jump" coverage="100%"/>
									</conditions>
								</line>
								<line number="688" hits="3" branch="false"/>
								<line number="689" hits="3" branch="false"/>
								<line number="690" hits="3" branch="true" condition-coverage="100% (4/4)">
									<conditions>
										<condition number="0" type="jump" coverage="100%"/>
										<condition number="1" type="jump" coverage="100%"/>
									</conditions>
								</line>
								<line number="691" hits="2" branch="false"/>
								<line number="693" hits="1" branch="false"/>
								<line number="699" hits="15" branch="true" condition-coverage="100% (2/2)">
									<conditions>
										<condition number="0" type="jump" coverage="100%"/>
									</conditions>
								</line>
								<line number="706" hits="3" branch="false"/>
								<line number="707" hits="3" branch="false"/>
								<line number="708" hits="3" branch="true" condition-coverage="100% (4/4)">
									<conditions>
										<condition number="0" type="jump" coverage="100%"/>
										<condition number="1" type="jump" coverage="100%"/>
									</conditions>
								</line>
								<line number="709" hits="2" branch="false"/>
								<line number="711" hits="1" branch="false"/>
								<line number="717" hits="12" branch="true" condition-coverage="100% (2/2)">
									<conditions>
										<condition number="0" type="jump" coverage="100%"/>
									</conditions>
								</line>
								<line number="724" hits="3" branch="false"/>
								<line number="725" hits="3" branch="false"/>
								<line number="726" hits="3" branch="true" condition-coverage="100% (4/4)">
									<conditions>
										<condition number="0" type="jump" coverage="100%"/>
										<condition number="1" type="jump" coverage="100%"/>
									</conditions>
								</line>
								<line number="727" hits="2" branch="false"/>
								<line number="729" hits="1" branch="false"/>
								<line number="735" hits="9" branch="true" condition-coverage="100% (2/2)">
									<conditions>
										<condition number="0" type="jump" coverage="100%"/>
									</conditions>
								</line>
								<line number="742" hits="3" branch="false"/>
								<line number="743" hits="3" branch="false"/>
								<line number="744" hits="3" branch="true" condition-coverage="100% (4/4)">
									<conditions>
										<condition number="0" type="jump" coverage="100%"/>
										<condition number="1" type="jump" coverage="100%"/>
									</conditions>
								</line>
								<line number="745" hits="2" branch="false"/>
								<line number="747" hits="1" branch="false"/>
								<line number="753" hits="6" branch="true" condition-coverage="100% (2/2)">
									<conditions>
										<condition number="0" type="jump" coverage="100%"/>
									</conditions>
								</line>
								<line number="760" hits="3" branch="false"/>
								<line number="761" hits="3" branch="false"/>
								<line number="762" hits="3" branch="true" condition-coverage="100% (4/4)">
									<conditions>
										<condition number="0" type="jump" coverage="100%"/>
										<condition number="1" type="jump" coverage="100%"/>
									</conditions>
								</line>
								<line number="763" hits="2" branch="false"/>
								<line number="765" hits="1" branch="false"/>
								<line number="778" hits="3" branch="false"/>
								<line number="779" hits="3" branch="false"/>
								<line number="780" hits="3" branch="true" condition-coverage="100% (4/4)">
									<conditions>
										<condition number="0" type="jump" coverage="100%"/>
										<condition number="1" type="jump" coverage="100%"/>
									</conditions>
								</line>
								<line number="781" hits="2" branch="false"/>
								<line number="783" hits="1" branch="false"/>
							</lines>
						</method>
						<method name="getAxis" signature="()Lorg/apache/commons/math/geometry/euclidean/threed/Vector3D;" line-rate="0.875" branch-rate="0.75">
							<lines>
								<line number="511" hits="2" branch="false"/>
								<line number="512" hits="2" branch="true" condition-coverage="50% (1/2)">
									<conditions>
										<condition number="0" type="jump" coverage="50%"/>
									</conditions>
								</line>
								<line number="513" hits="0" branch="false"/>
								<line number="514" hits="2" branch="true" condition-coverage="100% (2/2)">
									<conditions>
										<condition number="0" type="jump" coverage="100%"/>
									</conditions>
								</line>
								<line number="515" hits="1" branch="false"/>
								<line number="516" hits="1" branch="false"/>
								<line number="518" hits="1" branch="false"/>
								<line number="519" hits="1" branch="false"/>
							</lines>
						</method>
						<method name="getMatrix" signature="()[[D" line-rate="1.0" branch-rate="1.0">
							<lines>
								<line number="799" hits="4" branch="false"/>
								<line number="800" hits="4" branch="false"/>
								<line number="801" hits="4" branch="false"/>
								<line number="802" hits="4" branch="false"/>
								<line number="803" hits="4" branch="false"/>
								<line number="804" hits="4" branch="false"/>
								<line number="805" hits="4" branch="false"/>
								<line number="806" hits="4" branch="false"/>
								<line number="807" hits="4" branch="false"/>
								<line number="808" hits="4" branch="false"/>
								<line number="811" hits="4" branch="false"/>
								<line number="812" hits="4" branch="false"/>
								<line number="813" hits="4" branch="false"/>
								<line number="814" hits="4" branch="false"/>
								<line number="816" hits="4" branch="false"/>
								<line number="817" hits="4" branch="false"/>
								<line number="818" hits="4" branch="false"/>
								<line number="820" hits="4" branch="false"/>
								<line number="821" hits="4" branch="false"/>
								<line number="822" hits="4" branch="false"/>
								<line number="824" hits="4" branch="false"/>
								<line number="825" hits="4" branch="false"/>
								<line number="826" hits="4" branch="false"/>
								<line number="828" hits="4" branch="false"/>
							</lines>
						</method>
						<method name="getQ0" signature="()D" line-rate="1.0" branch-rate="1.0">
							<lines>
								<line number="482" hits="12" branch="false"/>
							</lines>
						</method>
						<method name="getQ1" signature="()D" line-rate="1.0" branch-rate="1.0">
							<lines>
								<line number="489" hits="11" branch="false"/>
							</lines>
						</method>
						<method name="getQ2" signature="()D" line-rate="1.0" branch-rate="1.0">
							<lines>
								<line number="496" hits="15" branch="false"/>
							</lines>
						</method>
						<method name="getQ3" signature="()D" line-rate="1.0" branch-rate="1.0">
							<lines>
								<line number="503" hits="16" branch="false"/>
							</lines>
						</method>
						<method name="orthogonalizeMatrix" signature="([[DD)[[D" line-rate="1.0" branch-rate="1.0">
							<lines>
								<line number="917" hits="5" branch="false"/>
								<line number="918" hits="5" branch="false"/>
								<line number="919" hits="5" branch="false"/>
								<line number="920" hits="5" branch="false"/>
								<line number="921" hits="5" branch="false"/>
								<line number="922" hits="5" branch="false"/>
								<line number="923" hits="5" branch="false"/>
								<line number="924" hits="5" branch="false"/>
								<line number="925" hits="5" branch="false"/>
								<line number="926" hits="5" branch="false"/>
								<line number="927" hits="5" branch="false"/>
								<line number="928" hits="5" branch="false"/>
								<line number="929" hits="5" branch="false"/>
								<line number="932" hits="5" branch="false"/>
								<line number="933" hits="5" branch="false"/>
								<line number="934" hits="5" branch="false"/>
								<line number="935" hits="5" branch="false"/>
								<line number="938" hits="5" branch="false"/>
								<line number="939" hits="15" branch="true" condition-coverage="100% (2/2)">
									<conditions>
										<condition number="0" type="jump" coverage="100%"/>
									</conditions>
								</line>
								<line number="942" hits="14" branch="false"/>
								<line number="943" hits="14" branch="false"/>
								<line number="944" hits="14" branch="false"/>
								<line number="945" hits="14" branch="false"/>
								<line number="946" hits="14" branch="false"/>
								<line number="947" hits="14" branch="false"/>
								<line number="948" hits="14" branch="false"/>
								<line number="949" hits="14" branch="false"/>
								<line number="950" hits="14" branch="false"/>
								<line number="953" hits="14" branch="false"/>
								<line number="954" hits="14" branch="false"/>
								<line number="955" hits="14" branch="false"/>
								<line number="956" hits="14" branch="false"/>
								<line number="957" hits="14" branch="false"/>
								<line number="958" hits="14" branch="false"/>
								<line number="959" hits="14" branch="false"/>
								<line number="960" hits="14" branch="false"/>
								<line number="961" hits="14" branch="false"/>
								<line number="964" hits="14" branch="false"/>
								<line number="965" hits="14" branch="false"/>
								<line number="966" hits="14" branch="false"/>
								<line number="967" hits="14" branch="false"/>
								<line number="968" hits="14" branch="false"/>
								<line number="969" hits="14" branch="false"/>
								<line number="970" hits="14" branch="false"/>
								<line number="971" hits="14" branch="false"/>
								<line number="972" hits="14" branch="false"/>
								<line number="975" hits="14" branch="false"/>
								<line number="980" hits="14" branch="true" condition-coverage="100% (2/2)">
									<conditions>
										<condition number="0" type="jump" coverage="100%"/>
									</conditions>
								</line>
								<line number="981" hits="4" branch="false"/>
								<line number="985" hits="10" branch="false"/>
								<line number="986" hits="10" branch="false"/>
								<line number="987" hits="10" branch="false"/>
								<line number="988" hits="10" branch="false"/>
								<line number="989" hits="10" branch="false"/>
								<line number="990" hits="10" branch="false"/>
								<line number="991" hits="10" branch="false"/>
								<line number="992" hits="10" branch="false"/>
								<line number="993" hits="10" branch="false"/>
								<line number="994" hits="10" branch="false"/>
								<line number="996" hits="10" branch="false"/>
								<line number="999" hits="1" branch="false"/>
							</lines>
						</method>
						<method name="revert" signature="()Lorg/apache/commons/math/geometry/euclidean/threed/Rotation;" line-rate="1.0" branch-rate="1.0">
							<lines>
								<line number="475" hits="1" branch="false"/>
							</lines>
						</method>
					</methods>
					<lines>
						<line number="98" hits="62" branch="false"/>
						<line number="134" hits="106" branch="false"/>
						<line number="136" hits="106" branch="true" condition-coverage="100% (2/2)">
							<conditions>
								<condition number="0" type="jump" coverage="100%"/>
							</conditions>
						</line>
						<line number="138" hits="6" branch="false"/>
						<line number="139" hits="6" branch="false"/>
						<line number="140" hits="6" branch="false"/>
						<line number="141" hits="6" branch="false"/>
						<line number="142" hits="6" branch="false"/>
						<line number="145" hits="106" branch="false"/>
						<line number="146" hits="106" branch="false"/>
						<line number="147" hits="106" branch="false"/>
						<line number="148" hits="106" branch="false"/>
						<line number="150" hits="106" branch="false"/>
						<line number="173" hits="36" branch="false"/>
						<line number="175" hits="36" branch="false"/>
						<line number="176" hits="36" branch="true" condition-coverage="100% (2/2)">
							<conditions>
								<condition number="0" type="jump" coverage="100%"/>
							</conditions>
						</line>
						<line number="177" hits="1" branch="false"/>
						<line number="180" hits="35" branch="false"/>
						<line number="181" hits="35" branch="false"/>
						<line number="183" hits="35" branch="false"/>
						<line number="184" hits="35" branch="false"/>
						<line number="185" hits="35" branch="false"/>
						<line number="186" hits="35" branch="false"/>
						<line number="188" hits="35" branch="false"/>
						<line number="221" hits="9" branch="false"/>
						<line number="224" hits="9" branch="true" condition-coverage="100% (8/8)">
							<conditions>
								<condition number="0" type="jump" coverage="100%"/>
								<condition number="1" type="jump" coverage="100%"/>
								<condition number="2" type="jump" coverage="100%"/>
								<condition number="3" type="jump" coverage="100%"/>
							</conditions>
						</line>
						<line number="226" hits="4" branch="false"/>
						<line number="232" hits="5" branch="false"/>
						<line number="235" hits="4" branch="false"/>
						<line number="238" hits="4" branch="true" condition-coverage="50% (1/2)">
							<conditions>
								<condition number="0" type="jump" coverage="50%"/>
							</conditions>
						</line>
						<line number="239" hits="0" branch="false"/>
						<line number="255" hits="4" branch="false"/>
						<line number="256" hits="4" branch="true" condition-coverage="100% (2/2)">
							<conditions>
								<condition number="0" type="jump" coverage="100%"/>
							</conditions>
						</line>
						<line number="258" hits="1" branch="false"/>
						<line number="259" hits="1" branch="false"/>
						<line number="260" hits="1" branch="false"/>
						<line number="261" hits="1" branch="false"/>
						<line number="262" hits="1" branch="false"/>
						<line number="263" hits="1" branch="false"/>
						<line number="264" hits="3" branch="false"/>
						<line number="265" hits="3" branch="true" condition-coverage="100% (2/2)">
							<conditions>
								<condition number="0" type="jump" coverage="100%"/>
							</conditions>
						</line>
						<line number="267" hits="1" branch="false"/>
						<line number="268" hits="1" branch="false"/>
						<line number="269" hits="1" branch="false"/>
						<line number="270" hits="1" branch="false"/>
						<line number="271" hits="1" branch="false"/>
						<line number="272" hits="1" branch="false"/>
						<line number="273" hits="2" branch="false"/>
						<line number="274" hits="2" branch="true" condition-coverage="100% (2/2)">
							<conditions>
								<condition number="0" type="jump" coverage="100%"/>
							</conditions>
						</line>
						<line number="276" hits="1" branch="false"/>
						<line number="277" hits="1" branch="false"/>
						<line number="278" hits="1" branch="false"/>
						<line number="279" hits="1" branch="false"/>
						<line number="280" hits="1" branch="false"/>
						<line number="281" hits="1" branch="false"/>
						<line number="283" hits="1" branch="false"/>
						<line number="284" hits="1" branch="false"/>
						<line number="285" hits="1" branch="false"/>
						<line number="286" hits="1" branch="false"/>
						<line number="287" hits="1" branch="false"/>
						<line number="288" hits="1" branch="false"/>
						<line number="293" hits="4" branch="false"/>
						<line number="313" hits="16" branch="false"/>
						<line number="316" hits="16" branch="false"/>
						<line number="317" hits="16" branch="false"/>
						<line number="318" hits="16" branch="false"/>
						<line number="319" hits="16" branch="false"/>
						<line number="320" hits="16" branch="true" condition-coverage="87% (7/8)">
							<conditions>
								<condition number="0" type="jump" coverage="100%"/>
								<condition number="1" type="jump" coverage="100%"/>
								<condition number="2" type="jump" coverage="100%"/>
								<condition number="3" type="jump" coverage="50%"/>
							</conditions>
						</line>
						<line number="321" hits="3" branch="false"/>
						<line number="325" hits="13" branch="false"/>
						<line number="328" hits="13" branch="false"/>
						<line number="329" hits="13" branch="false"/>
						<line number="330" hits="13" branch="false"/>
						<line number="331" hits="13" branch="false"/>
						<line number="332" hits="13" branch="false"/>
						<line number="333" hits="13" branch="false"/>
						<line number="334" hits="13" branch="false"/>
						<line number="337" hits="13" branch="false"/>
						<line number="338" hits="13" branch="false"/>
						<line number="339" hits="13" branch="false"/>
						<line number="340" hits="13" branch="false"/>
						<line number="341" hits="13" branch="false"/>
						<line number="342" hits="13" branch="false"/>
						<line number="343" hits="13" branch="false"/>
						<line number="344" hits="13" branch="false"/>
						<line number="345" hits="13" branch="true" condition-coverage="100% (2/2)">
							<conditions>
								<condition number="0" type="jump" coverage="100%"/>
							</conditions>
						</line>
						<line number="348" hits="4" branch="false"/>
						<line number="349" hits="4" branch="false"/>
						<line number="350" hits="4" branch="false"/>
						<line number="351" hits="4" branch="false"/>
						<line number="352" hits="4" branch="false"/>
						<line number="354" hits="4" branch="true" condition-coverage="100% (2/2)">
							<conditions>
								<condition number="0" type="jump" coverage="100%"/>
							</conditions>
						</line>
						<line number="357" hits="3" branch="false"/>
						<line number="358" hits="3" branch="false"/>
						<line number="360" hits="3" branch="true" condition-coverage="100% (2/2)">
							<conditions>
								<condition number="0" type="jump" coverage="100%"/>
							</conditions>
						</line>
						<line number="363" hits="2" branch="false"/>
						<line number="364" hits="2" branch="false"/>
						<line number="365" hits="2" branch="false"/>
						<line number="366" hits="2" branch="false"/>
						<line number="367" hits="2" branch="false"/>
						<line number="371" hits="1" branch="false"/>
						<line number="372" hits="1" branch="false"/>
						<line number="379" hits="11" branch="false"/>
						<line number="380" hits="11" branch="false"/>
						<line number="381" hits="11" branch="false"/>
						<line number="382" hits="11" branch="false"/>
						<line number="383" hits="11" branch="false"/>
						<line number="386" hits="11" branch="false"/>
						<line number="389" hits="11" branch="false"/>
						<line number="391" hits="11" branch="false"/>
						<line number="406" hits="5" branch="false"/>
						<line number="408" hits="5" branch="false"/>
						<line number="409" hits="5" branch="true" condition-coverage="100% (2/2)">
							<conditions>
								<condition number="0" type="jump" coverage="100%"/>
							</conditions>
						</line>
						<line number="410" hits="1" branch="false"/>
						<line number="413" hits="4" branch="false"/>
						<line number="415" hits="4" branch="true" condition-coverage="100% (2/2)">
							<conditions>
								<condition number="0" type="jump" coverage="100%"/>
							</conditions>
						</line>
						<line number="418" hits="2" branch="false"/>
						<line number="419" hits="2" branch="false"/>
						<line number="420" hits="2" branch="false"/>
						<line number="421" hits="2" branch="false"/>
						<line number="422" hits="2" branch="false"/>
						<line number="423" hits="2" branch="false"/>
						<line number="426" hits="2" branch="false"/>
						<line number="427" hits="2" branch="false"/>
						<line number="428" hits="2" branch="false"/>
						<line number="429" hits="2" branch="false"/>
						<line number="430" hits="2" branch="false"/>
						<line number="431" hits="2" branch="false"/>
						<line number="434" hits="4" branch="false"/>
						<line number="456" hits="11" branch="false"/>
						<line number="457" hits="11" branch="false"/>
						<line number="458" hits="11" branch="false"/>
						<line number="459" hits="11" branch="false"/>
						<line number="460" hits="11" branch="false"/>
						<line number="461" hits="11" branch="false"/>
						<line number="462" hits="11" branch="false"/>
						<line number="463" hits="11" branch="false"/>
						<line number="464" hits="11" branch="false"/>
						<line number="465" hits="11" branch="false"/>
						<line number="475" hits="1" branch="false"/>
						<line number="482" hits="12" branch="false"/>
						<line number="489" hits="11" branch="false"/>
						<line number="496" hits="15" branch="false"/>
						<line number="503" hits="16" branch="false"/>
						<line number="511" hits="2" branch="false"/>
						<line number="512" hits="2" branch="true" condition-coverage="50% (1/2)">
							<conditions>
								<condition number="0" type="jump" coverage="50%"/>
							</conditions>
						</line>
						<line number="513" hits="0" branch="false"/>
						<line number="514" hits="2" branch="true" condition-coverage="100% (2/2)">
							<conditions>
								<condition number="0" type="jump" coverage="100%"/>
							</conditions>
						</line>
						<line number="515" hits="1" branch="false"/>
						<line number="516" hits="1" branch="false"/>
						<line number="518" hits="1" branch="false"/>
						<line number="519" hits="1" branch="false"/>
						<line number="527" hits="4" branch="true" condition-coverage="100% (4/4)">
							<conditions>
								<condition number="0" type="jump" coverage="100%"/>
								<condition number="1" type="jump" coverage="100%"/>
							</conditions>
						</line>
						<line number="528" hits="2" branch="false"/>
						<line number="529" hits="2" branch="true" condition-coverage="100% (2/2)">
							<conditions>
								<condition number="0" type="jump" coverage="100%"/>
							</conditions>
						</line>
						<line number="530" hits="1" branch="false"/>
						<line number="532" hits="1" branch="false"/>
						<line number="573" hits="36" branch="true" condition-coverage="100% (2/2)">
							<conditions>
								<condition number="0" type="jump" coverage="100%"/>
							</conditions>
						</line>
						<line number="580" hits="3" branch="false"/>
						<line number="581" hits="3" branch="false"/>
						<line number="582" hits="3" branch="true" condition-coverage="100% (4/4)">
							<conditions>
								<condition number="0" type="jump" coverage="100%"/>
								<condition number="1" type="jump" coverage="100%"/>
							</conditions>
						</line>
						<line number="583" hits="2" branch="false"/>
						<line number="585" hits="1" branch="false"/>
						<line number="591" hits="33" branch="true" condition-coverage="100% (2/2)">
							<conditions>
								<condition number="0" type="jump" coverage="100%"/>
							</conditions>
						</line>
						<line number="598" hits="3" branch="false"/>
						<line number="599" hits="3" branch="false"/>
						<line number="600" hits="3" branch="true" condition-coverage="100% (4/4)">
							<conditions>
								<condition number="0" type="jump" coverage="100%"/>
								<condition number="1" type="jump" coverage="100%"/>
							</conditions>
						</line>
						<line number="601" hits="2" branch="false"/>
						<line number="603" hits="1" branch="false"/>
						<line number="609" hits="30" branch="true" condition-coverage="100% (2/2)">
							<conditions>
								<condition number="0" type="jump" coverage="100%"/>
							</conditions>
						</line>
						<line number="616" hits="3" branch="false"/>
						<line number="617" hits="3" branch="false"/>
						<line number="618" hits="3" branch="true" condition-coverage="100% (4/4)">
							<conditions>
								<condition number="0" type="jump" coverage="100%"/>
								<condition number="1" type="jump" coverage="100%"/>
							</conditions>
						</line>
						<line number="619" hits="2" branch="false"/>
						<line number="621" hits="1" branch="false"/>
						<line number="627" hits="27" branch="true" condition-coverage="100% (2/2)">
							<conditions>
								<condition number="0" type="jump" coverage="100%"/>
							</conditions>
						</line>
						<line number="634" hits="3" branch="false"/>
						<line number="635" hits="3" branch="false"/>
						<line number="636" hits="3" branch="true" condition-coverage="100% (4/4)">
							<conditions>
								<condition number="0" type="jump" coverage="100%"/>
								<condition number="1" type="jump" coverage="100%"/>
							</conditions>
						</line>
						<line number="637" hits="2" branch="false"/>
						<line number="639" hits="1" branch="false"/>
						<line number="645" hits="24" branch="true" condition-coverage="100% (2/2)">
							<conditions>
								<condition number="0" type="jump" coverage="100%"/>
							</conditions>
						</line>
						<line number="652" hits="3" branch="false"/>
						<line number="653" hits="3" branch="false"/>
						<line number="654" hits="3" branch="true" condition-coverage="100% (4/4)">
							<conditions>
								<condition number="0" type="jump" coverage="100%"/>
								<condition number="1" type="jump" coverage="100%"/>
							</conditions>
						</line>
						<line number="655" hits="2" branch="false"/>
						<line number="657" hits="1" branch="false"/>
						<line number="663" hits="21" branch="true" condition-coverage="100% (2/2)">
							<conditions>
								<condition number="0" type="jump" coverage="100%"/>
							</conditions>
						</line>
						<line number="670" hits="3" branch="false"/>
						<line number="671" hits="3" branch="false"/>
						<line number="672" hits="3" branch="true" condition-coverage="100% (4/4)">
							<conditions>
								<condition number="0" type="jump" coverage="100%"/>
								<condition number="1" type="jump" coverage="100%"/>
							</conditions>
						</line>
						<line number="673" hits="2" branch="false"/>
						<line number="675" hits="1" branch="false"/>
						<line number="681" hits="18" branch="true" condition-coverage="100% (2/2)">
							<conditions>
								<condition number="0" type="jump" coverage="100%"/>
							</conditions>
						</line>
						<line number="688" hits="3" branch="false"/>
						<line number="689" hits="3" branch="false"/>
						<line number="690" hits="3" branch="true" condition-coverage="100% (4/4)">
							<conditions>
								<condition number="0" type="jump" coverage="100%"/>
								<condition number="1" type="jump" coverage="100%"/>
							</conditions>
						</line>
						<line number="691" hits="2" branch="false"/>
						<line number="693" hits="1" branch="false"/>
						<line number="699" hits="15" branch="true" condition-coverage="100% (2/2)">
							<conditions>
								<condition number="0" type="jump" coverage="100%"/>
							</conditions>
						</line>
						<line number="706" hits="3" branch="false"/>
						<line number="707" hits="3" branch="false"/>
						<line number="708" hits="3" branch="true" condition-coverage="100% (4/4)">
							<conditions>
								<condition number="0" type="jump" coverage="100%"/>
								<condition number="1" type="jump" coverage="100%"/>
							</conditions>
						</line>
						<line number="709" hits="2" branch="false"/>
						<line number="711" hits="1" branch="false"/>
						<line number="717" hits="12" branch="true" condition-coverage="100% (2/2)">
							<conditions>
								<condition number="0" type="jump" coverage="100%"/>
							</conditions>
						</line>
						<line number="724" hits="3" branch="false"/>
						<line number="725" hits="3" branch="false"/>
						<line number="726" hits="3" branch="true" condition-coverage="100% (4/4)">
							<conditions>
								<condition number="0" type="jump" coverage="100%"/>
								<condition number="1" type="jump" coverage="100%"/>
							</conditions>
						</line>
						<line number="727" hits="2" branch="false"/>
						<line number="729" hits="1" branch="false"/>
						<line number="735" hits="9" branch="true" condition-coverage="100% (2/2)">
							<conditions>
								<condition number="0" type="jump" coverage="100%"/>
							</conditions>
						</line>
						<line number="742" hits="3" branch="false"/>
						<line number="743" hits="3" branch="false"/>
						<line number="744" hits="3" branch="true" condition-coverage="100% (4/4)">
							<conditions>
								<condition number="0" type="jump" coverage="100%"/>
								<condition number="1" type="jump" coverage="100%"/>
							</conditions>
						</line>
						<line number="745" hits="2" branch="false"/>
						<line number="747" hits="1" branch="false"/>
						<line number="753" hits="6" branch="true" condition-coverage="100% (2/2)">
							<conditions>
								<condition number="0" type="jump" coverage="100%"/>
							</conditions>
						</line>
						<line number="760" hits="3" branch="false"/>
						<line number="761" hits="3" branch="false"/>
						<line number="762" hits="3" branch="true" condition-coverage="100% (4/4)">
							<conditions>
								<condition number="0" type="jump" coverage="100%"/>
								<condition number="1" type="jump" coverage="100%"/>
							</conditions>
						</line>
						<line number="763" hits="2" branch="false"/>
						<line number="765" hits="1" branch="false"/>
						<line number="778" hits="3" branch="false"/>
						<line number="779" hits="3" branch="false"/>
						<line number="780" hits="3" branch="true" condition-coverage="100% (4/4)">
							<conditions>
								<condition number="0" type="jump" coverage="100%"/>
								<condition number="1" type="jump" coverage="100%"/>
							</conditions>
						</line>
						<line number="781" hits="2" branch="false"/>
						<line number="783" hits="1" branch="false"/>
						<line number="799" hits="4" branch="false"/>
						<line number="800" hits="4" branch="false"/>
						<line number="801" hits="4" branch="false"/>
						<line number="802" hits="4" branch="false"/>
						<line number="803" hits="4" branch="false"/>
						<line number="804" hits="4" branch="false"/>
						<line number="805" hits="4" branch="false"/>
						<line number="806" hits="4" branch="false"/>
						<line number="807" hits="4" branch="false"/>
						<line number="808" hits="4" branch="false"/>
						<line number="811" hits="4" branch="false"/>
						<line number="812" hits="4" branch="false"/>
						<line number="813" hits="4" branch="false"/>
						<line number="814" hits="4" branch="false"/>
						<line number="816" hits="4" branch="false"/>
						<line number="817" hits="4" branch="false"/>
						<line number="818" hits="4" branch="false"/>
						<line number="820" hits="4" branch="false"/>
						<line number="821" hits="4" branch="false"/>
						<line number="822" hits="4" branch="false"/>
						<line number="824" hits="4" branch="false"/>
						<line number="825" hits="4" branch="false"/>
						<line number="826" hits="4" branch="false"/>
						<line number="828" hits="4" branch="false"/>
						<line number="838" hits="36" branch="false"/>
						<line number="839" hits="36" branch="false"/>
						<line number="840" hits="36" branch="false"/>
						<line number="842" hits="36" branch="false"/>
						<line number="844" hits="36" branch="false"/>
						<line number="856" hits="36" branch="false"/>
						<line number="857" hits="36" branch="false"/>
						<line number="858" hits="36" branch="false"/>
						<line number="860" hits="36" branch="false"/>
						<line number="861" hits="36" branch="false"/>
						<line number="863" hits="36" branch="false"/>
						<line number="879" hits="22" branch="false"/>
						<line number="898" hits="3" branch="false"/>
						<line number="917" hits="5" branch="false"/>
						<line number="918" hits="5" branch="false"/>
						<line number="919" hits="5" branch="false"/>
						<line number="920" hits="5" branch="false"/>
						<line number="921" hits="5" branch="false"/>
						<line number="922" hits="5" branch="false"/>
						<line number="923" hits="5" branch="false"/>
						<line number="924" hits="5" branch="false"/>
						<line number="925" hits="5" branch="false"/>
						<line number="926" hits="5" branch="false"/>
						<line number="927" hits="5" branch="false"/>
						<line number="928" hits="5" branch="false"/>
						<line number="929" hits="5" branch="false"/>
						<line number="932" hits="5" branch="false"/>
						<line number="933" hits="5" branch="false"/>
						<line number="934" hits="5" branch="false"/>
						<line number="935" hits="5" branch="false"/>
						<line number="938" hits="5" branch="false"/>
						<line number="939" hits="15" branch="true" condition-coverage="100% (2/2)">
							<conditions>
								<condition number="0" type="jump" coverage="100%"/>
							</conditions>
						</line>
						<line number="942" hits="14" branch="false"/>
						<line number="943" hits="14" branch="false"/>
						<line number="944" hits="14" branch="false"/>
						<line number="945" hits="14" branch="false"/>
						<line number="946" hits="14" branch="false"/>
						<line number="947" hits="14" branch="false"/>
						<line number="948" hits="14" branch="false"/>
						<line number="949" hits="14" branch="false"/>
						<line number="950" hits="14" branch="false"/>
						<line number="953" hits="14" branch="false"/>
						<line number="954" hits="14" branch="false"/>
						<line number="955" hits="14" branch="false"/>
						<line number="956" hits="14" branch="false"/>
						<line number="957" hits="14" branch="false"/>
						<line number="958" hits="14" branch="false"/>
						<line number="959" hits="14" branch="false"/>
						<line number="960" hits="14" branch="false"/>
						<line number="961" hits="14" branch="false"/>
						<line number="964" hits="14" branch="false"/>
						<line number="965" hits="14" branch="false"/>
						<line number="966" hits="14" branch="false"/>
						<line number="967" hits="14" branch="false"/>
						<line number="968" hits="14" branch="false"/>
						<line number="969" hits="14" branch="false"/>
						<line number="970" hits="14" branch="false"/>
						<line number="971" hits="14" branch="false"/>
						<line number="972" hits="14" branch="false"/>
						<line number="975" hits="14" branch="false"/>
						<line number="980" hits="14" branch="true" condition-coverage="100% (2/2)">
							<conditions>
								<condition number="0" type="jump" coverage="100%"/>
							</conditions>
						</line>
						<line number="981" hits="4" branch="false"/>
						<line number="985" hits="10" branch="false"/>
						<line number="986" hits="10" branch="false"/>
						<line number="987" hits="10" branch="false"/>
						<line number="988" hits="10" branch="false"/>
						<line number="989" hits="10" branch="false"/>
						<line number="990" hits="10" branch="false"/>
						<line number="991" hits="10" branch="false"/>
						<line number="992" hits="10" branch="false"/>
						<line number="993" hits="10" branch="false"/>
						<line number="994" hits="10" branch="false"/>
						<line number="996" hits="10" branch="false"/>
						<line number="999" hits="1" branch="false"/>
						<line number="1029" hits="3" branch="false"/>
					</lines>
				</class>
			</classes>
		</package>
	</packages>
</coverage>
