<?xml version="1.0"?>
<!DOCTYPE coverage SYSTEM "http://cobertura.sourceforge.net/xml/coverage-04.dtd">

<coverage line-rate="0.25315227934044615" branch-rate="0.19946091644204852" lines-covered="261" lines-valid="1031" branches-covered="148" branches-valid="742" complexity="7.485714285714286" version="2.0.3" timestamp="1747476507216">
	<sources>
		<source>src/main/java</source>
	</sources>
	<packages>
		<package name="org.apache.commons.math3.dfp" line-rate="0.25315227934044615" branch-rate="0.19946091644204852" complexity="7.485714285714286">
			<classes>
				<class name="org.apache.commons.math3.dfp.Dfp" filename="org/apache/commons/math3/dfp/Dfp.java" line-rate="0.2524271844660194" branch-rate="0.19946091644204852" complexity="7.485714285714286">
					<methods>
						<method name="&lt;init&gt;" signature="(Lorg/apache/commons/math3/dfp/Dfp;)V" line-rate="1.0" branch-rate="1.0">
							<lines>
								<line number="322" hits="13" branch="false"/>
								<line number="323" hits="13" branch="false"/>
								<line number="324" hits="13" branch="false"/>
								<line number="325" hits="13" branch="false"/>
								<line number="326" hits="13" branch="false"/>
								<line number="327" hits="13" branch="false"/>
								<line number="328" hits="13" branch="false"/>
							</lines>
						</method>
						<method name="&lt;init&gt;" signature="(Lorg/apache/commons/math3/dfp/DfpField;)V" line-rate="0.2857142857142857" branch-rate="1.0">
							<lines>
								<line number="181" hits="1" branch="false"/>
								<line number="182" hits="1" branch="false"/>
								<line number="183" hits="0" branch="false"/>
								<line number="184" hits="0" branch="false"/>
								<line number="185" hits="0" branch="false"/>
								<line number="186" hits="0" branch="false"/>
								<line number="187" hits="0" branch="false"/>
							</lines>
						</method>
						<method name="&lt;init&gt;" signature="(Lorg/apache/commons/math3/dfp/DfpField;B)V" line-rate="0.5" branch-rate="1.0">
							<lines>
								<line number="194" hits="1" branch="false"/>
								<line number="195" hits="0" branch="false"/>
							</lines>
						</method>
						<method name="&lt;init&gt;" signature="(Lorg/apache/commons/math3/dfp/DfpField;BB)V" line-rate="0.42857142857142855" branch-rate="1.0">
							<lines>
								<line number="541" hits="1" branch="false"/>
								<line number="542" hits="1" branch="false"/>
								<line number="543" hits="1" branch="false"/>
								<line number="544" hits="0" branch="false"/>
								<line number="545" hits="0" branch="false"/>
								<line number="546" hits="0" branch="false"/>
								<line number="547" hits="0" branch="false"/>
							</lines>
						</method>
						<method name="&lt;init&gt;" signature="(Lorg/apache/commons/math3/dfp/DfpField;D)V" line-rate="0.0" branch-rate="0.0">
							<lines>
								<line number="256" hits="0" branch="false"/>
								<line number="259" hits="0" branch="false"/>
								<line number="260" hits="0" branch="false"/>
								<line number="261" hits="0" branch="false"/>
								<line number="262" hits="0" branch="false"/>
								<line number="263" hits="0" branch="false"/>
								<line number="265" hits="0" branch="false"/>
								<line number="266" hits="0" branch="false"/>
								<line number="267" hits="0" branch="false"/>
								<line number="269" hits="0" branch="true" condition-coverage="0% (0/2)">
									<conditions>
										<condition number="0" type="jump" coverage="0%"/>
									</conditions>
								</line>
								<line number="271" hits="0" branch="true" condition-coverage="0% (0/2)">
									<conditions>
										<condition number="0" type="jump" coverage="0%"/>
									</conditions>
								</line>
								<line number="273" hits="0" branch="true" condition-coverage="0% (0/2)">
									<conditions>
										<condition number="0" type="jump" coverage="0%"/>
									</conditions>
								</line>
								<line number="274" hits="0" branch="false"/>
								<line number="276" hits="0" branch="false"/>
								<line number="279" hits="0" branch="false"/>
								<line number="282" hits="0" branch="true" condition-coverage="0% (0/2)">
									<conditions>
										<condition number="0" type="jump" coverage="0%"/>
									</conditions>
								</line>
								<line number="283" hits="0" branch="false"/>
								<line number="284" hits="0" branch="false"/>
								<line number="286" hits="0" branch="false"/>
								<line number="289" hits="0" branch="true" condition-coverage="0% (0/2)">
									<conditions>
										<condition number="0" type="jump" coverage="0%"/>
									</conditions>
								</line>
								<line number="291" hits="0" branch="true" condition-coverage="0% (0/2)">
									<conditions>
										<condition number="0" type="jump" coverage="0%"/>
									</conditions>
								</line>
								<line number="292" hits="0" branch="false"/>
								<line number="293" hits="0" branch="false"/>
								<line number="294" hits="0" branch="true" condition-coverage="0% (0/2)">
									<conditions>
										<condition number="0" type="jump" coverage="0%"/>
									</conditions>
								</line>
								<line number="295" hits="0" branch="false"/>
								<line number="296" hits="0" branch="false"/>
								<line number="298" hits="0" branch="false"/>
								<line number="299" hits="0" branch="false"/>
								<line number="301" hits="0" branch="false"/>
								<line number="304" hits="0" branch="false"/>
								<line number="305" hits="0" branch="false"/>
								<line number="306" hits="0" branch="false"/>
								<line number="308" hits="0" branch="true" condition-coverage="0% (0/2)">
									<conditions>
										<condition number="0" type="jump" coverage="0%"/>
									</conditions>
								</line>
								<line number="309" hits="0" branch="false"/>
								<line number="312" hits="0" branch="false"/>
								<line number="313" hits="0" branch="false"/>
								<line number="314" hits="0" branch="false"/>
								<line number="315" hits="0" branch="false"/>
								<line number="317" hits="0" branch="false"/>
							</lines>
						</method>
						<method name="&lt;init&gt;" signature="(Lorg/apache/commons/math3/dfp/DfpField;I)V" line-rate="1.0" branch-rate="1.0">
							<lines>
								<line number="202" hits="9" branch="false"/>
								<line number="203" hits="9" branch="false"/>
							</lines>
						</method>
						<method name="&lt;init&gt;" signature="(Lorg/apache/commons/math3/dfp/DfpField;J)V" line-rate="0.6666666666666666" branch-rate="0.4166666666666667">
							<lines>
								<line number="209" hits="10" branch="false"/>
								<line number="212" hits="10" branch="false"/>
								<line number="213" hits="9" branch="false"/>
								<line number="214" hits="9" branch="false"/>
								<line number="216" hits="9" branch="false"/>
								<line number="217" hits="9" branch="true" condition-coverage="50% (1/2)">
									<conditions>
										<condition number="0" type="jump" coverage="50%"/>
									</conditions>
								</line>
								<line number="220" hits="0" branch="false"/>
								<line number="221" hits="0" branch="false"/>
								<line number="225" hits="9" branch="true" condition-coverage="50% (1/2)">
									<conditions>
										<condition number="0" type="jump" coverage="50%"/>
									</conditions>
								</line>
								<line number="226" hits="0" branch="false"/>
								<line number="227" hits="0" branch="false"/>
								<line number="229" hits="9" branch="false"/>
								<line number="232" hits="9" branch="false"/>
								<line number="233" hits="16" branch="true" condition-coverage="100% (2/2)">
									<conditions>
										<condition number="0" type="jump" coverage="100%"/>
									</conditions>
								</line>
								<line number="234" hits="7" branch="false"/>
								<line number="235" hits="7" branch="false"/>
								<line number="236" hits="7" branch="false"/>
								<line number="237" hits="7" branch="false"/>
								<line number="240" hits="9" branch="true" condition-coverage="50% (1/2)">
									<conditions>
										<condition number="0" type="jump" coverage="50%"/>
									</conditions>
								</line>
								<line number="243" hits="0" branch="true" condition-coverage="0% (0/2)">
									<conditions>
										<condition number="0" type="jump" coverage="0%"/>
									</conditions>
								</line>
								<line number="244" hits="0" branch="true" condition-coverage="0% (0/2)">
									<conditions>
										<condition number="0" type="jump" coverage="0%"/>
									</conditions>
								</line>
								<line number="245" hits="0" branch="false"/>
								<line number="246" hits="0" branch="false"/>
								<line number="250" hits="9" branch="false"/>
							</lines>
						</method>
						<method name="&lt;init&gt;" signature="(Lorg/apache/commons/math3/dfp/DfpField;Ljava/lang/String;)V" line-rate="0.0" branch-rate="0.0">
							<lines>
								<line number="334" hits="0" branch="false"/>
								<line number="337" hits="0" branch="false"/>
								<line number="338" hits="0" branch="false"/>
								<line number="339" hits="0" branch="false"/>
								<line number="340" hits="0" branch="false"/>
								<line number="341" hits="0" branch="false"/>
								<line number="343" hits="0" branch="false"/>
								<line number="344" hits="0" branch="false"/>
								<line number="345" hits="0" branch="false"/>
								<line number="346" hits="0" branch="false"/>
								<line number="349" hits="0" branch="true" condition-coverage="0% (0/2)">
									<conditions>
										<condition number="0" type="jump" coverage="0%"/>
									</conditions>
								</line>
								<line number="350" hits="0" branch="false"/>
								<line number="351" hits="0" branch="false"/>
								<line number="352" hits="0" branch="false"/>
								<line number="355" hits="0" branch="true" condition-coverage="0% (0/2)">
									<conditions>
										<condition number="0" type="jump" coverage="0%"/>
									</conditions>
								</line>
								<line number="356" hits="0" branch="false"/>
								<line number="357" hits="0" branch="false"/>
								<line number="358" hits="0" branch="false"/>
								<line number="361" hits="0" branch="true" condition-coverage="0% (0/2)">
									<conditions>
										<condition number="0" type="jump" coverage="0%"/>
									</conditions>
								</line>
								<line number="362" hits="0" branch="false"/>
								<line number="363" hits="0" branch="false"/>
								<line number="364" hits="0" branch="false"/>
								<line number="368" hits="0" branch="false"/>
								<line number="369" hits="0" branch="true" condition-coverage="0% (0/2)">
									<conditions>
										<condition number="0" type="jump" coverage="0%"/>
									</conditions>
								</line>
								<line number="370" hits="0" branch="false"/>
								<line number="374" hits="0" branch="false"/>
								<line number="375" hits="0" branch="true" condition-coverage="0% (0/2)">
									<conditions>
										<condition number="0" type="jump" coverage="0%"/>
									</conditions>
								</line>
								<line number="377" hits="0" branch="false"/>
								<line number="378" hits="0" branch="false"/>
								<line number="379" hits="0" branch="false"/>
								<line number="381" hits="0" branch="true" condition-coverage="0% (0/2)">
									<conditions>
										<condition number="0" type="jump" coverage="0%"/>
									</conditions>
								</line>
								<line number="383" hits="0" branch="true" condition-coverage="0% (0/2)">
									<conditions>
										<condition number="0" type="jump" coverage="0%"/>
									</conditions>
								</line>
								<line number="385" hits="0" branch="false"/>
								<line number="386" hits="0" branch="false"/>
								<line number="388" hits="0" branch="true" condition-coverage="0% (0/4)">
									<conditions>
										<condition number="0" type="jump" coverage="0%"/>
										<condition number="1" type="jump" coverage="0%"/>
									</conditions>
								</line>
								<line number="389" hits="0" branch="false"/>
								<line number="393" hits="0" branch="true" condition-coverage="0% (0/2)">
									<conditions>
										<condition number="0" type="jump" coverage="0%"/>
									</conditions>
								</line>
								<line number="394" hits="0" branch="false"/>
								<line number="396" hits="0" branch="false"/>
								<line number="398" hits="0" branch="false"/>
								<line number="402" hits="0" branch="true" condition-coverage="0% (0/2)">
									<conditions>
										<condition number="0" type="jump" coverage="0%"/>
									</conditions>
								</line>
								<line number="403" hits="0" branch="false"/>
								<line number="407" hits="0" branch="false"/>
								<line number="410" hits="0" branch="false"/>
								<line number="412" hits="0" branch="true" condition-coverage="0% (0/4)">
									<conditions>
										<condition number="0" type="jump" coverage="0%"/>
										<condition number="1" type="jump" coverage="0%"/>
									</conditions>
								</line>
								<line number="413" hits="0" branch="false"/>
								<line number="416" hits="0" branch="true" condition-coverage="0% (0/4)">
									<conditions>
										<condition number="0" type="jump" coverage="0%"/>
										<condition number="1" type="jump" coverage="0%"/>
									</conditions>
								</line>
								<line number="417" hits="0" branch="false"/>
								<line number="420" hits="0" branch="true" condition-coverage="0% (0/2)">
									<conditions>
										<condition number="0" type="jump" coverage="0%"/>
									</conditions>
								</line>
								<line number="421" hits="0" branch="false"/>
								<line number="424" hits="0" branch="false"/>
								<line number="426" hits="0" branch="true" condition-coverage="0% (0/2)">
									<conditions>
										<condition number="0" type="jump" coverage="0%"/>
									</conditions>
								</line>
								<line number="427" hits="0" branch="false"/>
								<line number="432" hits="0" branch="false"/>
								<line number="433" hits="0" branch="false"/>
								<line number="434" hits="0" branch="false"/>
								<line number="435" hits="0" branch="false"/>
								<line number="436" hits="0" branch="false"/>
								<line number="437" hits="0" branch="false"/>
								<line number="439" hits="0" branch="true" condition-coverage="0% (0/2)">
									<conditions>
										<condition number="0" type="jump" coverage="0%"/>
									</conditions>
								</line>
								<line number="440" hits="0" branch="false"/>
								<line number="444" hits="0" branch="true" condition-coverage="0% (0/2)">
									<conditions>
										<condition number="0" type="jump" coverage="0%"/>
									</conditions>
								</line>
								<line number="445" hits="0" branch="false"/>
								<line number="448" hits="0" branch="true" condition-coverage="0% (0/2)">
									<conditions>
										<condition number="0" type="jump" coverage="0%"/>
									</conditions>
								</line>
								<line number="449" hits="0" branch="false"/>
								<line number="450" hits="0" branch="false"/>
								<line number="451" hits="0" branch="false"/>
								<line number="452" hits="0" branch="false"/>
								<line number="455" hits="0" branch="true" condition-coverage="0% (0/4)">
									<conditions>
										<condition number="0" type="jump" coverage="0%"/>
										<condition number="1" type="jump" coverage="0%"/>
									</conditions>
								</line>
								<line number="456" hits="0" branch="false"/>
								<line number="457" hits="0" branch="false"/>
								<line number="460" hits="0" branch="false"/>
								<line number="461" hits="0" branch="false"/>
								<line number="462" hits="0" branch="false"/>
								<line number="463" hits="0" branch="false"/>
								<line number="468" hits="0" branch="true" condition-coverage="0% (0/4)">
									<conditions>
										<condition number="0" type="jump" coverage="0%"/>
										<condition number="1" type="jump" coverage="0%"/>
									</conditions>
								</line>
								<line number="470" hits="0" branch="false"/>
								<line number="471" hits="0" branch="true" condition-coverage="0% (0/2)">
									<conditions>
										<condition number="0" type="jump" coverage="0%"/>
									</conditions>
								</line>
								<line number="472" hits="0" branch="false"/>
								<line number="474" hits="0" branch="true" condition-coverage="0% (0/2)">
									<conditions>
										<condition number="0" type="jump" coverage="0%"/>
									</conditions>
								</line>
								<line number="475" hits="0" branch="false"/>
								<line number="483" hits="0" branch="true" condition-coverage="0% (0/4)">
									<conditions>
										<condition number="0" type="jump" coverage="0%"/>
										<condition number="1" type="jump" coverage="0%"/>
									</conditions>
								</line>
								<line number="484" hits="0" branch="false"/>
								<line number="488" hits="0" branch="true" condition-coverage="0% (0/2)">
									<conditions>
										<condition number="0" type="jump" coverage="0%"/>
									</conditions>
								</line>
								<line number="489" hits="0" branch="false"/>
								<line number="493" hits="0" branch="false"/>
								<line number="494" hits="0" branch="false"/>
								<line number="496" hits="0" branch="true" condition-coverage="0% (0/2)">
									<conditions>
										<condition number="0" type="jump" coverage="0%"/>
									</conditions>
								</line>
								<line number="497" hits="0" branch="true" condition-coverage="0% (0/2)">
									<conditions>
										<condition number="0" type="jump" coverage="0%"/>
									</conditions>
								</line>
								<line number="498" hits="0" branch="false"/>
								<line number="500" hits="0" branch="false"/>
								<line number="504" hits="0" branch="false"/>
								<line number="505" hits="0" branch="false"/>
								<line number="506" hits="0" branch="false"/>
								<line number="509" hits="0" branch="true" condition-coverage="0% (0/2)">
									<conditions>
										<condition number="0" type="jump" coverage="0%"/>
									</conditions>
								</line>
								<line number="510" hits="0" branch="true" condition-coverage="0% (0/2)">
									<conditions>
										<condition number="0" type="jump" coverage="0%"/>
									</conditions>
								</line>
								<line number="511" hits="0" branch="false"/>
								<line number="517" hits="0" branch="true" condition-coverage="0% (0/2)">
									<conditions>
										<condition number="0" type="jump" coverage="0%"/>
									</conditions>
								</line>
								<line number="518" hits="0" branch="false"/>
								<line number="522" hits="0" branch="false"/>
								<line number="526" hits="0" branch="false"/>
								<line number="528" hits="0" branch="true" condition-coverage="0% (0/2)">
									<conditions>
										<condition number="0" type="jump" coverage="0%"/>
									</conditions>
								</line>
								<line number="530" hits="0" branch="false"/>
								<line number="533" hits="0" branch="false"/>
							</lines>
						</method>
						<method name="abs" signature="()Lorg/apache/commons/math3/dfp/Dfp;" line-rate="0.0" branch-rate="1.0">
							<lines>
								<line number="863" hits="0" branch="false"/>
								<line number="864" hits="0" branch="false"/>
								<line number="865" hits="0" branch="false"/>
							</lines>
						</method>
						<method name="add" signature="(Ljava/lang/Object;)Ljava/lang/Object;" line-rate="0.0" branch-rate="1.0">
							<lines>
								<line number="96" hits="0" branch="false"/>
							</lines>
						</method>
						<method name="add" signature="(Lorg/apache/commons/math3/dfp/Dfp;)Lorg/apache/commons/math3/dfp/Dfp;" line-rate="0.48" branch-rate="0.27419354838709675">
							<lines>
								<line number="1254" hits="2" branch="true" condition-coverage="50% (1/2)">
									<conditions>
										<condition number="0" type="jump" coverage="50%"/>
									</conditions>
								</line>
								<line number="1255" hits="0" branch="false"/>
								<line number="1256" hits="0" branch="false"/>
								<line number="1257" hits="0" branch="false"/>
								<line number="1258" hits="0" branch="false"/>
								<line number="1262" hits="2" branch="true" condition-coverage="50% (2/4)">
									<conditions>
										<condition number="0" type="jump" coverage="50%"/>
										<condition number="1" type="jump" coverage="50%"/>
									</conditions>
								</line>
								<line number="1263" hits="0" branch="true" condition-coverage="0% (0/2)">
									<conditions>
										<condition number="0" type="jump" coverage="0%"/>
									</conditions>
								</line>
								<line number="1264" hits="0" branch="false"/>
								<line number="1267" hits="0" branch="true" condition-coverage="0% (0/2)">
									<conditions>
										<condition number="0" type="jump" coverage="0%"/>
									</conditions>
								</line>
								<line number="1268" hits="0" branch="false"/>
								<line number="1271" hits="0" branch="true" condition-coverage="0% (0/4)">
									<conditions>
										<condition number="0" type="jump" coverage="0%"/>
										<condition number="1" type="jump" coverage="0%"/>
									</conditions>
								</line>
								<line number="1272" hits="0" branch="false"/>
								<line number="1275" hits="0" branch="true" condition-coverage="0% (0/4)">
									<conditions>
										<condition number="0" type="jump" coverage="0%"/>
										<condition number="1" type="jump" coverage="0%"/>
									</conditions>
								</line>
								<line number="1276" hits="0" branch="false"/>
								<line number="1279" hits="0" branch="true" condition-coverage="0% (0/6)">
									<conditions>
										<condition number="0" type="jump" coverage="0%"/>
										<condition number="1" type="jump" coverage="0%"/>
										<condition number="2" type="jump" coverage="0%"/>
									</conditions>
								</line>
								<line number="1280" hits="0" branch="false"/>
								<line number="1283" hits="0" branch="true" condition-coverage="0% (0/6)">
									<conditions>
										<condition number="0" type="jump" coverage="0%"/>
										<condition number="1" type="jump" coverage="0%"/>
										<condition number="2" type="jump" coverage="0%"/>
									</conditions>
								</line>
								<line number="1284" hits="0" branch="false"/>
								<line number="1285" hits="0" branch="false"/>
								<line number="1286" hits="0" branch="false"/>
								<line number="1287" hits="0" branch="false"/>
								<line number="1288" hits="0" branch="false"/>
								<line number="1293" hits="2" branch="false"/>
								<line number="1294" hits="2" branch="false"/>
								<line number="1297" hits="2" branch="false"/>
								<line number="1300" hits="2" branch="false"/>
								<line number="1301" hits="2" branch="false"/>
								<line number="1303" hits="2" branch="false"/>
								<line number="1304" hits="2" branch="false"/>
								<line number="1307" hits="2" branch="false"/>
								<line number="1308" hits="2" branch="true" condition-coverage="50% (1/2)">
									<conditions>
										<condition number="0" type="jump" coverage="50%"/>
									</conditions>
								</line>
								<line number="1309" hits="2" branch="false"/>
								<line number="1315" hits="2" branch="true" condition-coverage="50% (1/2)">
									<conditions>
										<condition number="0" type="jump" coverage="50%"/>
									</conditions>
								</line>
								<line number="1316" hits="0" branch="false"/>
								<line number="1319" hits="2" branch="true" condition-coverage="50% (1/2)">
									<conditions>
										<condition number="0" type="jump" coverage="50%"/>
									</conditions>
								</line>
								<line number="1320" hits="0" branch="false"/>
								<line number="1324" hits="2" branch="false"/>
								<line number="1325" hits="2" branch="false"/>
								<line number="1326" hits="2" branch="true" condition-coverage="50% (1/2)">
									<conditions>
										<condition number="0" type="jump" coverage="50%"/>
									</conditions>
								</line>
								<line number="1327" hits="0" branch="false"/>
								<line number="1329" hits="2" branch="false"/>
								<line number="1333" hits="2" branch="true" condition-coverage="50% (1/2)">
									<conditions>
										<condition number="0" type="jump" coverage="50%"/>
									</conditions>
								</line>
								<line number="1334" hits="2" branch="true" condition-coverage="50% (1/2)">
									<conditions>
										<condition number="0" type="jump" coverage="50%"/>
									</conditions>
								</line>
								<line number="1335" hits="2" branch="false"/>
								<line number="1337" hits="0" branch="false"/>
								<line number="1342" hits="2" branch="false"/>
								<line number="1343" hits="102" branch="true" condition-coverage="100% (2/2)">
									<conditions>
										<condition number="0" type="jump" coverage="100%"/>
									</conditions>
								</line>
								<line number="1344" hits="100" branch="false"/>
								<line number="1345" hits="100" branch="false"/>
								<line number="1346" hits="100" branch="false"/>
								<line number="1348" hits="2" branch="false"/>
								<line number="1349" hits="2" branch="false"/>
								<line number="1354" hits="2" branch="true" condition-coverage="50% (2/4)">
									<conditions>
										<condition number="0" type="jump" coverage="50%"/>
										<condition number="1" type="jump" coverage="50%"/>
									</conditions>
								</line>
								<line number="1355" hits="0" branch="false"/>
								<line number="1356" hits="0" branch="false"/>
								<line number="1357" hits="0" branch="false"/>
								<line number="1358" hits="0" branch="false"/>
								<line number="1359" hits="0" branch="true" condition-coverage="0% (0/2)">
									<conditions>
										<condition number="0" type="jump" coverage="0%"/>
									</conditions>
								</line>
								<line number="1360" hits="0" branch="false"/>
								<line number="1365" hits="2" branch="true" condition-coverage="50% (1/2)">
									<conditions>
										<condition number="0" type="jump" coverage="50%"/>
									</conditions>
								</line>
								<line number="1366" hits="2" branch="true" condition-coverage="50% (1/2)">
									<conditions>
										<condition number="0" type="jump" coverage="50%"/>
									</conditions>
								</line>
								<line number="1367" hits="2" branch="false"/>
								<line number="1369" hits="0" branch="false"/>
								<line number="1370" hits="0" branch="true" condition-coverage="0% (0/2)">
									<conditions>
										<condition number="0" type="jump" coverage="0%"/>
									</conditions>
								</line>
								<line number="1371" hits="0" branch="false"/>
								<line number="1372" hits="0" branch="false"/>
								<line number="1373" hits="0" branch="false"/>
								<line number="1378" hits="2" branch="true" condition-coverage="50% (1/2)">
									<conditions>
										<condition number="0" type="jump" coverage="50%"/>
									</conditions>
								</line>
								<line number="1379" hits="0" branch="false"/>
								<line number="1381" hits="0" branch="true" condition-coverage="0% (0/2)">
									<conditions>
										<condition number="0" type="jump" coverage="0%"/>
									</conditions>
								</line>
								<line number="1383" hits="0" branch="false"/>
								<line number="1388" hits="2" branch="false"/>
								<line number="1389" hits="2" branch="true" condition-coverage="50% (1/2)">
									<conditions>
										<condition number="0" type="jump" coverage="50%"/>
									</conditions>
								</line>
								<line number="1390" hits="0" branch="false"/>
								<line number="1393" hits="2" branch="false"/>
							</lines>
						</method>
						<method name="align" signature="(I)I" line-rate="0.64" branch-rate="0.7142857142857143">
							<lines>
								<line number="697" hits="2" branch="false"/>
								<line number="698" hits="2" branch="false"/>
								<line number="700" hits="2" branch="false"/>
								<line number="702" hits="2" branch="false"/>
								<line number="703" hits="2" branch="true" condition-coverage="100% (2/2)">
									<conditions>
										<condition number="0" type="jump" coverage="100%"/>
									</conditions>
								</line>
								<line number="704" hits="1" branch="false"/>
								<line number="707" hits="2" branch="true" condition-coverage="100% (2/2)">
									<conditions>
										<condition number="0" type="jump" coverage="100%"/>
									</conditions>
								</line>
								<line number="708" hits="1" branch="false"/>
								<line number="711" hits="1" branch="true" condition-coverage="50% (1/2)">
									<conditions>
										<condition number="0" type="jump" coverage="50%"/>
									</conditions>
								</line>
								<line number="713" hits="0" branch="false"/>
								<line number="714" hits="0" branch="false"/>
								<line number="716" hits="0" branch="false"/>
								<line number="717" hits="0" branch="false"/>
								<line number="719" hits="0" branch="false"/>
								<line number="722" hits="2" branch="true" condition-coverage="100% (2/2)">
									<conditions>
										<condition number="0" type="jump" coverage="100%"/>
									</conditions>
								</line>
								<line number="723" hits="1" branch="true" condition-coverage="50% (1/2)">
									<conditions>
										<condition number="0" type="jump" coverage="50%"/>
									</conditions>
								</line>
								<line number="728" hits="1" branch="true" condition-coverage="50% (1/2)">
									<conditions>
										<condition number="0" type="jump" coverage="50%"/>
									</conditions>
								</line>
								<line number="729" hits="0" branch="false"/>
								<line number="732" hits="1" branch="false"/>
								<line number="734" hits="1" branch="false"/>
								<line number="736" hits="0" branch="false"/>
								<line number="740" hits="1" branch="true" condition-coverage="50% (1/2)">
									<conditions>
										<condition number="0" type="jump" coverage="50%"/>
									</conditions>
								</line>
								<line number="741" hits="0" branch="false"/>
								<line number="742" hits="0" branch="false"/>
								<line number="745" hits="1" branch="false"/>
							</lines>
						</method>
						<method name="ceil" signature="()Lorg/apache/commons/math3/dfp/Dfp;" line-rate="0.0" branch-rate="1.0">
							<lines>
								<line number="1020" hits="0" branch="false"/>
							</lines>
						</method>
						<method name="classify" signature="()I" line-rate="0.0" branch-rate="1.0">
							<lines>
								<line number="2314" hits="0" branch="false"/>
							</lines>
						</method>
						<method name="compare" signature="(Lorg/apache/commons/math3/dfp/Dfp;Lorg/apache/commons/math3/dfp/Dfp;)I" line-rate="0.6086956521739131" branch-rate="0.42105263157894735">
							<lines>
								<line number="946" hits="6" branch="true" condition-coverage="12% (1/8)">
									<conditions>
										<condition number="0" type="jump" coverage="50%"/>
										<condition number="1" type="jump" coverage="0%"/>
										<condition number="2" type="jump" coverage="0%"/>
										<condition number="3" type="jump" coverage="0%"/>
									</conditions>
								</line>
								<line number="948" hits="0" branch="false"/>
								<line number="951" hits="6" branch="true" condition-coverage="50% (1/2)">
									<conditions>
										<condition number="0" type="jump" coverage="50%"/>
									</conditions>
								</line>
								<line number="952" hits="0" branch="true" condition-coverage="0% (0/2)">
									<conditions>
										<condition number="0" type="jump" coverage="0%"/>
									</conditions>
								</line>
								<line number="953" hits="0" branch="false"/>
								<line number="955" hits="0" branch="false"/>
								<line number="960" hits="6" branch="true" condition-coverage="25% (1/4)">
									<conditions>
										<condition number="0" type="jump" coverage="50%"/>
										<condition number="1" type="jump" coverage="0%"/>
									</conditions>
								</line>
								<line number="961" hits="0" branch="false"/>
								<line number="964" hits="6" branch="true" condition-coverage="50% (2/4)">
									<conditions>
										<condition number="0" type="jump" coverage="50%"/>
										<condition number="1" type="jump" coverage="50%"/>
									</conditions>
								</line>
								<line number="965" hits="0" branch="false"/>
								<line number="968" hits="6" branch="true" condition-coverage="25% (1/4)">
									<conditions>
										<condition number="0" type="jump" coverage="50%"/>
										<condition number="1" type="jump" coverage="0%"/>
									</conditions>
								</line>
								<line number="969" hits="0" branch="false"/>
								<line number="973" hits="6" branch="true" condition-coverage="75% (3/4)">
									<conditions>
										<condition number="0" type="jump" coverage="100%"/>
										<condition number="1" type="jump" coverage="50%"/>
									</conditions>
								</line>
								<line number="974" hits="4" branch="true" condition-coverage="50% (1/2)">
									<conditions>
										<condition number="0" type="jump" coverage="50%"/>
									</conditions>
								</line>
								<line number="975" hits="0" branch="false"/>
								<line number="978" hits="4" branch="true" condition-coverage="100% (2/2)">
									<conditions>
										<condition number="0" type="jump" coverage="100%"/>
									</conditions>
								</line>
								<line number="979" hits="1" branch="false"/>
								<line number="984" hits="5" branch="true" condition-coverage="50% (1/2)">
									<conditions>
										<condition number="0" type="jump" coverage="50%"/>
									</conditions>
								</line>
								<line number="985" hits="5" branch="true" condition-coverage="100% (2/2)">
									<conditions>
										<condition number="0" type="jump" coverage="100%"/>
									</conditions>
								</line>
								<line number="986" hits="3" branch="false"/>
								<line number="989" hits="2" branch="true" condition-coverage="50% (1/2)">
									<conditions>
										<condition number="0" type="jump" coverage="50%"/>
									</conditions>
								</line>
								<line number="990" hits="2" branch="false"/>
								<line number="994" hits="0" branch="false"/>
							</lines>
						</method>
						<method name="complement" signature="(I)I" line-rate="1.0" branch-rate="1.0">
							<lines>
								<line number="1231" hits="2" branch="false"/>
								<line number="1232" hits="102" branch="true" condition-coverage="100% (2/2)">
									<conditions>
										<condition number="0" type="jump" coverage="100%"/>
									</conditions>
								</line>
								<line number="1233" hits="100" branch="false"/>
								<line number="1236" hits="2" branch="false"/>
								<line number="1237" hits="2" branch="false"/>
								<line number="1238" hits="102" branch="true" condition-coverage="100% (2/2)">
									<conditions>
										<condition number="0" type="jump" coverage="100%"/>
									</conditions>
								</line>
								<line number="1239" hits="100" branch="false"/>
								<line number="1240" hits="100" branch="false"/>
								<line number="1241" hits="100" branch="false"/>
								<line number="1244" hits="2" branch="false"/>
							</lines>
						</method>
						<method name="copysign" signature="(Lorg/apache/commons/math3/dfp/Dfp;Lorg/apache/commons/math3/dfp/Dfp;)Lorg/apache/commons/math3/dfp/Dfp;" line-rate="0.3333333333333333" branch-rate="1.0">
							<lines>
								<line number="2324" hits="1" branch="false"/>
								<line number="2325" hits="0" branch="false"/>
								<line number="2326" hits="0" branch="false"/>
							</lines>
						</method>
						<method name="dfp2sci" signature="()Ljava/lang/String;" line-rate="0.0" branch-rate="0.0">
							<lines>
								<line number="2079" hits="0" branch="false"/>
								<line number="2080" hits="0" branch="false"/>
								<line number="2088" hits="0" branch="false"/>
								<line number="2089" hits="0" branch="true" condition-coverage="0% (0/2)">
									<conditions>
										<condition number="0" type="jump" coverage="0%"/>
									</conditions>
								</line>
								<line number="2090" hits="0" branch="false"/>
								<line number="2091" hits="0" branch="false"/>
								<line number="2092" hits="0" branch="false"/>
								<line number="2093" hits="0" branch="false"/>
								<line number="2097" hits="0" branch="true" condition-coverage="0% (0/2)">
									<conditions>
										<condition number="0" type="jump" coverage="0%"/>
									</conditions>
								</line>
								<line number="2098" hits="0" branch="true" condition-coverage="0% (0/2)">
									<conditions>
										<condition number="0" type="jump" coverage="0%"/>
									</conditions>
								</line>
								<line number="2099" hits="0" branch="false"/>
								<line number="2102" hits="0" branch="false"/>
								<line number="2105" hits="0" branch="false"/>
								<line number="2106" hits="0" branch="true" condition-coverage="0% (0/2)">
									<conditions>
										<condition number="0" type="jump" coverage="0%"/>
									</conditions>
								</line>
								<line number="2107" hits="0" branch="false"/>
								<line number="2110" hits="0" branch="true" condition-coverage="0% (0/2)">
									<conditions>
										<condition number="0" type="jump" coverage="0%"/>
									</conditions>
								</line>
								<line number="2112" hits="0" branch="false"/>
								<line number="2113" hits="0" branch="false"/>
								<line number="2115" hits="0" branch="true" condition-coverage="0% (0/2)">
									<conditions>
										<condition number="0" type="jump" coverage="0%"/>
									</conditions>
								</line>
								<line number="2116" hits="0" branch="false"/>
								<line number="2119" hits="0" branch="false"/>
								<line number="2120" hits="0" branch="false"/>
								<line number="2121" hits="0" branch="false"/>
								<line number="2122" hits="0" branch="false"/>
								<line number="2123" hits="0" branch="false"/>
								<line number="2124" hits="0" branch="false"/>
								<line number="2127" hits="0" branch="false"/>
								<line number="2131" hits="0" branch="false"/>
								<line number="2132" hits="0" branch="false"/>
								<line number="2133" hits="0" branch="true" condition-coverage="0% (0/2)">
									<conditions>
										<condition number="0" type="jump" coverage="0%"/>
									</conditions>
								</line>
								<line number="2134" hits="0" branch="false"/>
								<line number="2138" hits="0" branch="true" condition-coverage="0% (0/2)">
									<conditions>
										<condition number="0" type="jump" coverage="0%"/>
									</conditions>
								</line>
								<line number="2142" hits="0" branch="true" condition-coverage="0% (0/2)">
									<conditions>
										<condition number="0" type="jump" coverage="0%"/>
									</conditions>
								</line>
								<line number="2143" hits="0" branch="false"/>
								<line number="2146" hits="0" branch="true" condition-coverage="0% (0/2)">
									<conditions>
										<condition number="0" type="jump" coverage="0%"/>
									</conditions>
								</line>
								<line number="2147" hits="0" branch="false"/>
								<line number="2148" hits="0" branch="false"/>
								<line number="2149" hits="0" branch="false"/>
								<line number="2152" hits="0" branch="false"/>
							</lines>
						</method>
						<method name="dfp2string" signature="()Ljava/lang/String;" line-rate="0.0" branch-rate="0.0">
							<lines>
								<line number="2160" hits="0" branch="false"/>
								<line number="2161" hits="0" branch="false"/>
								<line number="2163" hits="0" branch="false"/>
								<line number="2164" hits="0" branch="false"/>
								<line number="2166" hits="0" branch="false"/>
								<line number="2168" hits="0" branch="true" condition-coverage="0% (0/2)">
									<conditions>
										<condition number="0" type="jump" coverage="0%"/>
									</conditions>
								</line>
								<line number="2169" hits="0" branch="false"/>
								<line number="2170" hits="0" branch="false"/>
								<line number="2171" hits="0" branch="false"/>
								<line number="2174" hits="0" branch="true" condition-coverage="0% (0/2)">
									<conditions>
										<condition number="0" type="jump" coverage="0%"/>
									</conditions>
								</line>
								<line number="2175" hits="0" branch="false"/>
								<line number="2176" hits="0" branch="false"/>
								<line number="2177" hits="0" branch="false"/>
								<line number="2178" hits="0" branch="false"/>
								<line number="2179" hits="0" branch="false"/>
								<line number="2182" hits="0" branch="true" condition-coverage="0% (0/2)">
									<conditions>
										<condition number="0" type="jump" coverage="0%"/>
									</conditions>
								</line>
								<line number="2183" hits="0" branch="false"/>
								<line number="2184" hits="0" branch="false"/>
								<line number="2185" hits="0" branch="false"/>
								<line number="2186" hits="0" branch="false"/>
								<line number="2187" hits="0" branch="true" condition-coverage="0% (0/2)">
									<conditions>
										<condition number="0" type="jump" coverage="0%"/>
									</conditions>
								</line>
								<line number="2188" hits="0" branch="false"/>
								<line number="2189" hits="0" branch="false"/>
								<line number="2193" hits="0" branch="true" condition-coverage="0% (0/2)">
									<conditions>
										<condition number="0" type="jump" coverage="0%"/>
									</conditions>
								</line>
								<line number="2194" hits="0" branch="false"/>
								<line number="2195" hits="0" branch="false"/>
								<line number="2196" hits="0" branch="false"/>
								<line number="2197" hits="0" branch="false"/>
								<line number="2198" hits="0" branch="false"/>
								<line number="2201" hits="0" branch="true" condition-coverage="0% (0/2)">
									<conditions>
										<condition number="0" type="jump" coverage="0%"/>
									</conditions>
								</line>
								<line number="2203" hits="0" branch="false"/>
								<line number="2207" hits="0" branch="false"/>
								<line number="2208" hits="0" branch="true" condition-coverage="0% (0/2)">
									<conditions>
										<condition number="0" type="jump" coverage="0%"/>
									</conditions>
								</line>
								<line number="2209" hits="0" branch="false"/>
								<line number="2211" hits="0" branch="true" condition-coverage="0% (0/2)">
									<conditions>
										<condition number="0" type="jump" coverage="0%"/>
									</conditions>
								</line>
								<line number="2212" hits="0" branch="false"/>
								<line number="2216" hits="0" branch="true" condition-coverage="0% (0/2)">
									<conditions>
										<condition number="0" type="jump" coverage="0%"/>
									</conditions>
								</line>
								<line number="2217" hits="0" branch="false"/>
								<line number="2221" hits="0" branch="true" condition-coverage="0% (0/2)">
									<conditions>
										<condition number="0" type="jump" coverage="0%"/>
									</conditions>
								</line>
								<line number="2222" hits="0" branch="false"/>
								<line number="2225" hits="0" branch="false"/>
							</lines>
						</method>
						<method name="divide" signature="(I)Lorg/apache/commons/math3/dfp/Dfp;" line-rate="0.5428571428571428" branch-rate="0.4444444444444444">
							<lines>
								<line number="1895" hits="1" branch="true" condition-coverage="50% (1/2)">
									<conditions>
										<condition number="0" type="jump" coverage="50%"/>
									</conditions>
								</line>
								<line number="1896" hits="0" branch="true" condition-coverage="0% (0/2)">
									<conditions>
										<condition number="0" type="jump" coverage="0%"/>
									</conditions>
								</line>
								<line number="1897" hits="0" branch="false"/>
								<line number="1900" hits="0" branch="true" condition-coverage="0% (0/2)">
									<conditions>
										<condition number="0" type="jump" coverage="0%"/>
									</conditions>
								</line>
								<line number="1901" hits="0" branch="false"/>
								<line number="1906" hits="1" branch="true" condition-coverage="50% (1/2)">
									<conditions>
										<condition number="0" type="jump" coverage="50%"/>
									</conditions>
								</line>
								<line number="1907" hits="0" branch="false"/>
								<line number="1908" hits="0" branch="false"/>
								<line number="1909" hits="0" branch="false"/>
								<line number="1910" hits="0" branch="false"/>
								<line number="1911" hits="0" branch="false"/>
								<line number="1912" hits="0" branch="false"/>
								<line number="1916" hits="1" branch="true" condition-coverage="50% (2/4)">
									<conditions>
										<condition number="0" type="jump" coverage="50%"/>
										<condition number="1" type="jump" coverage="50%"/>
									</conditions>
								</line>
								<line number="1917" hits="0" branch="false"/>
								<line number="1918" hits="0" branch="false"/>
								<line number="1919" hits="0" branch="false"/>
								<line number="1920" hits="0" branch="false"/>
								<line number="1921" hits="0" branch="false"/>
								<line number="1924" hits="1" branch="false"/>
								<line number="1926" hits="1" branch="false"/>
								<line number="1927" hits="51" branch="true" condition-coverage="100% (2/2)">
									<conditions>
										<condition number="0" type="jump" coverage="100%"/>
									</conditions>
								</line>
								<line number="1928" hits="50" branch="false"/>
								<line number="1929" hits="50" branch="false"/>
								<line number="1930" hits="50" branch="false"/>
								<line number="1931" hits="50" branch="false"/>
								<line number="1934" hits="1" branch="true" condition-coverage="50% (1/2)">
									<conditions>
										<condition number="0" type="jump" coverage="50%"/>
									</conditions>
								</line>
								<line number="1936" hits="1" branch="false"/>
								<line number="1937" hits="1" branch="false"/>
								<line number="1938" hits="1" branch="false"/>
								<line number="1939" hits="1" branch="false"/>
								<line number="1940" hits="1" branch="false"/>
								<line number="1943" hits="1" branch="false"/>
								<line number="1944" hits="1" branch="true" condition-coverage="50% (1/2)">
									<conditions>
										<condition number="0" type="jump" coverage="50%"/>
									</conditions>
								</line>
								<line number="1945" hits="0" branch="false"/>
								<line number="1948" hits="1" branch="false"/>
							</lines>
						</method>
						<method name="divide" signature="(Ljava/lang/Object;)Ljava/lang/Object;" line-rate="1.0" branch-rate="1.0">
							<lines>
							</lines>
						</method>
						<method name="divide" signature="(Lorg/apache/commons/math3/dfp/Dfp;)Lorg/apache/commons/math3/dfp/Dfp;" line-rate="0.7" branch-rate="0.5789473684210527">
							<lines>
								<line number="1683" hits="2" branch="false"/>
								<line number="1686" hits="2" branch="false"/>
								<line number="1690" hits="2" branch="true" condition-coverage="50% (1/2)">
									<conditions>
										<condition number="0" type="jump" coverage="50%"/>
									</conditions>
								</line>
								<line number="1691" hits="0" branch="false"/>
								<line number="1692" hits="0" branch="false"/>
								<line number="1693" hits="0" branch="false"/>
								<line number="1694" hits="0" branch="false"/>
								<line number="1697" hits="2" branch="false"/>
								<line number="1700" hits="2" branch="true" condition-coverage="50% (2/4)">
									<conditions>
										<condition number="0" type="jump" coverage="50%"/>
										<condition number="1" type="jump" coverage="50%"/>
									</conditions>
								</line>
								<line number="1701" hits="0" branch="true" condition-coverage="0% (0/2)">
									<conditions>
										<condition number="0" type="jump" coverage="0%"/>
									</conditions>
								</line>
								<line number="1702" hits="0" branch="false"/>
								<line number="1705" hits="0" branch="true" condition-coverage="0% (0/2)">
									<conditions>
										<condition number="0" type="jump" coverage="0%"/>
									</conditions>
								</line>
								<line number="1706" hits="0" branch="false"/>
								<line number="1709" hits="0" branch="true" condition-coverage="0% (0/4)">
									<conditions>
										<condition number="0" type="jump" coverage="0%"/>
										<condition number="1" type="jump" coverage="0%"/>
									</conditions>
								</line>
								<line number="1710" hits="0" branch="false"/>
								<line number="1711" hits="0" branch="false"/>
								<line number="1712" hits="0" branch="false"/>
								<line number="1715" hits="0" branch="true" condition-coverage="0% (0/4)">
									<conditions>
										<condition number="0" type="jump" coverage="0%"/>
										<condition number="1" type="jump" coverage="0%"/>
									</conditions>
								</line>
								<line number="1716" hits="0" branch="false"/>
								<line number="1717" hits="0" branch="false"/>
								<line number="1718" hits="0" branch="false"/>
								<line number="1721" hits="0" branch="true" condition-coverage="0% (0/4)">
									<conditions>
										<condition number="0" type="jump" coverage="0%"/>
										<condition number="1" type="jump" coverage="0%"/>
									</conditions>
								</line>
								<line number="1722" hits="0" branch="false"/>
								<line number="1723" hits="0" branch="false"/>
								<line number="1724" hits="0" branch="false"/>
								<line number="1725" hits="0" branch="false"/>
								<line number="1726" hits="0" branch="false"/>
								<line number="1731" hits="2" branch="true" condition-coverage="50% (1/2)">
									<conditions>
										<condition number="0" type="jump" coverage="50%"/>
									</conditions>
								</line>
								<line number="1732" hits="0" branch="false"/>
								<line number="1733" hits="0" branch="false"/>
								<line number="1734" hits="0" branch="false"/>
								<line number="1735" hits="0" branch="false"/>
								<line number="1736" hits="0" branch="false"/>
								<line number="1737" hits="0" branch="false"/>
								<line number="1740" hits="2" branch="false"/>
								<line number="1741" hits="2" branch="false"/>
								<line number="1742" hits="2" branch="false"/>
								<line number="1746" hits="2" branch="false"/>
								<line number="1747" hits="2" branch="false"/>
								<line number="1748" hits="2" branch="false"/>
								<line number="1749" hits="2" branch="false"/>
								<line number="1754" hits="102" branch="true" condition-coverage="100% (2/2)">
									<conditions>
										<condition number="0" type="jump" coverage="100%"/>
									</conditions>
								</line>
								<line number="1755" hits="100" branch="false"/>
								<line number="1756" hits="100" branch="false"/>
								<line number="1757" hits="100" branch="false"/>
								<line number="1761" hits="2" branch="false"/>
								<line number="1762" hits="68" branch="true" condition-coverage="50% (1/2)">
									<conditions>
										<condition number="0" type="jump" coverage="50%"/>
									</conditions>
								</line>
								<line number="1766" hits="68" branch="false"/>
								<line number="1767" hits="68" branch="false"/>
								<line number="1768" hits="68" branch="false"/>
								<line number="1770" hits="68" branch="false"/>
								<line number="1771" hits="260" branch="true" condition-coverage="100% (2/2)">
									<conditions>
										<condition number="0" type="jump" coverage="100%"/>
									</conditions>
								</line>
								<line number="1773" hits="193" branch="false"/>
								<line number="1776" hits="193" branch="false"/>
								<line number="1777" hits="10000" branch="true" condition-coverage="100% (2/2)">
									<conditions>
										<condition number="0" type="jump" coverage="100%"/>
									</conditions>
								</line>
								<line number="1778" hits="9807" branch="true" condition-coverage="100% (2/2)">
									<conditions>
										<condition number="0" type="jump" coverage="100%"/>
									</conditions>
								</line>
								<line number="1779" hits="9807" branch="false"/>
								<line number="1780" hits="9807" branch="false"/>
								<line number="1781" hits="9807" branch="false"/>
								<line number="1785" hits="192" branch="false"/>
								<line number="1786" hits="9984" branch="true" condition-coverage="100% (2/2)">
									<conditions>
										<condition number="0" type="jump" coverage="100%"/>
									</conditions>
								</line>
								<line number="1787" hits="9792" branch="false"/>
								<line number="1788" hits="9792" branch="false"/>
								<line number="1789" hits="9792" branch="false"/>
								<line number="1793" hits="192" branch="true" condition-coverage="100% (2/2)">
									<conditions>
										<condition number="0" type="jump" coverage="100%"/>
									</conditions>
								</line>
								<line number="1795" hits="78" branch="false"/>
								<line number="1796" hits="78" branch="false"/>
								<line number="1800" hits="114" branch="false"/>
								<line number="1801" hits="114" branch="false"/>
								<line number="1803" hits="114" branch="true" condition-coverage="100% (2/2)">
									<conditions>
										<condition number="0" type="jump" coverage="100%"/>
									</conditions>
								</line>
								<line number="1804" hits="31" branch="false"/>
								<line number="1805" hits="31" branch="false"/>
								<line number="1810" hits="83" branch="false"/>
								<line number="1811" hits="3483" branch="true" condition-coverage="100% (2/2)">
									<conditions>
										<condition number="0" type="jump" coverage="100%"/>
									</conditions>
								</line>
								<line number="1812" hits="3415" branch="true" condition-coverage="100% (2/2)">
									<conditions>
										<condition number="0" type="jump" coverage="100%"/>
									</conditions>
								</line>
								<line number="1813" hits="67" branch="false"/>
								<line number="1815" hits="3415" branch="true" condition-coverage="100% (2/2)">
									<conditions>
										<condition number="0" type="jump" coverage="100%"/>
									</conditions>
								</line>
								<line number="1816" hits="15" branch="false"/>
								<line number="1820" hits="83" branch="true" condition-coverage="50% (1/2)">
									<conditions>
										<condition number="0" type="jump" coverage="50%"/>
									</conditions>
								</line>
								<line number="1821" hits="0" branch="false"/>
								<line number="1824" hits="83" branch="true" condition-coverage="100% (2/2)">
									<conditions>
										<condition number="0" type="jump" coverage="100%"/>
									</conditions>
								</line>
								<line number="1825" hits="16" branch="false"/>
								<line number="1827" hits="83" branch="false"/>
								<line number="1830" hits="67" branch="false"/>
								<line number="1831" hits="67" branch="true" condition-coverage="75% (3/4)">
									<conditions>
										<condition number="0" type="jump" coverage="100%"/>
										<condition number="1" type="jump" coverage="50%"/>
									</conditions>
								</line>
								<line number="1832" hits="67" branch="false"/>
								<line number="1835" hits="67" branch="true" condition-coverage="25% (1/4)">
									<conditions>
										<condition number="0" type="jump" coverage="50%"/>
										<condition number="1" type="jump" coverage="0%"/>
									</conditions>
								</line>
								<line number="1837" hits="0" branch="false"/>
								<line number="1840" hits="67" branch="true" condition-coverage="100% (2/2)">
									<conditions>
										<condition number="0" type="jump" coverage="100%"/>
									</conditions>
								</line>
								<line number="1842" hits="1" branch="false"/>
								<line number="1846" hits="66" branch="false"/>
								<line number="1847" hits="3366" branch="true" condition-coverage="100% (2/2)">
									<conditions>
										<condition number="0" type="jump" coverage="100%"/>
									</conditions>
								</line>
								<line number="1848" hits="3300" branch="false"/>
								<line number="1853" hits="1" branch="false"/>
								<line number="1854" hits="1" branch="true" condition-coverage="50% (1/2)">
									<conditions>
										<condition number="0" type="jump" coverage="50%"/>
									</conditions>
								</line>
								<line number="1855" hits="1" branch="true" condition-coverage="50% (1/2)">
									<conditions>
										<condition number="0" type="jump" coverage="50%"/>
									</conditions>
								</line>
								<line number="1856" hits="1" branch="false"/>
								<line number="1857" hits="1" branch="false"/>
								<line number="1862" hits="51" branch="true" condition-coverage="100% (2/2)">
									<conditions>
										<condition number="0" type="jump" coverage="100%"/>
									</conditions>
								</line>
								<line number="1863" hits="50" branch="false"/>
								<line number="1867" hits="1" branch="false"/>
								<line number="1868" hits="1" branch="true" condition-coverage="50% (1/2)">
									<conditions>
										<condition number="0" type="jump" coverage="50%"/>
									</conditions>
								</line>
								<line number="1870" hits="1" branch="true" condition-coverage="50% (1/2)">
									<conditions>
										<condition number="0" type="jump" coverage="50%"/>
									</conditions>
								</line>
								<line number="1871" hits="0" branch="false"/>
								<line number="1874" hits="1" branch="true" condition-coverage="50% (1/2)">
									<conditions>
										<condition number="0" type="jump" coverage="50%"/>
									</conditions>
								</line>
								<line number="1875" hits="1" branch="false"/>
								<line number="1877" hits="0" branch="false"/>
								<line number="1880" hits="1" branch="true" condition-coverage="50% (1/2)">
									<conditions>
										<condition number="0" type="jump" coverage="50%"/>
									</conditions>
								</line>
								<line number="1881" hits="0" branch="false"/>
								<line number="1884" hits="1" branch="false"/>
							</lines>
						</method>
						<method name="dotrap" signature="(ILjava/lang/String;Lorg/apache/commons/math3/dfp/Dfp;Lorg/apache/commons/math3/dfp/Dfp;)Lorg/apache/commons/math3/dfp/Dfp;" line-rate="0.0" branch-rate="0.0">
							<lines>
								<line number="2237" hits="0" branch="false"/>
								<line number="2239" hits="0" branch="true" condition-coverage="0% (0/5)">
									<conditions>
										<condition number="0" type="switch" coverage="0%"/>
									</conditions>
								</line>
								<line number="2241" hits="0" branch="false"/>
								<line number="2242" hits="0" branch="false"/>
								<line number="2243" hits="0" branch="false"/>
								<line number="2244" hits="0" branch="false"/>
								<line number="2247" hits="0" branch="true" condition-coverage="0% (0/4)">
									<conditions>
										<condition number="0" type="jump" coverage="0%"/>
										<condition number="1" type="jump" coverage="0%"/>
									</conditions>
								</line>
								<line number="2249" hits="0" branch="false"/>
								<line number="2250" hits="0" branch="false"/>
								<line number="2251" hits="0" branch="false"/>
								<line number="2254" hits="0" branch="true" condition-coverage="0% (0/4)">
									<conditions>
										<condition number="0" type="jump" coverage="0%"/>
										<condition number="1" type="jump" coverage="0%"/>
									</conditions>
								</line>
								<line number="2256" hits="0" branch="false"/>
								<line number="2257" hits="0" branch="false"/>
								<line number="2260" hits="0" branch="true" condition-coverage="0% (0/4)">
									<conditions>
										<condition number="0" type="jump" coverage="0%"/>
										<condition number="1" type="jump" coverage="0%"/>
									</conditions>
								</line>
								<line number="2261" hits="0" branch="false"/>
								<line number="2262" hits="0" branch="false"/>
								<line number="2265" hits="0" branch="true" condition-coverage="0% (0/4)">
									<conditions>
										<condition number="0" type="jump" coverage="0%"/>
										<condition number="1" type="jump" coverage="0%"/>
									</conditions>
								</line>
								<line number="2266" hits="0" branch="false"/>
								<line number="2267" hits="0" branch="false"/>
								<line number="2272" hits="0" branch="true" condition-coverage="0% (0/2)">
									<conditions>
										<condition number="0" type="jump" coverage="0%"/>
									</conditions>
								</line>
								<line number="2273" hits="0" branch="false"/>
								<line number="2274" hits="0" branch="false"/>
								<line number="2276" hits="0" branch="false"/>
								<line number="2278" hits="0" branch="false"/>
								<line number="2279" hits="0" branch="false"/>
								<line number="2282" hits="0" branch="false"/>
								<line number="2283" hits="0" branch="false"/>
								<line number="2284" hits="0" branch="false"/>
								<line number="2285" hits="0" branch="false"/>
								<line number="2286" hits="0" branch="false"/>
								<line number="2288" hits="0" branch="false"/>
								<line number="2291" hits="0" branch="false"/>
							</lines>
						</method>
						<method name="equals" signature="(Ljava/lang/Object;)Z" line-rate="0.6666666666666666" branch-rate="0.5">
							<lines>
								<line number="904" hits="1" branch="true" condition-coverage="50% (1/2)">
									<conditions>
										<condition number="0" type="jump" coverage="50%"/>
									</conditions>
								</line>
								<line number="905" hits="1" branch="false"/>
								<line number="906" hits="1" branch="true" condition-coverage="50% (3/6)">
									<conditions>
										<condition number="0" type="jump" coverage="50%"/>
										<condition number="1" type="jump" coverage="50%"/>
										<condition number="2" type="jump" coverage="50%"/>
									</conditions>
								</line>
								<line number="907" hits="0" branch="false"/>
								<line number="910" hits="1" branch="true" condition-coverage="50% (1/2)">
									<conditions>
										<condition number="0" type="jump" coverage="50%"/>
									</conditions>
								</line>
								<line number="913" hits="0" branch="false"/>
							</lines>
						</method>
						<method name="floor" signature="()Lorg/apache/commons/math3/dfp/Dfp;" line-rate="0.0" branch-rate="1.0">
							<lines>
								<line number="1012" hits="0" branch="false"/>
							</lines>
						</method>
						<method name="getField" signature="()Lorg/apache/commons/math3/Field;" line-rate="1.0" branch-rate="1.0">
							<lines>
							</lines>
						</method>
						<method name="getField" signature="()Lorg/apache/commons/math3/dfp/DfpField;" line-rate="0.0" branch-rate="1.0">
							<lines>
								<line number="635" hits="0" branch="false"/>
							</lines>
						</method>
						<method name="getOne" signature="()Lorg/apache/commons/math3/dfp/Dfp;" line-rate="0.0" branch-rate="1.0">
							<lines>
								<line number="656" hits="0" branch="false"/>
							</lines>
						</method>
						<method name="getRadixDigits" signature="()I" line-rate="0.0" branch-rate="1.0">
							<lines>
								<line number="642" hits="0" branch="false"/>
							</lines>
						</method>
						<method name="getTwo" signature="()Lorg/apache/commons/math3/dfp/Dfp;" line-rate="0.0" branch-rate="1.0">
							<lines>
								<line number="663" hits="0" branch="false"/>
							</lines>
						</method>
						<method name="getZero" signature="()Lorg/apache/commons/math3/dfp/Dfp;" line-rate="1.0" branch-rate="1.0">
							<lines>
								<line number="649" hits="6" branch="false"/>
							</lines>
						</method>
						<method name="greaterThan" signature="(Lorg/apache/commons/math3/dfp/Dfp;)Z" line-rate="0.2727272727272727" branch-rate="0.625">
							<lines>
								<line number="781" hits="2" branch="true" condition-coverage="50% (1/2)">
									<conditions>
										<condition number="0" type="jump" coverage="50%"/>
									</conditions>
								</line>
								<line number="782" hits="0" branch="false"/>
								<line number="783" hits="0" branch="false"/>
								<line number="784" hits="0" branch="false"/>
								<line number="785" hits="0" branch="false"/>
								<line number="786" hits="0" branch="false"/>
								<line number="790" hits="2" branch="true" condition-coverage="50% (2/4)">
									<conditions>
										<condition number="0" type="jump" coverage="50%"/>
										<condition number="1" type="jump" coverage="50%"/>
									</conditions>
								</line>
								<line number="791" hits="0" branch="false"/>
								<line number="792" hits="0" branch="false"/>
								<line number="793" hits="0" branch="false"/>
								<line number="796" hits="2" branch="true" condition-coverage="100% (2/2)">
									<conditions>
										<condition number="0" type="jump" coverage="100%"/>
									</conditions>
								</line>
							</lines>
						</method>
						<method name="hashCode" signature="()I" line-rate="0.0" branch-rate="1.0">
							<lines>
								<line number="923" hits="0" branch="false"/>
							</lines>
						</method>
						<method name="intValue" signature="()I" line-rate="0.0" branch-rate="0.0">
							<lines>
								<line number="1136" hits="0" branch="false"/>
								<line number="1138" hits="0" branch="false"/>
								<line number="1140" hits="0" branch="true" condition-coverage="0% (0/2)">
									<conditions>
										<condition number="0" type="jump" coverage="0%"/>
									</conditions>
								</line>
								<line number="1141" hits="0" branch="false"/>
								<line number="1144" hits="0" branch="true" condition-coverage="0% (0/2)">
									<conditions>
										<condition number="0" type="jump" coverage="0%"/>
									</conditions>
								</line>
								<line number="1145" hits="0" branch="false"/>
								<line number="1148" hits="0" branch="true" condition-coverage="0% (0/2)">
									<conditions>
										<condition number="0" type="jump" coverage="0%"/>
									</conditions>
								</line>
								<line number="1149" hits="0" branch="false"/>
								<line number="1152" hits="0" branch="true" condition-coverage="0% (0/2)">
									<conditions>
										<condition number="0" type="jump" coverage="0%"/>
									</conditions>
								</line>
								<line number="1153" hits="0" branch="false"/>
								<line number="1156" hits="0" branch="false"/>
							</lines>
						</method>
						<method name="isInfinite" signature="()Z" line-rate="0.0" branch-rate="0.0">
							<lines>
								<line number="872" hits="0" branch="true" condition-coverage="0% (0/2)">
									<conditions>
										<condition number="0" type="jump" coverage="0%"/>
									</conditions>
								</line>
							</lines>
						</method>
						<method name="isNaN" signature="()Z" line-rate="1.0" branch-rate="0.5">
							<lines>
								<line number="879" hits="12" branch="true" condition-coverage="50% (2/4)">
									<conditions>
										<condition number="0" type="jump" coverage="50%"/>
										<condition number="1" type="jump" coverage="50%"/>
									</conditions>
								</line>
							</lines>
						</method>
						<method name="isZero" signature="()Z" line-rate="0.0" branch-rate="0.0">
							<lines>
								<line number="887" hits="0" branch="true" condition-coverage="0% (0/2)">
									<conditions>
										<condition number="0" type="jump" coverage="0%"/>
									</conditions>
								</line>
								<line number="888" hits="0" branch="false"/>
								<line number="889" hits="0" branch="false"/>
								<line number="890" hits="0" branch="false"/>
								<line number="893" hits="0" branch="true" condition-coverage="0% (0/4)">
									<conditions>
										<condition number="0" type="jump" coverage="0%"/>
										<condition number="1" type="jump" coverage="0%"/>
									</conditions>
								</line>
							</lines>
						</method>
						<method name="lessThan" signature="(Lorg/apache/commons/math3/dfp/Dfp;)Z" line-rate="0.2727272727272727" branch-rate="0.5">
							<lines>
								<line number="756" hits="1" branch="true" condition-coverage="50% (1/2)">
									<conditions>
										<condition number="0" type="jump" coverage="50%"/>
									</conditions>
								</line>
								<line number="757" hits="0" branch="false"/>
								<line number="758" hits="0" branch="false"/>
								<line number="759" hits="0" branch="false"/>
								<line number="760" hits="0" branch="false"/>
								<line number="761" hits="0" branch="false"/>
								<line number="765" hits="1" branch="true" condition-coverage="50% (2/4)">
									<conditions>
										<condition number="0" type="jump" coverage="50%"/>
										<condition number="1" type="jump" coverage="50%"/>
									</conditions>
								</line>
								<line number="766" hits="0" branch="false"/>
								<line number="767" hits="0" branch="false"/>
								<line number="768" hits="0" branch="false"/>
								<line number="771" hits="1" branch="true" condition-coverage="50% (1/2)">
									<conditions>
										<condition number="0" type="jump" coverage="50%"/>
									</conditions>
								</line>
							</lines>
						</method>
						<method name="log10" signature="()I" line-rate="0.0" branch-rate="0.0">
							<lines>
								<line number="1182" hits="0" branch="true" condition-coverage="0% (0/2)">
									<conditions>
										<condition number="0" type="jump" coverage="0%"/>
									</conditions>
								</line>
								<line number="1183" hits="0" branch="false"/>
								<line number="1185" hits="0" branch="true" condition-coverage="0% (0/2)">
									<conditions>
										<condition number="0" type="jump" coverage="0%"/>
									</conditions>
								</line>
								<line number="1186" hits="0" branch="false"/>
								<line number="1188" hits="0" branch="true" condition-coverage="0% (0/2)">
									<conditions>
										<condition number="0" type="jump" coverage="0%"/>
									</conditions>
								</line>
								<line number="1189" hits="0" branch="false"/>
								<line number="1191" hits="0" branch="false"/>
							</lines>
						</method>
						<method name="log10K" signature="()I" line-rate="0.0" branch-rate="1.0">
							<lines>
								<line number="1165" hits="0" branch="false"/>
							</lines>
						</method>
						<method name="multiply" signature="(I)Ljava/lang/Object;" line-rate="1.0" branch-rate="1.0">
							<lines>
							</lines>
						</method>
						<method name="multiply" signature="(I)Lorg/apache/commons/math3/dfp/Dfp;" line-rate="0.0" branch-rate="0.0">
							<lines>
								<line number="1603" hits="0" branch="true" condition-coverage="0% (0/4)">
									<conditions>
										<condition number="0" type="jump" coverage="0%"/>
										<condition number="1" type="jump" coverage="0%"/>
									</conditions>
								</line>
								<line number="1604" hits="0" branch="false"/>
								<line number="1606" hits="0" branch="false"/>
							</lines>
						</method>
						<method name="multiply" signature="(Ljava/lang/Object;)Ljava/lang/Object;" line-rate="1.0" branch-rate="1.0">
							<lines>
							</lines>
						</method>
						<method name="multiply" signature="(Lorg/apache/commons/math3/dfp/Dfp;)Lorg/apache/commons/math3/dfp/Dfp;" line-rate="0.0" branch-rate="0.0">
							<lines>
								<line number="1499" hits="0" branch="true" condition-coverage="0% (0/2)">
									<conditions>
										<condition number="0" type="jump" coverage="0%"/>
									</conditions>
								</line>
								<line number="1500" hits="0" branch="false"/>
								<line number="1501" hits="0" branch="false"/>
								<line number="1502" hits="0" branch="false"/>
								<line number="1503" hits="0" branch="false"/>
								<line number="1506" hits="0" branch="false"/>
								<line number="1509" hits="0" branch="true" condition-coverage="0% (0/4)">
									<conditions>
										<condition number="0" type="jump" coverage="0%"/>
										<condition number="1" type="jump" coverage="0%"/>
									</conditions>
								</line>
								<line number="1510" hits="0" branch="true" condition-coverage="0% (0/2)">
									<conditions>
										<condition number="0" type="jump" coverage="0%"/>
									</conditions>
								</line>
								<line number="1511" hits="0" branch="false"/>
								<line number="1514" hits="0" branch="true" condition-coverage="0% (0/2)">
									<conditions>
										<condition number="0" type="jump" coverage="0%"/>
									</conditions>
								</line>
								<line number="1515" hits="0" branch="false"/>
								<line number="1518" hits="0" branch="true" condition-coverage="0% (0/6)">
									<conditions>
										<condition number="0" type="jump" coverage="0%"/>
										<condition number="1" type="jump" coverage="0%"/>
										<condition number="2" type="jump" coverage="0%"/>
									</conditions>
								</line>
								<line number="1519" hits="0" branch="false"/>
								<line number="1520" hits="0" branch="false"/>
								<line number="1521" hits="0" branch="false"/>
								<line number="1524" hits="0" branch="true" condition-coverage="0% (0/6)">
									<conditions>
										<condition number="0" type="jump" coverage="0%"/>
										<condition number="1" type="jump" coverage="0%"/>
										<condition number="2" type="jump" coverage="0%"/>
									</conditions>
								</line>
								<line number="1525" hits="0" branch="false"/>
								<line number="1526" hits="0" branch="false"/>
								<line number="1527" hits="0" branch="false"/>
								<line number="1530" hits="0" branch="true" condition-coverage="0% (0/4)">
									<conditions>
										<condition number="0" type="jump" coverage="0%"/>
										<condition number="1" type="jump" coverage="0%"/>
									</conditions>
								</line>
								<line number="1531" hits="0" branch="false"/>
								<line number="1532" hits="0" branch="false"/>
								<line number="1533" hits="0" branch="false"/>
								<line number="1536" hits="0" branch="true" condition-coverage="0% (0/12)">
									<conditions>
										<condition number="0" type="jump" coverage="0%"/>
										<condition number="1" type="jump" coverage="0%"/>
										<condition number="2" type="jump" coverage="0%"/>
										<condition number="3" type="jump" coverage="0%"/>
										<condition number="4" type="jump" coverage="0%"/>
										<condition number="5" type="jump" coverage="0%"/>
									</conditions>
								</line>
								<line number="1538" hits="0" branch="false"/>
								<line number="1539" hits="0" branch="false"/>
								<line number="1540" hits="0" branch="false"/>
								<line number="1541" hits="0" branch="false"/>
								<line number="1542" hits="0" branch="false"/>
								<line number="1546" hits="0" branch="false"/>
								<line number="1548" hits="0" branch="true" condition-coverage="0% (0/2)">
									<conditions>
										<condition number="0" type="jump" coverage="0%"/>
									</conditions>
								</line>
								<line number="1549" hits="0" branch="false"/>
								<line number="1550" hits="0" branch="true" condition-coverage="0% (0/2)">
									<conditions>
										<condition number="0" type="jump" coverage="0%"/>
									</conditions>
								</line>
								<line number="1551" hits="0" branch="false"/>
								<line number="1552" hits="0" branch="false"/>
								<line number="1554" hits="0" branch="false"/>
								<line number="1555" hits="0" branch="false"/>
								<line number="1557" hits="0" branch="false"/>
								<line number="1561" hits="0" branch="false"/>
								<line number="1562" hits="0" branch="true" condition-coverage="0% (0/2)">
									<conditions>
										<condition number="0" type="jump" coverage="0%"/>
									</conditions>
								</line>
								<line number="1563" hits="0" branch="true" condition-coverage="0% (0/2)">
									<conditions>
										<condition number="0" type="jump" coverage="0%"/>
									</conditions>
								</line>
								<line number="1564" hits="0" branch="false"/>
								<line number="1565" hits="0" branch="false"/>
								<line number="1570" hits="0" branch="true" condition-coverage="0% (0/2)">
									<conditions>
										<condition number="0" type="jump" coverage="0%"/>
									</conditions>
								</line>
								<line number="1571" hits="0" branch="false"/>
								<line number="1575" hits="0" branch="false"/>
								<line number="1576" hits="0" branch="true" condition-coverage="0% (0/2)">
									<conditions>
										<condition number="0" type="jump" coverage="0%"/>
									</conditions>
								</line>
								<line number="1578" hits="0" branch="true" condition-coverage="0% (0/2)">
									<conditions>
										<condition number="0" type="jump" coverage="0%"/>
									</conditions>
								</line>
								<line number="1580" hits="0" branch="false"/>
								<line number="1584" hits="0" branch="true" condition-coverage="0% (0/2)">
									<conditions>
										<condition number="0" type="jump" coverage="0%"/>
									</conditions>
								</line>
								<line number="1585" hits="0" branch="false"/>
								<line number="1587" hits="0" branch="false"/>
								<line number="1590" hits="0" branch="true" condition-coverage="0% (0/2)">
									<conditions>
										<condition number="0" type="jump" coverage="0%"/>
									</conditions>
								</line>
								<line number="1591" hits="0" branch="false"/>
								<line number="1594" hits="0" branch="false"/>
							</lines>
						</method>
						<method name="multiplyFast" signature="(I)Lorg/apache/commons/math3/dfp/Dfp;" line-rate="0.0" branch-rate="0.0">
							<lines>
								<line number="1616" hits="0" branch="false"/>
								<line number="1619" hits="0" branch="true" condition-coverage="0% (0/2)">
									<conditions>
										<condition number="0" type="jump" coverage="0%"/>
									</conditions>
								</line>
								<line number="1620" hits="0" branch="true" condition-coverage="0% (0/2)">
									<conditions>
										<condition number="0" type="jump" coverage="0%"/>
									</conditions>
								</line>
								<line number="1621" hits="0" branch="false"/>
								<line number="1624" hits="0" branch="true" condition-coverage="0% (0/4)">
									<conditions>
										<condition number="0" type="jump" coverage="0%"/>
										<condition number="1" type="jump" coverage="0%"/>
									</conditions>
								</line>
								<line number="1625" hits="0" branch="false"/>
								<line number="1626" hits="0" branch="false"/>
								<line number="1629" hits="0" branch="true" condition-coverage="0% (0/4)">
									<conditions>
										<condition number="0" type="jump" coverage="0%"/>
										<condition number="1" type="jump" coverage="0%"/>
									</conditions>
								</line>
								<line number="1630" hits="0" branch="false"/>
								<line number="1631" hits="0" branch="false"/>
								<line number="1632" hits="0" branch="false"/>
								<line number="1633" hits="0" branch="false"/>
								<line number="1634" hits="0" branch="false"/>
								<line number="1639" hits="0" branch="true" condition-coverage="0% (0/4)">
									<conditions>
										<condition number="0" type="jump" coverage="0%"/>
										<condition number="1" type="jump" coverage="0%"/>
									</conditions>
								</line>
								<line number="1640" hits="0" branch="false"/>
								<line number="1641" hits="0" branch="false"/>
								<line number="1642" hits="0" branch="false"/>
								<line number="1643" hits="0" branch="false"/>
								<line number="1644" hits="0" branch="false"/>
[...]
						<line number="2058" hits="0" branch="true" condition-coverage="0% (0/2)">
							<conditions>
								<condition number="0" type="jump" coverage="0%"/>
							</conditions>
						</line>
						<line number="2060" hits="0" branch="true" condition-coverage="0% (0/2)">
							<conditions>
								<condition number="0" type="jump" coverage="0%"/>
							</conditions>
						</line>
						<line number="2061" hits="0" branch="true" condition-coverage="0% (0/2)">
							<conditions>
								<condition number="0" type="jump" coverage="0%"/>
							</conditions>
						</line>
						<line number="2063" hits="0" branch="false"/>
						<line number="2067" hits="0" branch="true" condition-coverage="0% (0/4)">
							<conditions>
								<condition number="0" type="jump" coverage="0%"/>
								<condition number="1" type="jump" coverage="0%"/>
							</conditions>
						</line>
						<line number="2068" hits="0" branch="false"/>
						<line number="2071" hits="0" branch="false"/>
						<line number="2079" hits="0" branch="false"/>
						<line number="2080" hits="0" branch="false"/>
						<line number="2088" hits="0" branch="false"/>
						<line number="2089" hits="0" branch="true" condition-coverage="0% (0/2)">
							<conditions>
								<condition number="0" type="jump" coverage="0%"/>
							</conditions>
						</line>
						<line number="2090" hits="0" branch="false"/>
						<line number="2091" hits="0" branch="false"/>
						<line number="2092" hits="0" branch="false"/>
						<line number="2093" hits="0" branch="false"/>
						<line number="2097" hits="0" branch="true" condition-coverage="0% (0/2)">
							<conditions>
								<condition number="0" type="jump" coverage="0%"/>
							</conditions>
						</line>
						<line number="2098" hits="0" branch="true" condition-coverage="0% (0/2)">
							<conditions>
								<condition number="0" type="jump" coverage="0%"/>
							</conditions>
						</line>
						<line number="2099" hits="0" branch="false"/>
						<line number="2102" hits="0" branch="false"/>
						<line number="2105" hits="0" branch="false"/>
						<line number="2106" hits="0" branch="true" condition-coverage="0% (0/2)">
							<conditions>
								<condition number="0" type="jump" coverage="0%"/>
							</conditions>
						</line>
						<line number="2107" hits="0" branch="false"/>
						<line number="2110" hits="0" branch="true" condition-coverage="0% (0/2)">
							<conditions>
								<condition number="0" type="jump" coverage="0%"/>
							</conditions>
						</line>
						<line number="2112" hits="0" branch="false"/>
						<line number="2113" hits="0" branch="false"/>
						<line number="2115" hits="0" branch="true" condition-coverage="0% (0/2)">
							<conditions>
								<condition number="0" type="jump" coverage="0%"/>
							</conditions>
						</line>
						<line number="2116" hits="0" branch="false"/>
						<line number="2119" hits="0" branch="false"/>
						<line number="2120" hits="0" branch="false"/>
						<line number="2121" hits="0" branch="false"/>
						<line number="2122" hits="0" branch="false"/>
						<line number="2123" hits="0" branch="false"/>
						<line number="2124" hits="0" branch="false"/>
						<line number="2127" hits="0" branch="false"/>
						<line number="2131" hits="0" branch="false"/>
						<line number="2132" hits="0" branch="false"/>
						<line number="2133" hits="0" branch="true" condition-coverage="0% (0/2)">
							<conditions>
								<condition number="0" type="jump" coverage="0%"/>
							</conditions>
						</line>
						<line number="2134" hits="0" branch="false"/>
						<line number="2138" hits="0" branch="true" condition-coverage="0% (0/2)">
							<conditions>
								<condition number="0" type="jump" coverage="0%"/>
							</conditions>
						</line>
						<line number="2142" hits="0" branch="true" condition-coverage="0% (0/2)">
							<conditions>
								<condition number="0" type="jump" coverage="0%"/>
							</conditions>
						</line>
						<line number="2143" hits="0" branch="false"/>
						<line number="2146" hits="0" branch="true" condition-coverage="0% (0/2)">
							<conditions>
								<condition number="0" type="jump" coverage="0%"/>
							</conditions>
						</line>
						<line number="2147" hits="0" branch="false"/>
						<line number="2148" hits="0" branch="false"/>
						<line number="2149" hits="0" branch="false"/>
						<line number="2152" hits="0" branch="false"/>
						<line number="2160" hits="0" branch="false"/>
						<line number="2161" hits="0" branch="false"/>
						<line number="2163" hits="0" branch="false"/>
						<line number="2164" hits="0" branch="false"/>
						<line number="2166" hits="0" branch="false"/>
						<line number="2168" hits="0" branch="true" condition-coverage="0% (0/2)">
							<conditions>
								<condition number="0" type="jump" coverage="0%"/>
							</conditions>
						</line>
						<line number="2169" hits="0" branch="false"/>
						<line number="2170" hits="0" branch="false"/>
						<line number="2171" hits="0" branch="false"/>
						<line number="2174" hits="0" branch="true" condition-coverage="0% (0/2)">
							<conditions>
								<condition number="0" type="jump" coverage="0%"/>
							</conditions>
						</line>
						<line number="2175" hits="0" branch="false"/>
						<line number="2176" hits="0" branch="false"/>
						<line number="2177" hits="0" branch="false"/>
						<line number="2178" hits="0" branch="false"/>
						<line number="2179" hits="0" branch="false"/>
						<line number="2182" hits="0" branch="true" condition-coverage="0% (0/2)">
							<conditions>
								<condition number="0" type="jump" coverage="0%"/>
							</conditions>
						</line>
						<line number="2183" hits="0" branch="false"/>
						<line number="2184" hits="0" branch="false"/>
						<line number="2185" hits="0" branch="false"/>
						<line number="2186" hits="0" branch="false"/>
						<line number="2187" hits="0" branch="true" condition-coverage="0% (0/2)">
							<conditions>
								<condition number="0" type="jump" coverage="0%"/>
							</conditions>
						</line>
						<line number="2188" hits="0" branch="false"/>
						<line number="2189" hits="0" branch="false"/>
						<line number="2193" hits="0" branch="true" condition-coverage="0% (0/2)">
							<conditions>
								<condition number="0" type="jump" coverage="0%"/>
							</conditions>
						</line>
						<line number="2194" hits="0" branch="false"/>
						<line number="2195" hits="0" branch="false"/>
						<line number="2196" hits="0" branch="false"/>
						<line number="2197" hits="0" branch="false"/>
						<line number="2198" hits="0" branch="false"/>
						<line number="2201" hits="0" branch="true" condition-coverage="0% (0/2)">
							<conditions>
								<condition number="0" type="jump" coverage="0%"/>
							</conditions>
						</line>
						<line number="2203" hits="0" branch="false"/>
						<line number="2207" hits="0" branch="false"/>
						<line number="2208" hits="0" branch="true" condition-coverage="0% (0/2)">
							<conditions>
								<condition number="0" type="jump" coverage="0%"/>
							</conditions>
						</line>
						<line number="2209" hits="0" branch="false"/>
						<line number="2211" hits="0" branch="true" condition-coverage="0% (0/2)">
							<conditions>
								<condition number="0" type="jump" coverage="0%"/>
							</conditions>
						</line>
						<line number="2212" hits="0" branch="false"/>
						<line number="2216" hits="0" branch="true" condition-coverage="0% (0/2)">
							<conditions>
								<condition number="0" type="jump" coverage="0%"/>
							</conditions>
						</line>
						<line number="2217" hits="0" branch="false"/>
						<line number="2221" hits="0" branch="true" condition-coverage="0% (0/2)">
							<conditions>
								<condition number="0" type="jump" coverage="0%"/>
							</conditions>
						</line>
						<line number="2222" hits="0" branch="false"/>
						<line number="2225" hits="0" branch="false"/>
						<line number="2237" hits="0" branch="false"/>
						<line number="2239" hits="0" branch="true" condition-coverage="0% (0/5)">
							<conditions>
								<condition number="0" type="switch" coverage="0%"/>
							</conditions>
						</line>
						<line number="2241" hits="0" branch="false"/>
						<line number="2242" hits="0" branch="false"/>
						<line number="2243" hits="0" branch="false"/>
						<line number="2244" hits="0" branch="false"/>
						<line number="2247" hits="0" branch="true" condition-coverage="0% (0/4)">
							<conditions>
								<condition number="0" type="jump" coverage="0%"/>
								<condition number="1" type="jump" coverage="0%"/>
							</conditions>
						</line>
						<line number="2249" hits="0" branch="false"/>
						<line number="2250" hits="0" branch="false"/>
						<line number="2251" hits="0" branch="false"/>
						<line number="2254" hits="0" branch="true" condition-coverage="0% (0/4)">
							<conditions>
								<condition number="0" type="jump" coverage="0%"/>
								<condition number="1" type="jump" coverage="0%"/>
							</conditions>
						</line>
						<line number="2256" hits="0" branch="false"/>
						<line number="2257" hits="0" branch="false"/>
						<line number="2260" hits="0" branch="true" condition-coverage="0% (0/4)">
							<conditions>
								<condition number="0" type="jump" coverage="0%"/>
								<condition number="1" type="jump" coverage="0%"/>
							</conditions>
						</line>
						<line number="2261" hits="0" branch="false"/>
						<line number="2262" hits="0" branch="false"/>
						<line number="2265" hits="0" branch="true" condition-coverage="0% (0/4)">
							<conditions>
								<condition number="0" type="jump" coverage="0%"/>
								<condition number="1" type="jump" coverage="0%"/>
							</conditions>
						</line>
						<line number="2266" hits="0" branch="false"/>
						<line number="2267" hits="0" branch="false"/>
						<line number="2272" hits="0" branch="true" condition-coverage="0% (0/2)">
							<conditions>
								<condition number="0" type="jump" coverage="0%"/>
							</conditions>
						</line>
						<line number="2273" hits="0" branch="false"/>
						<line number="2274" hits="0" branch="false"/>
						<line number="2276" hits="0" branch="false"/>
						<line number="2278" hits="0" branch="false"/>
						<line number="2279" hits="0" branch="false"/>
						<line number="2282" hits="0" branch="false"/>
						<line number="2283" hits="0" branch="false"/>
						<line number="2284" hits="0" branch="false"/>
						<line number="2285" hits="0" branch="false"/>
						<line number="2286" hits="0" branch="false"/>
						<line number="2288" hits="0" branch="false"/>
						<line number="2291" hits="0" branch="false"/>
						<line number="2307" hits="0" branch="false"/>
						<line number="2314" hits="0" branch="false"/>
						<line number="2324" hits="1" branch="false"/>
						<line number="2325" hits="0" branch="false"/>
						<line number="2326" hits="0" branch="false"/>
						<line number="2337" hits="0" branch="true" condition-coverage="0% (0/2)">
							<conditions>
								<condition number="0" type="jump" coverage="0%"/>
							</conditions>
						</line>
						<line number="2338" hits="0" branch="false"/>
						<line number="2339" hits="0" branch="false"/>
						<line number="2340" hits="0" branch="false"/>
						<line number="2341" hits="0" branch="false"/>
						<line number="2345" hits="0" branch="false"/>
						<line number="2346" hits="0" branch="true" condition-coverage="0% (0/2)">
							<conditions>
								<condition number="0" type="jump" coverage="0%"/>
							</conditions>
						</line>
						<line number="2347" hits="0" branch="false"/>
						<line number="2350" hits="0" branch="true" condition-coverage="0% (0/2)">
							<conditions>
								<condition number="0" type="jump" coverage="0%"/>
							</conditions>
						</line>
						<line number="2351" hits="0" branch="false"/>
						<line number="2354" hits="0" branch="true" condition-coverage="0% (0/2)">
							<conditions>
								<condition number="0" type="jump" coverage="0%"/>
							</conditions>
						</line>
						<line number="2355" hits="0" branch="true" condition-coverage="0% (0/2)">
							<conditions>
								<condition number="0" type="jump" coverage="0%"/>
							</conditions>
						</line>
						<line number="2360" hits="0" branch="true" condition-coverage="0% (0/2)">
							<conditions>
								<condition number="0" type="jump" coverage="0%"/>
							</conditions>
						</line>
						<line number="2361" hits="0" branch="false"/>
						<line number="2362" hits="0" branch="false"/>
						<line number="2363" hits="0" branch="false"/>
						<line number="2365" hits="0" branch="true" condition-coverage="0% (0/2)">
							<conditions>
								<condition number="0" type="jump" coverage="0%"/>
							</conditions>
						</line>
						<line number="2366" hits="0" branch="false"/>
						<line number="2369" hits="0" branch="false"/>
						<line number="2371" hits="0" branch="false"/>
						<line number="2372" hits="0" branch="false"/>
						<line number="2373" hits="0" branch="false"/>
						<line number="2375" hits="0" branch="true" condition-coverage="0% (0/2)">
							<conditions>
								<condition number="0" type="jump" coverage="0%"/>
							</conditions>
						</line>
						<line number="2376" hits="0" branch="false"/>
						<line number="2378" hits="0" branch="false"/>
						<line number="2381" hits="0" branch="true" condition-coverage="0% (0/2)">
							<conditions>
								<condition number="0" type="jump" coverage="0%"/>
							</conditions>
						</line>
						<line number="2382" hits="0" branch="false"/>
						<line number="2385" hits="0" branch="false"/>
						<line number="2388" hits="0" branch="true" condition-coverage="0% (0/4)">
							<conditions>
								<condition number="0" type="jump" coverage="0%"/>
								<condition number="1" type="jump" coverage="0%"/>
							</conditions>
						</line>
						<line number="2389" hits="0" branch="false"/>
						<line number="2390" hits="0" branch="false"/>
						<line number="2393" hits="0" branch="true" condition-coverage="0% (0/4)">
							<conditions>
								<condition number="0" type="jump" coverage="0%"/>
								<condition number="1" type="jump" coverage="0%"/>
							</conditions>
						</line>
						<line number="2394" hits="0" branch="false"/>
						<line number="2395" hits="0" branch="false"/>
						<line number="2398" hits="0" branch="false"/>
						<line number="2408" hits="0" branch="true" condition-coverage="0% (0/2)">
							<conditions>
								<condition number="0" type="jump" coverage="0%"/>
							</conditions>
						</line>
						<line number="2409" hits="0" branch="true" condition-coverage="0% (0/2)">
							<conditions>
								<condition number="0" type="jump" coverage="0%"/>
							</conditions>
						</line>
						<line number="2410" hits="0" branch="false"/>
						<line number="2412" hits="0" branch="false"/>
						<line number="2416" hits="0" branch="true" condition-coverage="0% (0/2)">
							<conditions>
								<condition number="0" type="jump" coverage="0%"/>
							</conditions>
						</line>
						<line number="2417" hits="0" branch="false"/>
						<line number="2420" hits="0" branch="false"/>
						<line number="2421" hits="0" branch="false"/>
						<line number="2422" hits="0" branch="false"/>
						<line number="2423" hits="0" branch="true" condition-coverage="0% (0/2)">
							<conditions>
								<condition number="0" type="jump" coverage="0%"/>
							</conditions>
						</line>
						<line number="2424" hits="0" branch="true" condition-coverage="0% (0/2)">
							<conditions>
								<condition number="0" type="jump" coverage="0%"/>
							</conditions>
						</line>
						<line number="2425" hits="0" branch="true" condition-coverage="0% (0/2)">
							<conditions>
								<condition number="0" type="jump" coverage="0%"/>
							</conditions>
						</line>
						<line number="2426" hits="0" branch="false"/>
						<line number="2427" hits="0" branch="false"/>
						<line number="2432" hits="0" branch="false"/>
						<line number="2433" hits="0" branch="true" condition-coverage="0% (0/2)">
							<conditions>
								<condition number="0" type="jump" coverage="0%"/>
							</conditions>
						</line>
						<line number="2434" hits="0" branch="false"/>
						<line number="2437" hits="0" branch="false"/>
						<line number="2438" hits="0" branch="true" condition-coverage="0% (0/4)">
							<conditions>
								<condition number="0" type="jump" coverage="0%"/>
								<condition number="1" type="jump" coverage="0%"/>
							</conditions>
						</line>
						<line number="2439" hits="0" branch="false"/>
						<line number="2440" hits="0" branch="false"/>
						<line number="2442" hits="0" branch="false"/>
						<line number="2446" hits="0" branch="false"/>
						<line number="2447" hits="0" branch="true" condition-coverage="0% (0/2)">
							<conditions>
								<condition number="0" type="jump" coverage="0%"/>
							</conditions>
						</line>
						<line number="2448" hits="0" branch="false"/>
						<line number="2451" hits="0" branch="true" condition-coverage="0% (0/2)">
							<conditions>
								<condition number="0" type="jump" coverage="0%"/>
							</conditions>
						</line>
						<line number="2452" hits="0" branch="false"/>
						<line number="2455" hits="0" branch="true" condition-coverage="0% (0/2)">
							<conditions>
								<condition number="0" type="jump" coverage="0%"/>
							</conditions>
						</line>
						<line number="2456" hits="0" branch="true" condition-coverage="0% (0/2)">
							<conditions>
								<condition number="0" type="jump" coverage="0%"/>
							</conditions>
						</line>
						<line number="2460" hits="0" branch="false"/>
						<line number="2461" hits="0" branch="false"/>
						<line number="2462" hits="0" branch="false"/>
						<line number="2463" hits="0" branch="false"/>
						<line number="2465" hits="0" branch="true" condition-coverage="0% (0/2)">
							<conditions>
								<condition number="0" type="jump" coverage="0%"/>
							</conditions>
						</line>
						<line number="2467" hits="0" branch="false"/>
						<line number="2468" hits="0" branch="false"/>
						<line number="2472" hits="0" branch="true" condition-coverage="0% (0/2)">
							<conditions>
								<condition number="0" type="jump" coverage="0%"/>
							</conditions>
						</line>
						<line number="2473" hits="0" branch="false"/>
						<line number="2476" hits="0" branch="true" condition-coverage="0% (0/2)">
							<conditions>
								<condition number="0" type="jump" coverage="0%"/>
							</conditions>
						</line>
						<line number="2477" hits="0" branch="false"/>
						<line number="2478" hits="0" branch="false"/>
						<line number="2481" hits="0" branch="false"/>
						<line number="2482" hits="0" branch="false"/>
						<line number="2484" hits="0" branch="true" condition-coverage="0% (0/2)">
							<conditions>
								<condition number="0" type="jump" coverage="0%"/>
							</conditions>
						</line>
						<line number="2485" hits="0" branch="false"/>
						<line number="2488" hits="0" branch="false"/>
						<line number="2497" hits="0" branch="false"/>
						<line number="2498" hits="0" branch="false"/>
						<line number="2500" hits="0" branch="false"/>
						<line number="2501" hits="0" branch="false"/>
						<line number="2503" hits="0" branch="false"/>
					</lines>
				</class>
				<class name="org.apache.commons.math3.dfp.Dfp$1" filename="org/apache/commons/math3/dfp/Dfp.java" line-rate="1.0" branch-rate="1.0" complexity="7.485714285714286">
					<methods>
						<method name="&lt;clinit&gt;" signature="()V" line-rate="1.0" branch-rate="1.0">
							<lines>
								<line number="1087" hits="1" branch="false"/>
							</lines>
						</method>
					</methods>
					<lines>
						<line number="1087" hits="1" branch="false"/>
					</lines>
				</class>
			</classes>
		</package>
	</packages>
</coverage>
