<?xml version="1.0"?>
<!DOCTYPE coverage SYSTEM "http://cobertura.sourceforge.net/xml/coverage-04.dtd">

<coverage line-rate="0.905511811023622" branch-rate="0.8275862068965517" lines-covered="115" lines-valid="127" branches-covered="48" branches-valid="58" complexity="2.25" version="2.0.3" timestamp="1747476434077">
	<sources>
		<source>src/main/java</source>
	</sources>
	<packages>
		<package name="org.apache.commons.math3.ode" line-rate="0.905511811023622" branch-rate="0.8275862068965517" complexity="2.25">
			<classes>
				<class name="org.apache.commons.math3.ode.AbstractIntegrator" filename="org/apache/commons/math3/ode/AbstractIntegrator.java" line-rate="0.904" branch-rate="0.8275862068965517" complexity="2.25">
					<methods>
						<method name="&lt;init&gt;" signature="()V" line-rate="0.0" branch-rate="1.0">
							<lines>
								<line number="99" hits="0" branch="false"/>
								<line number="100" hits="0" branch="false"/>
							</lines>
						</method>
						<method name="&lt;init&gt;" signature="(Ljava/lang/String;)V" line-rate="1.0" branch-rate="1.0">
							<lines>
								<line number="84" hits="15" branch="false"/>
								<line number="85" hits="15" branch="false"/>
								<line number="86" hits="15" branch="false"/>
								<line number="87" hits="15" branch="false"/>
								<line number="88" hits="15" branch="false"/>
								<line number="89" hits="15" branch="false"/>
								<line number="90" hits="15" branch="false"/>
								<line number="91" hits="15" branch="false"/>
								<line number="92" hits="15" branch="false"/>
								<line number="93" hits="15" branch="false"/>
								<line number="94" hits="15" branch="false"/>
							</lines>
						</method>
						<method name="acceptStep" signature="(Lorg/apache/commons/math3/ode/sampling/AbstractStepInterpolator;[D[DD)D" line-rate="0.8793103448275862" branch-rate="0.7954545454545454">
							<lines>
								<line number="300" hits="1489" branch="false"/>
								<line number="301" hits="1489" branch="false"/>
								<line number="304" hits="1489" branch="true" condition-coverage="100% (2/2)">
									<conditions>
										<condition number="0" type="jump" coverage="100%"/>
									</conditions>
								</line>
								<line number="305" hits="4" branch="true" condition-coverage="100% (2/2)">
									<conditions>
										<condition number="0" type="jump" coverage="100%"/>
									</conditions>
								</line>
								<line number="306" hits="2" branch="false"/>
								<line number="307" hits="2" branch="false"/>
								<line number="308" hits="4" branch="false"/>
								<line number="312" hits="1489" branch="true" condition-coverage="100% (2/2)">
									<conditions>
										<condition number="0" type="jump" coverage="100%"/>
									</conditions>
								</line>
								<line number="313" hits="1489" branch="false"/>
								<line number="322" hits="1489" branch="true" condition-coverage="100% (2/2)">
									<conditions>
										<condition number="0" type="jump" coverage="100%"/>
									</conditions>
								</line>
								<line number="323" hits="233" branch="true" condition-coverage="100% (2/2)">
									<conditions>
										<condition number="0" type="jump" coverage="100%"/>
									</conditions>
								</line>
								<line number="325" hits="1" branch="false"/>
								<line number="327" hits="233" branch="false"/>
								<line number="329" hits="1490" branch="true" condition-coverage="100% (2/2)">
									<conditions>
										<condition number="0" type="jump" coverage="100%"/>
									</conditions>
								</line>
								<line number="332" hits="1" branch="false"/>
								<line number="333" hits="1" branch="false"/>
								<line number="334" hits="1" branch="false"/>
								<line number="337" hits="1" branch="false"/>
								<line number="338" hits="1" branch="false"/>
								<line number="339" hits="1" branch="false"/>
								<line number="342" hits="1" branch="false"/>
								<line number="343" hits="1" branch="false"/>
								<line number="346" hits="1" branch="true" condition-coverage="100% (2/2)">
									<conditions>
										<condition number="0" type="jump" coverage="100%"/>
									</conditions>
								</line>
								<line number="347" hits="1" branch="false"/>
								<line number="348" hits="1" branch="true" condition-coverage="50% (2/4)">
									<conditions>
										<condition number="0" type="jump" coverage="50%"/>
										<condition number="1" type="jump" coverage="50%"/>
									</conditions>
								</line>
								<line number="349" hits="1" branch="false"/>
								<line number="352" hits="1" branch="true" condition-coverage="100% (2/2)">
									<conditions>
										<condition number="0" type="jump" coverage="100%"/>
									</conditions>
								</line>
								<line number="353" hits="1" branch="false"/>
								<line number="354" hits="1" branch="false"/>
								<line number="356" hits="1" branch="true" condition-coverage="50% (1/2)">
									<conditions>
										<condition number="0" type="jump" coverage="50%"/>
									</conditions>
								</line>
								<line number="358" hits="0" branch="false"/>
								<line number="359" hits="0" branch="false"/>
								<line number="362" hits="1" branch="false"/>
								<line number="363" hits="1" branch="true" condition-coverage="100% (2/2)">
									<conditions>
										<condition number="0" type="jump" coverage="100%"/>
									</conditions>
								</line>
								<line number="364" hits="1" branch="true" condition-coverage="50% (2/4)">
									<conditions>
										<condition number="0" type="jump" coverage="50%"/>
										<condition number="1" type="jump" coverage="50%"/>
									</conditions>
								</line>
								<line number="365" hits="1" branch="false"/>
								<line number="366" hits="1" branch="true" condition-coverage="50% (1/2)">
									<conditions>
										<condition number="0" type="jump" coverage="50%"/>
									</conditions>
								</line>
								<line number="369" hits="0" branch="false"/>
								<line number="370" hits="0" branch="false"/>
								<line number="371" hits="0" branch="false"/>
								<line number="372" hits="0" branch="false"/>
								<line number="376" hits="1" branch="false"/>
								<line number="377" hits="1" branch="false"/>
								<line number="378" hits="1" branch="false"/>
								<line number="381" hits="1" branch="true" condition-coverage="50% (1/2)">
									<conditions>
										<condition number="0" type="jump" coverage="50%"/>
									</conditions>
								</line>
								<line number="383" hits="0" branch="false"/>
								<line number="386" hits="1" branch="false"/>
								<line number="389" hits="1489" branch="false"/>
								<line number="390" hits="1489" branch="false"/>
								<line number="391" hits="1489" branch="true" condition-coverage="100% (2/2)">
									<conditions>
										<condition number="0" type="jump" coverage="100%"/>
									</conditions>
								</line>
								<line number="392" hits="233" branch="false"/>
								<line number="393" hits="233" branch="true" condition-coverage="75% (3/4)">
									<conditions>
										<condition number="0" type="jump" coverage="100%"/>
										<condition number="1" type="jump" coverage="50%"/>
									</conditions>
								</line>
								<line number="394" hits="233" branch="false"/>
								<line number="395" hits="1489" branch="true" condition-coverage="75% (3/4)">
									<conditions>
										<condition number="0" type="jump" coverage="100%"/>
										<condition number="1" type="jump" coverage="50%"/>
									</conditions>
								</line>
								<line number="398" hits="1489" branch="true" condition-coverage="100% (2/2)">
									<conditions>
										<condition number="0" type="jump" coverage="100%"/>
									</conditions>
								</line>
								<line number="399" hits="239" branch="false"/>
								<line number="400" hits="238" branch="false"/>
								<line number="402" hits="1488" branch="false"/>
							</lines>
						</method>
						<method name="addEventHandler" signature="(Lorg/apache/commons/math3/ode/events/EventHandler;DDI)V" line-rate="1.0" branch-rate="1.0">
							<lines>
								<line number="127" hits="3" branch="false"/>
								<line number="130" hits="3" branch="false"/>
							</lines>
						</method>
						<method name="addEventHandler" signature="(Lorg/apache/commons/math3/ode/events/EventHandler;DDILorg/apache/commons/math3/analysis/solvers/UnivariateSolver;)V" line-rate="1.0" branch-rate="1.0">
							<lines>
								<line number="138" hits="3" branch="false"/>
								<line number="140" hits="3" branch="false"/>
							</lines>
						</method>
						<method name="addStepHandler" signature="(Lorg/apache/commons/math3/ode/sampling/StepHandler;)V" line-rate="1.0" branch-rate="1.0">
							<lines>
								<line number="109" hits="2" branch="false"/>
								<line number="110" hits="2" branch="false"/>
							</lines>
						</method>
						<method name="clearEventHandlers" signature="()V" line-rate="1.0" branch-rate="1.0">
							<lines>
								<line number="153" hits="1" branch="false"/>
								<line number="154" hits="1" branch="false"/>
							</lines>
						</method>
						<method name="clearStepHandlers" signature="()V" line-rate="1.0" branch-rate="1.0">
							<lines>
								<line number="119" hits="1" branch="false"/>
								<line number="120" hits="1" branch="false"/>
							</lines>
						</method>
						<method name="computeDerivatives" signature="(D[D[D)V" line-rate="1.0" branch-rate="1.0">
							<lines>
								<line number="268" hits="12165" branch="false"/>
								<line number="269" hits="12165" branch="false"/>
								<line number="270" hits="12164" branch="false"/>
							</lines>
						</method>
						<method name="getCurrentSignedStepsize" signature="()D" line-rate="1.0" branch-rate="1.0">
							<lines>
								<line number="163" hits="3" branch="false"/>
							</lines>
						</method>
						<method name="getCurrentStepStart" signature="()D" line-rate="1.0" branch-rate="1.0">
							<lines>
								<line number="158" hits="2" branch="false"/>
							</lines>
						</method>
						<method name="getEvaluations" signature="()I" line-rate="1.0" branch-rate="1.0">
							<lines>
								<line number="178" hits="1" branch="false"/>
							</lines>
						</method>
						<method name="getEventHandlers" signature="()Ljava/util/Collection;" line-rate="1.0" branch-rate="1.0">
							<lines>
								<line number="144" hits="1" branch="false"/>
								<line number="145" hits="1" branch="true" condition-coverage="100% (2/2)">
									<conditions>
										<condition number="0" type="jump" coverage="100%"/>
									</conditions>
								</line>
								<line number="146" hits="1" branch="false"/>
								<line number="147" hits="1" branch="false"/>
								<line number="148" hits="1" branch="false"/>
							</lines>
						</method>
						<method name="getMaxEvaluations" signature="()I" line-rate="1.0" branch-rate="1.0">
							<lines>
								<line number="173" hits="1" branch="false"/>
							</lines>
						</method>
						<method name="getName" signature="()Ljava/lang/String;" line-rate="1.0" branch-rate="1.0">
							<lines>
								<line number="104" hits="2" branch="false"/>
							</lines>
						</method>
						<method name="getStepHandlers" signature="()Ljava/util/Collection;" line-rate="1.0" branch-rate="1.0">
							<lines>
								<line number="114" hits="1" branch="false"/>
							</lines>
						</method>
						<method name="initIntegration" signature="(D[DD)V" line-rate="1.0" branch-rate="1.0">
							<lines>
								<line number="188" hits="5" branch="false"/>
								<line number="190" hits="5" branch="true" condition-coverage="100% (2/2)">
									<conditions>
										<condition number="0" type="jump" coverage="100%"/>
									</conditions>
								</line>
								<line number="191" hits="2" branch="false"/>
								<line number="192" hits="2" branch="false"/>
								<line number="194" hits="5" branch="true" condition-coverage="100% (2/2)">
									<conditions>
										<condition number="0" type="jump" coverage="100%"/>
									</conditions>
								</line>
								<line number="195" hits="2" branch="false"/>
								<line number="196" hits="2" branch="false"/>
								<line number="198" hits="5" branch="false"/>
								<line number="200" hits="5" branch="false"/>
							</lines>
						</method>
						<method name="integrate" signature="(Lorg/apache/commons/math3/ode/FirstOrderDifferentialEquations;D[DD[D)D" line-rate="0.8" branch-rate="1.0">
							<lines>
								<line number="215" hits="4" branch="true" condition-coverage="100% (2/2)">
									<conditions>
										<condition number="0" type="jump" coverage="100%"/>
									</conditions>
								</line>
								<line number="216" hits="1" branch="false"/>
								<line number="218" hits="3" branch="true" condition-coverage="100% (2/2)">
									<conditions>
										<condition number="0" type="jump" coverage="100%"/>
									</conditions>
								</line>
								<line number="219" hits="1" branch="false"/>
								<line number="223" hits="2" branch="false"/>
								<line number="224" hits="2" branch="false"/>
								<line number="225" hits="2" branch="false"/>
								<line number="228" hits="2" branch="false"/>
								<line number="231" hits="0" branch="false"/>
								<line number="232" hits="0" branch="false"/>
							</lines>
						</method>
						<method name="sanityChecks" signature="(Lorg/apache/commons/math3/ode/ExpandableStatefulODE;D)V" line-rate="0.8" branch-rate="0.5">
							<lines>
								<line number="416" hits="5" branch="false"/>
								<line number="418" hits="5" branch="false"/>
								<line number="419" hits="5" branch="true" condition-coverage="50% (1/2)">
									<conditions>
										<condition number="0" type="jump" coverage="50%"/>
									</conditions>
								</line>
								<line number="420" hits="0" branch="false"/>
								<line number="424" hits="5" branch="false"/>
							</lines>
						</method>
						<method name="setEquations" signature="(Lorg/apache/commons/math3/ode/ExpandableStatefulODE;)V" line-rate="1.0" branch-rate="1.0">
							<lines>
								<line number="206" hits="5" branch="false"/>
								<line number="207" hits="5" branch="false"/>
							</lines>
						</method>
						<method name="setMaxEvaluations" signature="(I)V" line-rate="1.0" branch-rate="1.0">
							<lines>
								<line number="168" hits="16" branch="true" condition-coverage="100% (2/2)">
									<conditions>
										<condition number="0" type="jump" coverage="100%"/>
									</conditions>
								</line>
								<line number="169" hits="16" branch="false"/>
							</lines>
						</method>
						<method name="setStateInitialized" signature="(Z)V" line-rate="1.0" branch-rate="1.0">
							<lines>
								<line number="280" hits="5" branch="false"/>
								<line number="281" hits="5" branch="false"/>
							</lines>
						</method>
					</methods>
					<lines>
						<line number="84" hits="15" branch="false"/>
						<line number="85" hits="15" branch="false"/>
						<line number="86" hits="15" branch="false"/>
						<line number="87" hits="15" branch="false"/>
						<line number="88" hits="15" branch="false"/>
						<line number="89" hits="15" branch="false"/>
						<line number="90" hits="15" branch="false"/>
						<line number="91" hits="15" branch="false"/>
						<line number="92" hits="15" branch="false"/>
						<line number="93" hits="15" branch="false"/>
						<line number="94" hits="15" branch="false"/>
						<line number="99" hits="0" branch="false"/>
						<line number="100" hits="0" branch="false"/>
						<line number="104" hits="2" branch="false"/>
						<line number="109" hits="2" branch="false"/>
						<line number="110" hits="2" branch="false"/>
						<line number="114" hits="1" branch="false"/>
						<line number="119" hits="1" branch="false"/>
						<line number="120" hits="1" branch="false"/>
						<line number="127" hits="3" branch="false"/>
						<line number="130" hits="3" branch="false"/>
						<line number="138" hits="3" branch="false"/>
						<line number="140" hits="3" branch="false"/>
						<line number="144" hits="1" branch="false"/>
						<line number="145" hits="1" branch="true" condition-coverage="100% (2/2)">
							<conditions>
								<condition number="0" type="jump" coverage="100%"/>
							</conditions>
						</line>
						<line number="146" hits="1" branch="false"/>
						<line number="147" hits="1" branch="false"/>
						<line number="148" hits="1" branch="false"/>
						<line number="153" hits="1" branch="false"/>
						<line number="154" hits="1" branch="false"/>
						<line number="158" hits="2" branch="false"/>
						<line number="163" hits="3" branch="false"/>
						<line number="168" hits="16" branch="true" condition-coverage="100% (2/2)">
							<conditions>
								<condition number="0" type="jump" coverage="100%"/>
							</conditions>
						</line>
						<line number="169" hits="16" branch="false"/>
						<line number="173" hits="1" branch="false"/>
						<line number="178" hits="1" branch="false"/>
						<line number="188" hits="5" branch="false"/>
						<line number="190" hits="5" branch="true" condition-coverage="100% (2/2)">
							<conditions>
								<condition number="0" type="jump" coverage="100%"/>
							</conditions>
						</line>
						<line number="191" hits="2" branch="false"/>
						<line number="192" hits="2" branch="false"/>
						<line number="194" hits="5" branch="true" condition-coverage="100% (2/2)">
							<conditions>
								<condition number="0" type="jump" coverage="100%"/>
							</conditions>
						</line>
						<line number="195" hits="2" branch="false"/>
						<line number="196" hits="2" branch="false"/>
						<line number="198" hits="5" branch="false"/>
						<line number="200" hits="5" branch="false"/>
						<line number="206" hits="5" branch="false"/>
						<line number="207" hits="5" branch="false"/>
						<line number="215" hits="4" branch="true" condition-coverage="100% (2/2)">
							<conditions>
								<condition number="0" type="jump" coverage="100%"/>
							</conditions>
						</line>
						<line number="216" hits="1" branch="false"/>
						<line number="218" hits="3" branch="true" condition-coverage="100% (2/2)">
							<conditions>
								<condition number="0" type="jump" coverage="100%"/>
							</conditions>
						</line>
						<line number="219" hits="1" branch="false"/>
						<line number="223" hits="2" branch="false"/>
						<line number="224" hits="2" branch="false"/>
						<line number="225" hits="2" branch="false"/>
						<line number="228" hits="2" branch="false"/>
						<line number="231" hits="0" branch="false"/>
						<line number="232" hits="0" branch="false"/>
						<line number="268" hits="12165" branch="false"/>
						<line number="269" hits="12165" branch="false"/>
						<line number="270" hits="12164" branch="false"/>
						<line number="280" hits="5" branch="false"/>
						<line number="281" hits="5" branch="false"/>
						<line number="300" hits="1489" branch="false"/>
						<line number="301" hits="1489" branch="false"/>
						<line number="304" hits="1489" branch="true" condition-coverage="100% (2/2)">
							<conditions>
								<condition number="0" type="jump" coverage="100%"/>
							</conditions>
						</line>
						<line number="305" hits="4" branch="true" condition-coverage="100% (2/2)">
							<conditions>
								<condition number="0" type="jump" coverage="100%"/>
							</conditions>
						</line>
						<line number="306" hits="2" branch="false"/>
						<line number="307" hits="2" branch="false"/>
						<line number="308" hits="4" branch="false"/>
						<line number="312" hits="1489" branch="true" condition-coverage="100% (2/2)">
							<conditions>
								<condition number="0" type="jump" coverage="100%"/>
							</conditions>
						</line>
						<line number="313" hits="1489" branch="false"/>
						<line number="322" hits="1489" branch="true" condition-coverage="100% (2/2)">
							<conditions>
								<condition number="0" type="jump" coverage="100%"/>
							</conditions>
						</line>
						<line number="323" hits="233" branch="true" condition-coverage="100% (2/2)">
							<conditions>
								<condition number="0" type="jump" coverage="100%"/>
							</conditions>
						</line>
						<line number="325" hits="1" branch="false"/>
						<line number="327" hits="233" branch="false"/>
						<line number="329" hits="1490" branch="true" condition-coverage="100% (2/2)">
							<conditions>
								<condition number="0" type="jump" coverage="100%"/>
							</conditions>
						</line>
						<line number="332" hits="1" branch="false"/>
						<line number="333" hits="1" branch="false"/>
						<line number="334" hits="1" branch="false"/>
						<line number="337" hits="1" branch="false"/>
						<line number="338" hits="1" branch="false"/>
						<line number="339" hits="1" branch="false"/>
						<line number="342" hits="1" branch="false"/>
						<line number="343" hits="1" branch="false"/>
						<line number="346" hits="1" branch="true" condition-coverage="100% (2/2)">
							<conditions>
								<condition number="0" type="jump" coverage="100%"/>
							</conditions>
						</line>
						<line number="347" hits="1" branch="false"/>
						<line number="348" hits="1" branch="true" condition-coverage="50% (2/4)">
							<conditions>
								<condition number="0" type="jump" coverage="50%"/>
								<condition number="1" type="jump" coverage="50%"/>
							</conditions>
						</line>
						<line number="349" hits="1" branch="false"/>
						<line number="352" hits="1" branch="true" condition-coverage="100% (2/2)">
							<conditions>
								<condition number="0" type="jump" coverage="100%"/>
							</conditions>
						</line>
						<line number="353" hits="1" branch="false"/>
						<line number="354" hits="1" branch="false"/>
						<line number="356" hits="1" branch="true" condition-coverage="50% (1/2)">
							<conditions>
								<condition number="0" type="jump" coverage="50%"/>
							</conditions>
						</line>
						<line number="358" hits="0" branch="false"/>
						<line number="359" hits="0" branch="false"/>
						<line number="362" hits="1" branch="false"/>
						<line number="363" hits="1" branch="true" condition-coverage="100% (2/2)">
							<conditions>
								<condition number="0" type="jump" coverage="100%"/>
							</conditions>
						</line>
						<line number="364" hits="1" branch="true" condition-coverage="50% (2/4)">
							<conditions>
								<condition number="0" type="jump" coverage="50%"/>
								<condition number="1" type="jump" coverage="50%"/>
							</conditions>
						</line>
						<line number="365" hits="1" branch="false"/>
						<line number="366" hits="1" branch="true" condition-coverage="50% (1/2)">
							<conditions>
								<condition number="0" type="jump" coverage="50%"/>
							</conditions>
						</line>
						<line number="369" hits="0" branch="false"/>
						<line number="370" hits="0" branch="false"/>
						<line number="371" hits="0" branch="false"/>
						<line number="372" hits="0" branch="false"/>
						<line number="376" hits="1" branch="false"/>
						<line number="377" hits="1" branch="false"/>
						<line number="378" hits="1" branch="false"/>
						<line number="381" hits="1" branch="true" condition-coverage="50% (1/2)">
							<conditions>
								<condition number="0" type="jump" coverage="50%"/>
							</conditions>
						</line>
						<line number="383" hits="0" branch="false"/>
						<line number="386" hits="1" branch="false"/>
						<line number="389" hits="1489" branch="false"/>
						<line number="390" hits="1489" branch="false"/>
						<line number="391" hits="1489" branch="true" condition-coverage="100% (2/2)">
							<conditions>
								<condition number="0" type="jump" coverage="100%"/>
							</conditions>
						</line>
						<line number="392" hits="233" branch="false"/>
						<line number="393" hits="233" branch="true" condition-coverage="75% (3/4)">
							<conditions>
								<condition number="0" type="jump" coverage="100%"/>
								<condition number="1" type="jump" coverage="50%"/>
							</conditions>
						</line>
						<line number="394" hits="233" branch="false"/>
						<line number="395" hits="1489" branch="true" condition-coverage="75% (3/4)">
							<conditions>
								<condition number="0" type="jump" coverage="100%"/>
								<condition number="1" type="jump" coverage="50%"/>
							</conditions>
						</line>
						<line number="398" hits="1489" branch="true" condition-coverage="100% (2/2)">
							<conditions>
								<condition number="0" type="jump" coverage="100%"/>
							</conditions>
						</line>
						<line number="399" hits="239" branch="false"/>
						<line number="400" hits="238" branch="false"/>
						<line number="402" hits="1488" branch="false"/>
						<line number="416" hits="5" branch="false"/>
						<line number="418" hits="5" branch="false"/>
						<line number="419" hits="5" branch="true" condition-coverage="50% (1/2)">
							<conditions>
								<condition number="0" type="jump" coverage="50%"/>
							</conditions>
						</line>
						<line number="420" hits="0" branch="false"/>
						<line number="424" hits="5" branch="false"/>
					</lines>
				</class>
				<class name="org.apache.commons.math3.ode.AbstractIntegrator$1" filename="org/apache/commons/math3/ode/AbstractIntegrator.java" line-rate="1.0" branch-rate="1.0" complexity="2.25">
					<methods>
						<method name="&lt;init&gt;" signature="(Lorg/apache/commons/math3/ode/AbstractIntegrator;I)V" line-rate="1.0" branch-rate="1.0">
							<lines>
							</lines>
						</method>
						<method name="compare" signature="(Ljava/lang/Object;Ljava/lang/Object;)I" line-rate="1.0" branch-rate="1.0">
							<lines>
								<line number="313" hits="1490" branch="false"/>
							</lines>
						</method>
						<method name="compare" signature="(Lorg/apache/commons/math3/ode/events/EventState;Lorg/apache/commons/math3/ode/events/EventState;)I" line-rate="1.0" branch-rate="1.0">
							<lines>
								<line number="317" hits="1" branch="false"/>
							</lines>
						</method>
					</methods>
					<lines>
						<line number="313" hits="1490" branch="false"/>
						<line number="317" hits="1" branch="false"/>
					</lines>
				</class>
			</classes>
		</package>
	</packages>
</coverage>
